<?xml version="1.0" encoding="UTF-8"?>
<robot generator="Robot 7.0.1 (Python 3.8.7 on win32)" generated="2025-05-23T13:50:04.142100" rpa="false" schemaversion="5">
<suite id="s1" name="TC 1-01 001" source="D:\AML_Project\TestCase\AMLO\ปปง1-01\TC_1-01_001.robot">
<test id="s1-t1" name="1.open web IBank &amp; Login" line="35">
<kw name="Enteropen web IBank &amp; Login" owner="main_keywords">
<kw name="Open Browser" owner="SeleniumLibrary">
<msg time="2025-05-23T13:50:04.920844" level="INFO">Opening browser 'chrome' to base url 'https://uat.aml.ibank.co.th'.</msg>
<arg>${URL:IBank}</arg>
<arg>${Browser}</arg>
<arg>options=add_argument("--ignore-certificate-errors")</arg>
<doc>Opens a new browser instance to the optional ``url``.</doc>
<status status="PASS" start="2025-05-23T13:50:04.920844" elapsed="7.503064"/>
</kw>
<kw name="Maximize Browser Window" owner="SeleniumLibrary">
<doc>Maximizes current browser window.</doc>
<status status="PASS" start="2025-05-23T13:50:12.423908" elapsed="0.038399"/>
</kw>
<kw name="Set Selenium Speed" owner="SeleniumLibrary">
<arg>0.5s</arg>
<doc>Sets the delay that is waited after each Selenium command.</doc>
<status status="PASS" start="2025-05-23T13:50:12.462307" elapsed="0.000000"/>
</kw>
<kw name="Wait Until Element Is Visible" owner="SeleniumLibrary">
<arg>xpath=//input[contains(@class, 'inputLogin')]</arg>
<arg>5s</arg>
<doc>Waits until the element ``locator`` is visible.</doc>
<status status="PASS" start="2025-05-23T13:50:12.469993" elapsed="1.789977"/>
</kw>
<kw name="Input Text" owner="SeleniumLibrary">
<msg time="2025-05-23T13:50:14.259970" level="INFO">Typing text '630051' into text field 'xpath=//input[contains(@class, 'inputLogin')]'.</msg>
<arg>xpath=//input[contains(@class, 'inputLogin')]</arg>
<arg>${ID:พนักงาน}</arg>
<doc>Types the given ``text`` into the text field identified by ``locator``.</doc>
<status status="PASS" start="2025-05-23T13:50:14.259970" elapsed="1.752502"/>
</kw>
<kw name="Input Password" owner="SeleniumLibrary">
<msg time="2025-05-23T13:50:16.013852" level="INFO">Typing password into text field 'xpath=//input[contains(@class, 'inputLogin') and @type='password']'.</msg>
<msg time="2025-05-23T13:50:17.104377" level="INFO">Temporally setting log level to: NONE</msg>
<arg>xpath=//input[contains(@class, 'inputLogin') and @type='password']</arg>
<arg>${password:พนักงาน}</arg>
<doc>Types the given password into the text field identified by ``locator``.</doc>
<status status="PASS" start="2025-05-23T13:50:16.013060" elapsed="1.664431"/>
</kw>
<kw name="Click Element" owner="SeleniumLibrary">
<msg time="2025-05-23T13:50:17.677491" level="INFO">Clicking element '//button[contains(@class, 'mat-raised-button')]'.</msg>
<arg>//button[contains(@class, 'mat-raised-button')]</arg>
<doc>Click the element identified by ``locator``.</doc>
<status status="PASS" start="2025-05-23T13:50:17.677491" elapsed="1.213854"/>
</kw>
<status status="PASS" start="2025-05-23T13:50:04.920844" elapsed="13.970501"/>
</kw>
<kw name="Run Keyword And Ignore Error" owner="BuiltIn">
<kw name="ยืนยันการเข้าระบบ" owner="main_keywords">
<kw name="Click Element" owner="SeleniumLibrary">
<msg time="2025-05-23T13:50:18.891345" level="INFO">Clicking element '//button[contains(@class, 'mat-raised-button')]//i[contains(@class, 'fa-check')]'.</msg>
<arg>//button[contains(@class, 'mat-raised-button')]//i[contains(@class, 'fa-check')]</arg>
<doc>Click the element identified by ``locator``.</doc>
<status status="PASS" start="2025-05-23T13:50:18.891345" elapsed="1.182231"/>
</kw>
<status status="PASS" start="2025-05-23T13:50:18.891345" elapsed="1.182231"/>
</kw>
<arg>ยืนยันการเข้าระบบ</arg>
<doc>Runs the given keyword with the given arguments and ignores possible error.</doc>
<status status="PASS" start="2025-05-23T13:50:18.891345" elapsed="1.183295"/>
</kw>
<kw name="Run Keyword And Ignore Error" owner="BuiltIn">
<kw name="ยืนยันการข้าม Pop-up" owner="main_keywords">
<kw name="Wait Until Element Is Visible" owner="SeleniumLibrary">
<arg>xpath=//button[.//span[normalize-space(text())='Close']]</arg>
<arg>timeout=5s</arg>
<doc>Waits until the element ``locator`` is visible.</doc>
<status status="PASS" start="2025-05-23T13:50:20.074640" elapsed="1.055683"/>
</kw>
<kw name="Click Element" owner="SeleniumLibrary">
<msg time="2025-05-23T13:50:21.130904" level="INFO">Clicking element 'xpath=//button[.//span[normalize-space(text())='Close']]'.</msg>
<arg>xpath=//button[.//span[normalize-space(text())='Close']]</arg>
<doc>Click the element identified by ``locator``.</doc>
<status status="PASS" start="2025-05-23T13:50:21.130904" elapsed="1.161660"/>
</kw>
<status status="PASS" start="2025-05-23T13:50:20.074640" elapsed="2.217924"/>
</kw>
<arg>ยืนยันการข้าม Pop-up</arg>
<doc>Runs the given keyword with the given arguments and ignores possible error.</doc>
<status status="PASS" start="2025-05-23T13:50:20.074640" elapsed="2.217924"/>
</kw>
<doc>ทดสอบการยื่นคำร้อง manual ของ ปปง.1-01 กรณี ยื่นคำร้องเอง</doc>
<status status="PASS" start="2025-05-23T13:50:04.920844" elapsed="17.372720"/>
</test>
<test id="s1-t2" name="2.เลือก AML &amp; ยื่นคำร้อง" line="40">
<kw name="เมนู AML ยื่นคำร้องManual" owner="AMLO Variables">
<kw name="Click Element" owner="SeleniumLibrary">
<msg time="2025-05-23T13:50:22.293564" level="INFO">Clicking element 'xpath=//a[contains(@class, 'sidebar-link') and .//div[contains(text(), 'AML')]]'.</msg>
<arg>${AML-ไทย}</arg>
<doc>Click the element identified by ``locator``.</doc>
<status status="PASS" start="2025-05-23T13:50:22.293564" elapsed="1.195419"/>
</kw>
<kw name="Click Element" owner="SeleniumLibrary">
<msg time="2025-05-23T13:50:23.488983" level="INFO">Clicking element 'xpath=//a[contains(@class, 'mat-list-item') and contains(., 'ยื่นคำร้อง Manual')]'.</msg>
<arg>${ยื่นคำร้องManual}</arg>
<doc>Click the element identified by ``locator``.</doc>
<status status="PASS" start="2025-05-23T13:50:23.488983" elapsed="1.233461"/>
</kw>
<status status="PASS" start="2025-05-23T13:50:22.293564" elapsed="2.428880"/>
</kw>
<status status="PASS" start="2025-05-23T13:50:22.293564" elapsed="2.428880"/>
</test>
<test id="s1-t3" name="3.เลือกรายการ_ปปง1-01" line="45">
<kw name="เลือกรายการ_ปปง1-01" owner="keywords_Testcase_1-01">
<kw name="Click Element" owner="SeleniumLibrary">
<msg time="2025-05-23T13:50:24.731151" level="INFO">Clicking element 'xpath=//mat-select[@aria-labelledby='mat-select-value-1']'.</msg>
<arg>${ประเภทรายงาน}</arg>
<doc>Click the element identified by ``locator``.</doc>
<status status="PASS" start="2025-05-23T13:50:24.731151" elapsed="1.481880"/>
</kw>
<kw name="Click Element" owner="SeleniumLibrary">
<msg time="2025-05-23T13:50:26.213031" level="INFO">Clicking element 'xpath=//mat-option[@ng-reflect-value='1-01']'.</msg>
<arg>${ปปง.1-01}</arg>
<doc>Click the element identified by ``locator``.</doc>
<status status="PASS" start="2025-05-23T13:50:26.213031" elapsed="1.164184"/>
</kw>
<status status="PASS" start="2025-05-23T13:50:24.729402" elapsed="2.647813"/>
</kw>
<status status="PASS" start="2025-05-23T13:50:24.722444" elapsed="2.655765"/>
</test>
<test id="s1-t4" name="4.รายงานล่าช้า &amp; ไม่ใช่ลูกค้าธนาคาร" line="49">
<kw name="ยื่นคำร้องรายงานล่าช้า &amp; ไม่ใช่ลูกค้าธนาคาร" owner="keywords_Testcase_1-01">
<kw name="Click Element" owner="SeleniumLibrary">
<msg time="2025-05-23T13:50:27.413974" level="INFO">Clicking element 'xpath=//mat-radio-button[@ng-reflect-value='01']'.</msg>
<arg>${รายงานเนื่องจาก_รายงานตัวช้า}</arg>
<doc>Click the element identified by ``locator``.</doc>
<status status="PASS" start="2025-05-23T13:50:27.413974" elapsed="1.184140"/>
</kw>
<kw name="Click Element" owner="SeleniumLibrary">
<msg time="2025-05-23T13:50:28.598114" level="INFO">Clicking element 'xpath=//mat-radio-button[@ng-reflect-value="NOT_CUSTOMER"]'.</msg>
<arg>${ค้าหาข้อมูลจากลูกค้าด้วย_บัตรประจำตัว_ไม่ใช้ลูกค้าธนาคาร}</arg>
<doc>Click the element identified by ``locator``.</doc>
<status status="PASS" start="2025-05-23T13:50:28.598114" elapsed="1.183825"/>
</kw>
<kw name="Click Element" owner="SeleniumLibrary">
<msg time="2025-05-23T13:50:29.781939" level="INFO">Clicking element 'xpath=//button[@mat-raised-button]'.</msg>
<arg>${ยื่นคำร้องManual_ถัดไป}</arg>
<doc>Click the element identified by ``locator``.</doc>
<status status="PASS" start="2025-05-23T13:50:29.781939" elapsed="1.462492"/>
</kw>
<status status="PASS" start="2025-05-23T13:50:27.413974" elapsed="3.830457"/>
</kw>
<status status="PASS" start="2025-05-23T13:50:27.385724" elapsed="3.861715"/>
</test>
<test id="s1-t5" name="5.ส่วนที่1" line="53">
<kw name="เรียกเลขบัตร" owner="AMLO Variables">
<kw name="สุ่มเลขบัตร13หลัก" owner="AMLO Variables">
<kw name="Evaluate" owner="BuiltIn">
<msg time="2025-05-23T13:50:31.247439" level="INFO">${random_number} = 2755940841162</msg>
<var>${random_number}</var>
<arg>random.randint(${MIN}, ${MAX})</arg>
<arg>modules=random</arg>
<doc>Evaluates the given expression in Python and returns the result.</doc>
<status status="PASS" start="2025-05-23T13:50:31.247439" elapsed="0.000000"/>
</kw>
<kw name="Set Suite Variable" owner="BuiltIn">
<msg time="2025-05-23T13:50:31.247439" level="INFO">${random_number} = 2755940841162</msg>
<arg>${random_number}</arg>
<arg>${random_number}</arg>
<doc>Makes a variable available everywhere within the scope of the current suite.</doc>
<status status="PASS" start="2025-05-23T13:50:31.247439" elapsed="0.000000"/>
</kw>
<return>
<value>${random_number}</value>
<status status="PASS" start="2025-05-23T13:50:31.247439" elapsed="0.000000"/>
</return>
<status status="PASS" start="2025-05-23T13:50:31.247439" elapsed="0.000000"/>
</kw>
<kw name="ใช้งานเลขบัตร" owner="AMLO Variables">
<kw name="สุ่มเลขบัตร13หลัก" owner="AMLO Variables">
<kw name="Evaluate" owner="BuiltIn">
<msg time="2025-05-23T13:50:31.247439" level="INFO">${random_number} = 9667156400114</msg>
<var>${random_number}</var>
<arg>random.randint(${MIN}, ${MAX})</arg>
<arg>modules=random</arg>
<doc>Evaluates the given expression in Python and returns the result.</doc>
<status status="PASS" start="2025-05-23T13:50:31.247439" elapsed="0.000000"/>
</kw>
<kw name="Set Suite Variable" owner="BuiltIn">
<msg time="2025-05-23T13:50:31.247439" level="INFO">${random_number} = 9667156400114</msg>
<arg>${random_number}</arg>
<arg>${random_number}</arg>
<doc>Makes a variable available everywhere within the scope of the current suite.</doc>
<status status="PASS" start="2025-05-23T13:50:31.247439" elapsed="0.000000"/>
</kw>
<return>
<value>${random_number}</value>
<status status="PASS" start="2025-05-23T13:50:31.247439" elapsed="0.000000"/>
</return>
<msg time="2025-05-23T13:50:31.260464" level="INFO">${เลขที่บัตร} = 9667156400114</msg>
<var>${เลขที่บัตร}</var>
<status status="PASS" start="2025-05-23T13:50:31.247439" elapsed="0.013025"/>
</kw>
<kw name="Set Suite Variable" owner="BuiltIn">
<msg time="2025-05-23T13:50:31.262268" level="INFO">${เลขที่บัตร} = 9667156400114</msg>
<arg>${เลขที่บัตร}</arg>
<arg>${เลขที่บัตร}</arg>
<doc>Makes a variable available everywhere within the scope of the current suite.</doc>
<status status="PASS" start="2025-05-23T13:50:31.260464" elapsed="0.001804"/>
</kw>
<return>
<value>${เลขที่บัตร}</value>
<status status="PASS" start="2025-05-23T13:50:31.262268" elapsed="0.000000"/>
</return>
<status status="PASS" start="2025-05-23T13:50:31.247439" elapsed="0.015627"/>
</kw>
<status status="PASS" start="2025-05-23T13:50:31.247439" elapsed="0.015971"/>
</kw>
<kw name="ส่วนที่1 ระบุข้อมูล(ทำธุรกรรมด้วยตนเอง)" owner="keywords_Testcase_1-01">
<kw name="Input Text" owner="SeleniumLibrary">
<msg time="2025-05-23T13:50:31.263410" level="INFO">Typing text 'test' into text field 'xpath=//textarea[@ng-reflect-maxlength='2000']'.</msg>
<arg>${เหตุผลการรายงาน Mannual_เหตุผลในการรายงาน}</arg>
<arg>${เหตุผลในการรายงาน}</arg>
<doc>Types the given ``text`` into the text field identified by ``locator``.</doc>
<status status="PASS" start="2025-05-23T13:50:31.263410" elapsed="1.780350"/>
</kw>
<kw name="Click Element" owner="SeleniumLibrary">
<msg time="2025-05-23T13:50:33.045760" level="INFO">Clicking element 'xpath=//mat-select[@name='prefix']'.</msg>
<msg time="2025-05-23T13:50:35.479685" level="INFO" html="true">&lt;/td&gt;&lt;/tr&gt;&lt;tr&gt;&lt;td colspan="3"&gt;&lt;a href="selenium-screenshot-41.png"&gt;&lt;img src="selenium-screenshot-41.png" width="800px"&gt;&lt;/a&gt;</msg>
<msg time="2025-05-23T13:50:35.479685" level="FAIL">ElementClickInterceptedException: Message: element click intercepted: Element &lt;mat-select _ngcontent-dei-c363="" role="combobox" aria-autocomplete="none" aria-haspopup="true" name="prefix" required="" class="mat-select ng-tns-c241-15 ng-tns-c165-14 mat-select-required ng-untouched ng-pristine ng-invalid ng-star-inserted" ng-reflect-required="" ng-reflect-name="prefix" ng-reflect-disabled="false" ng-reflect-is-disabled="false" ng-reflect-model="" ng-reflect-options="[object Object]" aria-labelledby="mat-select-value-3" id="mat-select-2" tabindex="0" aria-expanded="false" aria-required="true" aria-disabled="false" aria-invalid="false"&gt;...&lt;/mat-select&gt; is not clickable at point (706, 766). Other element would receive the click: &lt;div _ngcontent-dei-c172="" class="loader-overlay"&gt;...&lt;/div&gt;
  (Session info: chrome=136.0.7103.114)
Stacktrace:
	GetHandleVerifier [0x00007FF75276CF65+75717]
	GetHandleVerifier [0x00007FF75276CFC0+75808]
	(No symbol) [0x00007FF752538F9A]
	(No symbol) [0x00007FF752597439]
	(No symbol) [0x00007FF752594DF2]
	(No symbol) [0x00007FF752591EA1]
	(No symbol) [0x00007FF752590DA1]
	(No symbol) [0x00007FF752582394]
	(No symbol) [0x00007FF7525B737A]
	(No symbol) [0x00007FF752581C46]
	(No symbol) [0x00007FF7525B7590]
	(No symbol) [0x00007FF7525DF39C]
	(No symbol) [0x00007FF7525B7153]
	(No symbol) [0x00007FF752580421]
	(No symbol) [0x00007FF7525811B3]
	GetHandleVerifier [0x00007FF752A6D74D+3223469]
	GetHandleVerifier [0x00007FF752A67CF2+3200338]
	GetHandleVerifier [0x00007FF752A85B23+3322755]
	GetHandleVerifier [0x00007FF752786A3A+180890]
	GetHandleVerifier [0x00007FF75278E13F+211359]
	GetHandleVerifier [0x00007FF7527752B4+109332]
	GetHandleVerifier [0x00007FF752775462+109762]
	GetHandleVerifier [0x00007FF75275BA79+4825]
	BaseThreadInitThunk [0x00007FFFEB12259D+29]
	RtlUserThreadStart [0x00007FFFED48AF58+40]
</msg>
<arg>${1.1_คำนำหน้าชื่อ}</arg>
<doc>Click the element identified by ``locator``.</doc>
<status status="FAIL" start="2025-05-23T13:50:33.043760" elapsed="2.459397">ElementClickInterceptedException: Message: element click intercepted: Element &lt;mat-select _ngcontent-dei-c363="" role="combobox" aria-autocomplete="none" aria-haspopup="true" name="prefix" required="" class="mat-select ng-tns-c241-15 ng-tns-c165-14 mat-select-required ng-untouched ng-pristine ng-invalid ng-star-inserted" ng-reflect-required="" ng-reflect-name="prefix" ng-reflect-disabled="false" ng-reflect-is-disabled="false" ng-reflect-model="" ng-reflect-options="[object Object]" aria-labelledby="mat-select-value-3" id="mat-select-2" tabindex="0" aria-expanded="false" aria-required="true" aria-disabled="false" aria-invalid="false"&gt;...&lt;/mat-select&gt; is not clickable at point (706, 766). Other element would receive the click: &lt;div _ngcontent-dei-c172="" class="loader-overlay"&gt;...&lt;/div&gt;
  (Session info: chrome=136.0.7103.114)
Stacktrace:
	GetHandleVerifier [0x00007FF75276CF65+75717]
	GetHandleVerifier [0x00007FF75276CFC0+75808]
	(No symbol) [0x00007FF752538F9A]
	(No symbol) [0x00007FF752597439]
	(No symbol) [0x00007FF752594DF2]
	(No symbol) [0x00007FF752591EA1]
	(No symbol) [0x00007FF752590DA1]
	(No symbol) [0x00007FF752582394]
	(No symbol) [0x00007FF7525B737A]
	(No symbol) [0x00007FF752581C46]
	(No symbol) [0x00007FF7525B7590]
	(No symbol) [0x00007FF7525DF39C]
	(No symbol) [0x00007FF7525B7153]
	(No symbol) [0x00007FF752580421]
	(No symbol) [0x00007FF7525811B3]
	GetHandleVerifier [0x00007FF752A6D74D+3223469]
	GetHandleVerifier [0x00007FF752A67CF2+3200338]
	GetHandleVerifier [0x00007FF752A85B23+3322755]
	GetHandleVerifier [0x00007FF752786A3A+180890]
	GetHandleVerifier [0x00007FF75278E13F+211359]
	GetHandleVerifier [0x00007FF7527752B4+109332]
	GetHandleVerifier [0x00007FF752775462+109762]
	GetHandleVerifier [0x00007FF75275BA79+4825]
	BaseThreadInitThunk [0x00007FFFEB12259D+29]
	RtlUserThreadStart [0x00007FFFED48AF58+40]
</status>
</kw>
<kw name="Click Element" owner="SeleniumLibrary">
<arg>${1.1_คำนำหน้าชื่อ_เลือก}</arg>
<doc>Click the element identified by ``locator``.</doc>
<status status="NOT RUN" start="2025-05-23T13:50:35.503157" elapsed="0.000000"/>
</kw>
<kw name="Input Text" owner="SeleniumLibrary">
<arg>${1.1_ชื่อ}</arg>
<arg>${ชื่อ}</arg>
<doc>Types the given ``text`` into the text field identified by ``locator``.</doc>
<status status="NOT RUN" start="2025-05-23T13:50:35.503157" elapsed="0.000000"/>
</kw>
<kw name="Input Text" owner="SeleniumLibrary">
<arg>${1.1_นามสกุล}</arg>
<arg>${นามสกุล}</arg>
<doc>Types the given ``text`` into the text field identified by ``locator``.</doc>
<status status="NOT RUN" start="2025-05-23T13:50:35.503157" elapsed="0.000000"/>
</kw>
<kw name="Input Text" owner="SeleniumLibrary">
<arg>${1.1_เอกสารประจำตัว_เลขที่}</arg>
<arg>${เลขที่บัตร}</arg>
<doc>Types the given ``text`` into the text field identified by ``locator``.</doc>
<status status="NOT RUN" start="2025-05-23T13:50:35.503157" elapsed="0.000000"/>
</kw>
<kw name="Click Element" owner="SeleniumLibrary">
<arg>${1.1_เอกสารประจำตัว_ทำธุรกรรมด้วยตนเอง}</arg>
<doc>Click the element identified by ``locator``.</doc>
<status status="NOT RUN" start="2025-05-23T13:50:35.503157" elapsed="0.000000"/>
</kw>
<kw name="Input Text" owner="SeleniumLibrary">
<arg>${1.2_ที่อยู่}</arg>
<arg>${ที่อยู่}</arg>
<doc>Types the given ``text`` into the text field identified by ``locator``.</doc>
<status status="NOT RUN" start="2025-05-23T13:50:35.503157" elapsed="0.000000"/>
</kw>
<kw name="Click Element" owner="SeleniumLibrary">
<arg>${1.2_ประเทศ}</arg>
<doc>Click the element identified by ``locator``.</doc>
<status status="NOT RUN" start="2025-05-23T13:50:35.503157" elapsed="0.000000"/>
</kw>
<kw name="Click Element" owner="SeleniumLibrary">
<arg>${1.2_ที่อยู่_ประเทศ_ไทย}</arg>
<doc>Click the element identified by ``locator``.</doc>
<status status="NOT RUN" start="2025-05-23T13:50:35.503157" elapsed="0.000000"/>
</kw>
<kw name="Click Element" owner="SeleniumLibrary">
<arg>${1.2_ที่อยู่_ประเทศ_จังหวัด}</arg>
<doc>Click the element identified by ``locator``.</doc>
<status status="NOT RUN" start="2025-05-23T13:50:35.503157" elapsed="0.000000"/>
</kw>
<kw name="Click Element" owner="SeleniumLibrary">
<arg>${1.2_ที่อยู่_ประเทศ_จังหวัด_เลือก}</arg>
<doc>Click the element identified by ``locator``.</doc>
<status status="NOT RUN" start="2025-05-23T13:50:35.503157" elapsed="0.000000"/>
</kw>
<kw name="Click Element" owner="SeleniumLibrary">
<arg>${1.2_ที่อยู่_ประเทศ_อำเภอ}</arg>
<doc>Click the element identified by ``locator``.</doc>
<status status="NOT RUN" start="2025-05-23T13:50:35.503157" elapsed="0.000000"/>
</kw>
<kw name="Click Element" owner="SeleniumLibrary">
<arg>${1.2_ที่อยู่_ประเทศ_อำเภอ_เลือก}</arg>
<doc>Click the element identified by ``locator``.</doc>
<status status="NOT RUN" start="2025-05-23T13:50:35.503157" elapsed="0.000000"/>
</kw>
<kw name="Click Element" owner="SeleniumLibrary">
<arg>${1.2_ที่อยู่_ประเทศ_ตำบล}</arg>
<doc>Click the element identified by ``locator``.</doc>
<status status="NOT RUN" start="2025-05-23T13:50:35.503157" elapsed="0.000000"/>
</kw>
<kw name="Click Element" owner="SeleniumLibrary">
<arg>${1.2_ที่อยู่_ประเทศ_ตำบล_เลือก}</arg>
<doc>Click the element identified by ``locator``.</doc>
<status status="NOT RUN" start="2025-05-23T13:50:35.503157" elapsed="0.000000"/>
</kw>
<kw name="Input Text" owner="SeleniumLibrary">
<arg>${1.2_ที่อยู่_ประเทศ_รหัสไปรษณีย์_เลข}</arg>
<arg>${รหัสไปรษณีย์}</arg>
<doc>Types the given ``text`` into the text field identified by ``locator``.</doc>
<status status="NOT RUN" start="2025-05-23T13:50:35.503157" elapsed="0.000000"/>
</kw>
<kw name="Click Element" owner="SeleniumLibrary">
<arg>${1.3อาชีพ}</arg>
<doc>Click the element identified by ``locator``.</doc>
<status status="NOT RUN" start="2025-05-23T13:50:35.503157" elapsed="0.000000"/>
</kw>
<kw name="Click Element" owner="SeleniumLibrary">
<arg>${1.3อาชีพ_เลือก}</arg>
<doc>Click the element identified by ``locator``.</doc>
<status status="NOT RUN" start="2025-05-23T13:50:35.503157" elapsed="0.000000"/>
</kw>
<kw name="Input Text" owner="SeleniumLibrary">
<arg>${1.5_เลขที่}</arg>
<arg>${เลขที่บัตร2}</arg>
<doc>Types the given ``text`` into the text field identified by ``locator``.</doc>
<status status="NOT RUN" start="2025-05-23T13:50:35.503157" elapsed="0.000000"/>
</kw>
<status status="FAIL" start="2025-05-23T13:50:31.263410" elapsed="4.239747">ElementClickInterceptedException: Message: element click intercepted: Element &lt;mat-select _ngcontent-dei-c363="" role="combobox" aria-autocomplete="none" aria-haspopup="true" name="prefix" required="" class="mat-select ng-tns-c241-15 ng-tns-c165-14 mat-select-required ng-untouched ng-pristine ng-invalid ng-star-inserted" ng-reflect-required="" ng-reflect-name="prefix" ng-reflect-disabled="false" ng-reflect-is-disabled="false" ng-reflect-model="" ng-reflect-options="[object Object]" aria-labelledby="mat-select-value-3" id="mat-select-2" tabindex="0" aria-expanded="false" aria-required="true" aria-disabled="false" aria-invalid="false"&gt;...&lt;/mat-select&gt; is not clickable at point (706, 766). Other element would receive the click: &lt;div _ngcontent-dei-c172="" class="loader-overlay"&gt;...&lt;/div&gt;
  (Session info: chrome=136.0.7103.114)
Stacktrace:
	GetHandleVerifier [0x00007FF75276CF65+75717]
	GetHandleVerifier [0x00007FF75276CFC0+75808]
	(No symbol) [0x00007FF752538F9A]
	(No symbol) [0x00007FF752597439]
	(No symbol) [0x00007FF752594DF2]
	(No symbol) [0x00007FF752591EA1]
	(No symbol) [0x00007FF752590DA1]
	(No symbol) [0x00007FF752582394]
	(No symbol) [0x00007FF7525B737A]
	(No symbol) [0x00007FF752581C46]
	(No symbol) [0x00007FF7525B7590]
	(No symbol) [0x00007FF7525DF39C]
	(No symbol) [0x00007FF7525B7153]
	(No symbol) [0x00007FF752580421]
	(No symbol) [0x00007FF7525811B3]
	GetHandleVerifier [0x00007FF752A6D74D+3223469]
	GetHandleVerifier [0x00007FF752A67CF2+3200338]
	GetHandleVerifier [0x00007FF752A85B23+3322755]
	GetHandleVerifier [0x00007FF752786A3A+180890]
	GetHandleVerifier [0x00007FF75278E13F+211359]
	GetHandleVerifier [0x00007FF7527752B4+109332]
	GetHandleVerifier [0x00007FF752775462+109762]
	GetHandleVerifier [0x00007FF75275BA79+4825]
	BaseThreadInitThunk [0x00007FFFEB12259D+29]
	RtlUserThreadStart [0x00007FFFED48AF58+40]
</status>
</kw>
<kw name="ส่วนที่1 บันทึกและไปหน้าถัดไป" owner="keywords_Testcase_1-01">
<status status="NOT RUN" start="2025-05-23T13:50:35.503157" elapsed="0.000000"/>
</kw>
<status status="FAIL" start="2025-05-23T13:50:31.247439" elapsed="4.255718">ElementClickInterceptedException: Message: element click intercepted: Element &lt;mat-select _ngcontent-dei-c363="" role="combobox" aria-autocomplete="none" aria-haspopup="true" name="prefix" required="" class="mat-select ng-tns-c241-15 ng-tns-c165-14 mat-select-required ng-untouched ng-pristine ng-invalid ng-star-inserted" ng-reflect-required="" ng-reflect-name="prefix" ng-reflect-disabled="false" ng-reflect-is-disabled="false" ng-reflect-model="" ng-reflect-options="[object Object]" aria-labelledby="mat-select-value-3" id="mat-select-2" tabindex="0" aria-expanded="false" aria-required="true" aria-disabled="false" aria-invalid="false"&gt;...&lt;/mat-select&gt; is not clickable at point (706, 766). Other element would receive the click: &lt;div _ngcontent-dei-c172="" class="loader-overlay"&gt;...&lt;/div&gt;
  (Session info: chrome=136.0.7103.114)
Stacktrace:
	GetHandleVerifier [0x00007FF75276CF65+75717]
	GetHandleVerifier [0x00007FF75276CFC0+75808]
	(No symbol) [0x00007FF752538F9A]
	(No symbol) [0x00007FF752597439]
	(No symbol) [0x00007FF752594DF2]
	(No symbol) [0x00007FF752591EA1]
	(No symbol) [0x00007FF752590DA1]
	(No symbol) [0x00007FF752582394]
	(No symbol) [0x00007FF7525B737A]
	(No symbol) [0x00007FF752581C46]
	(No symbol) [0x00007FF7525B7590]
	(No symbol) [0x00007FF7525DF39C]
	(No symbol) [0x00007FF7525B7153]
	(No symbol) [0x00007FF752580421]
	(No symbol) [0x00007FF7525811B3]
	GetHandleVerifier [0x00007FF752A6D74D+3223469]
	GetHandleVerifier [0x00007FF752A67CF2+3200338]
	GetHandleVerifier [0x00007FF752A85B23+3322755]
	GetHandleVerifier [0x00007FF752786A3A+180890]
	GetHandleVerifier [0x00007FF75278E13F+211359]
	GetHandleVerifier [0x00007FF7527752B4+109332]
	GetHandleVerifier [0x00007FF752775462+109762]
	GetHandleVerifier [0x00007FF75275BA79+4825]
	BaseThreadInitThunk [0x00007FFFEB12259D+29]
	RtlUserThreadStart [0x00007FFFED48AF58+40]
</status>
</test>
<test id="s1-t6" name="6.ส่วนที่2" line="58">
<kw name="ส่วนที่2 ถัดไป" owner="keywords_Testcase_1-01">
<kw name="Click Element" owner="SeleniumLibrary">
<msg time="2025-05-23T13:50:35.518831" level="INFO">Clicking element '//button[contains(@class, 'mat-raised-button') and .//span[contains(text(), 'ถัดไป')]]'.</msg>
<arg>${ส่วนที่2_ถัดไป}</arg>
<doc>Click the element identified by ``locator``.</doc>
<status status="PASS" start="2025-05-23T13:50:35.518831" elapsed="1.257333"/>
</kw>
<status status="PASS" start="2025-05-23T13:50:35.518831" elapsed="1.258293"/>
</kw>
<status status="PASS" start="2025-05-23T13:50:35.518831" elapsed="1.258293"/>
</test>
<test id="s1-t7" name="7.ส่วนที่3" line="61">
<kw name="ส่วนที่ 3 ระบุข้อมูล(เลือกฝากเงิน/ถอนเงิน)" owner="keywords_Testcase_1-01">
<kw name="Input Text" owner="SeleniumLibrary">
<msg time="2025-05-23T13:50:36.780646" level="INFO">Typing text '01/01/2567' into text field 'xpath=//input[contains(@class, 'mat-datepicker-input')]'.</msg>
<arg>${3.1_ปวันที่ทำธุรกรรม}</arg>
<arg>${วันที่ทำธุระกรรม(dd/MM/yyyy)}</arg>
<doc>Types the given ``text`` into the text field identified by ``locator``.</doc>
<status status="PASS" start="2025-05-23T13:50:36.780646" elapsed="1.857690"/>
</kw>
<kw name="Click Element" owner="SeleniumLibrary">
<msg time="2025-05-23T13:50:38.638336" level="INFO">Clicking element '//mat-select[@name='transactionType']'.</msg>
<msg time="2025-05-23T13:50:39.835609" level="INFO" html="true">&lt;/td&gt;&lt;/tr&gt;&lt;tr&gt;&lt;td colspan="3"&gt;&lt;a href="selenium-screenshot-42.png"&gt;&lt;img src="selenium-screenshot-42.png" width="800px"&gt;&lt;/a&gt;</msg>
<msg time="2025-05-23T13:50:39.835609" level="FAIL">Element with locator '//mat-select[@name='transactionType']' not found.</msg>
<arg>${3.1_ประเภทและมูลค่าธุรกรรม}</arg>
<doc>Click the element identified by ``locator``.</doc>
<status status="FAIL" start="2025-05-23T13:50:38.638336" elapsed="1.197273">Element with locator '//mat-select[@name='transactionType']' not found.</status>
</kw>
<kw name="Click Element" owner="SeleniumLibrary">
<arg>${3.1_ประเภทและมูลค่าธุรกรรม_เลือก}</arg>
<doc>Click the element identified by ``locator``.</doc>
<status status="NOT RUN" start="2025-05-23T13:50:39.835609" elapsed="0.000000"/>
</kw>
<kw name="Input Text" owner="SeleniumLibrary">
<arg>${3.1_ประเภทและมูลค่าธุรกรรม_จากบัญชีเลขที่}</arg>
<arg>${เข้าบัญชีเลขที่(0/30)}</arg>
<doc>Types the given ``text`` into the text field identified by ``locator``.</doc>
<status status="NOT RUN" start="2025-05-23T13:50:39.835609" elapsed="0.000000"/>
</kw>
<kw name="Input Text" owner="SeleniumLibrary">
<arg>${3.1_ประเภทและมูลค่าธุรกรรม_จากบัญชีเลขที่_จำนวน}</arg>
<arg>${จำนวนเงิน(2,000,000)}</arg>
<doc>Types the given ``text`` into the text field identified by ``locator``.</doc>
<status status="NOT RUN" start="2025-05-23T13:50:39.835609" elapsed="0.000000"/>
</kw>
<kw name="Click Element" owner="SeleniumLibrary">
<arg>${3.1วัตถุประสงค์ของการทำธุรกรรม}</arg>
<doc>Click the element identified by ``locator``.</doc>
<status status="NOT RUN" start="2025-05-23T13:50:39.835609" elapsed="0.000000"/>
</kw>
<kw name="Click Element" owner="SeleniumLibrary">
<arg>${3.3วัตถุประสงค์ของการทำธุรกรรม_เลือก}</arg>
<doc>Click the element identified by ``locator``.</doc>
<status status="NOT RUN" start="2025-05-23T13:50:39.835609" elapsed="0.000000"/>
</kw>
<status status="FAIL" start="2025-05-23T13:50:36.780646" elapsed="3.054963">Element with locator '//mat-select[@name='transactionType']' not found.</status>
</kw>
<kw name="ส่วนที่ 3 บันทึกข้อมูล" owner="keywords_Testcase_1-01">
<status status="NOT RUN" start="2025-05-23T13:50:39.844634" elapsed="0.000766"/>
</kw>
<kw name="ส่วนที่ 3 ขออนุมัติ" owner="keywords_Testcase_1-01">
<status status="NOT RUN" start="2025-05-23T13:50:39.845400" elapsed="0.000000"/>
</kw>
<status status="FAIL" start="2025-05-23T13:50:36.780646" elapsed="3.064754">Element with locator '//mat-select[@name='transactionType']' not found.</status>
</test>
<test id="s1-t8" name="8.ค้นหารายงาน" line="65">
<kw name="กดปุ่มตกลง" owner="keywordการค้นหา">
<kw name="Sleep" owner="BuiltIn">
<msg time="2025-05-23T13:50:42.852851" level="INFO">Slept 3 seconds.</msg>
<arg>3s</arg>
<doc>Pauses the test executed for the given time.</doc>
<status status="PASS" start="2025-05-23T13:50:39.848103" elapsed="3.004748"/>
</kw>
<kw name="Wait Until Element Is Visible" owner="SeleniumLibrary">
<msg time="2025-05-23T13:50:44.941763" level="WARN">Keyword 'Capture Page Screenshot' could not be run on failure: Message: invalid session id
Stacktrace:
	GetHandleVerifier [0x00007FF75276CF65+75717]
	GetHandleVerifier [0x00007FF75276CFC0+75808]
	(No symbol) [0x00007FF752538DCC]
	(No symbol) [0x00007FF75257F54F]
	(No symbol) [0x00007FF7525B7242]
	(No symbol) [0x00007FF7525B1C63]
	(No symbol) [0x00007FF7525B0D29]
	(No symbol) [0x00007FF752505A55]
	GetHandleVerifier [0x00007FF752A6D74D+3223469]
	GetHandleVerifier [0x00007FF752A67CF2+3200338]
	GetHandleVerifier [0x00007FF752A85B23+3322755]
	GetHandleVerifier [0x00007FF752786A3A+180890]
	GetHandleVerifier [0x00007FF75278E13F+211359]
	(No symbol) [0x00007FF752504AC8]
	GetHandleVerifier [0x00007FF752B56FF8+4180056]
	BaseThreadInitThunk [0x00007FFFEB12259D+29]
	RtlUserThreadStart [0x00007FFFED48AF58+40]
</msg>
<msg time="2025-05-23T13:50:44.941763" level="FAIL">InvalidSessionIdException: Message: invalid session id: session deleted as the browser has closed the connection
from disconnected: not connected to DevTools
  (Session info: chrome=136.0.7103.114)
Stacktrace:
	GetHandleVerifier [0x00007FF75276CF65+75717]
	GetHandleVerifier [0x00007FF75276CFC0+75808]
	(No symbol) [0x00007FF752538F9A]
	(No symbol) [0x00007FF752524E35]
	(No symbol) [0x00007FF752549DB4]
	(No symbol) [0x00007FF7525BEE75]
	(No symbol) [0x00007FF7525DECC2]
	(No symbol) [0x00007FF7525B7153]
	(No symbol) [0x00007FF752580421]
	(No symbol) [0x00007FF7525811B3]
	GetHandleVerifier [0x00007FF752A6D74D+3223469]
	GetHandleVerifier [0x00007FF752A67CF2+3200338]
	GetHandleVerifier [0x00007FF752A85B23+3322755]
	GetHandleVerifier [0x00007FF752786A3A+180890]
	GetHandleVerifier [0x00007FF75278E13F+211359]
	GetHandleVerifier [0x00007FF7527752B4+109332]
	GetHandleVerifier [0x00007FF752775462+109762]
	GetHandleVerifier [0x00007FF75275BA79+4825]
	BaseThreadInitThunk [0x00007FFFEB12259D+29]
	RtlUserThreadStart [0x00007FFFED48AF58+40]
</msg>
<arg>${ปุ่มตกลง}</arg>
<arg>5s</arg>
<doc>Waits until the element ``locator`` is visible.</doc>
<status status="FAIL" start="2025-05-23T13:50:42.852851" elapsed="2.088912">InvalidSessionIdException: Message: invalid session id: session deleted as the browser has closed the connection
from disconnected: not connected to DevTools
  (Session info: chrome=136.0.7103.114)
Stacktrace:
	GetHandleVerifier [0x00007FF75276CF65+75717]
	GetHandleVerifier [0x00007FF75276CFC0+75808]
	(No symbol) [0x00007FF752538F9A]
	(No symbol) [0x00007FF752524E35]
	(No symbol) [0x00007FF752549DB4]
	(No symbol) [0x00007FF7525BEE75]
	(No symbol) [0x00007FF7525DECC2]
	(No symbol) [0x00007FF7525B7153]
	(No symbol) [0x00007FF752580421]
	(No symbol) [0x00007FF7525811B3]
	GetHandleVerifier [0x00007FF752A6D74D+3223469]
	GetHandleVerifier [0x00007FF752A67CF2+3200338]
	GetHandleVerifier [0x00007FF752A85B23+3322755]
	GetHandleVerifier [0x00007FF752786A3A+180890]
	GetHandleVerifier [0x00007FF75278E13F+211359]
	GetHandleVerifier [0x00007FF7527752B4+109332]
	GetHandleVerifier [0x00007FF752775462+109762]
	GetHandleVerifier [0x00007FF75275BA79+4825]
	BaseThreadInitThunk [0x00007FFFEB12259D+29]
	RtlUserThreadStart [0x00007FFFED48AF58+40]
</status>
</kw>
<kw name="Click Element" owner="SeleniumLibrary">
<arg>${ปุ่มตกลง}</arg>
<doc>Click the element identified by ``locator``.</doc>
<status status="NOT RUN" start="2025-05-23T13:50:44.941763" elapsed="0.000000"/>
</kw>
<status status="FAIL" start="2025-05-23T13:50:39.848103" elapsed="5.093660">InvalidSessionIdException: Message: invalid session id: session deleted as the browser has closed the connection
from disconnected: not connected to DevTools
  (Session info: chrome=136.0.7103.114)
Stacktrace:
	GetHandleVerifier [0x00007FF75276CF65+75717]
	GetHandleVerifier [0x00007FF75276CFC0+75808]
	(No symbol) [0x00007FF752538F9A]
	(No symbol) [0x00007FF752524E35]
	(No symbol) [0x00007FF752549DB4]
	(No symbol) [0x00007FF7525BEE75]
	(No symbol) [0x00007FF7525DECC2]
	(No symbol) [0x00007FF7525B7153]
	(No symbol) [0x00007FF752580421]
	(No symbol) [0x00007FF7525811B3]
	GetHandleVerifier [0x00007FF752A6D74D+3223469]
	GetHandleVerifier [0x00007FF752A67CF2+3200338]
	GetHandleVerifier [0x00007FF752A85B23+3322755]
	GetHandleVerifier [0x00007FF752786A3A+180890]
	GetHandleVerifier [0x00007FF75278E13F+211359]
	GetHandleVerifier [0x00007FF7527752B4+109332]
	GetHandleVerifier [0x00007FF752775462+109762]
	GetHandleVerifier [0x00007FF75275BA79+4825]
	BaseThreadInitThunk [0x00007FFFEB12259D+29]
	RtlUserThreadStart [0x00007FFFED48AF58+40]
</status>
</kw>
<kw name="ค้นหารายงานด้วย CIF" owner="keywordการค้นหา">
<status status="NOT RUN" start="2025-05-23T13:50:44.941763" elapsed="0.000000"/>
</kw>
<status status="FAIL" start="2025-05-23T13:50:39.847220" elapsed="5.094543">InvalidSessionIdException: Message: invalid session id: session deleted as the browser has closed the connection
from disconnected: not connected to DevTools
  (Session info: chrome=136.0.7103.114)
Stacktrace:
	GetHandleVerifier [0x00007FF75276CF65+75717]
	GetHandleVerifier [0x00007FF75276CFC0+75808]
	(No symbol) [0x00007FF752538F9A]
	(No symbol) [0x00007FF752524E35]
	(No symbol) [0x00007FF752549DB4]
	(No symbol) [0x00007FF7525BEE75]
	(No symbol) [0x00007FF7525DECC2]
	(No symbol) [0x00007FF7525B7153]
	(No symbol) [0x00007FF752580421]
	(No symbol) [0x00007FF7525811B3]
	GetHandleVerifier [0x00007FF752A6D74D+3223469]
	GetHandleVerifier [0x00007FF752A67CF2+3200338]
	GetHandleVerifier [0x00007FF752A85B23+3322755]
	GetHandleVerifier [0x00007FF752786A3A+180890]
	GetHandleVerifier [0x00007FF75278E13F+211359]
	GetHandleVerifier [0x00007FF7527752B4+109332]
	GetHandleVerifier [0x00007FF752775462+109762]
	GetHandleVerifier [0x00007FF75275BA79+4825]
	BaseThreadInitThunk [0x00007FFFEB12259D+29]
	RtlUserThreadStart [0x00007FFFED48AF58+40]
</status>
</test>
<test id="s1-t9" name="จบการทำงาน" line="68">
<kw name="จบการทำงาน" owner="main_keywords">
<kw name="Sleep" owner="BuiltIn">
<msg time="2025-05-23T13:50:49.971858" level="INFO">Slept 5 seconds.</msg>
<arg>5s</arg>
<doc>Pauses the test executed for the given time.</doc>
<status status="PASS" start="2025-05-23T13:50:44.957349" elapsed="5.014509"/>
</kw>
<kw name="Capture Page Screenshot" owner="SeleniumLibrary">
<msg time="2025-05-23T13:50:50.003154" level="WARN">Keyword 'Capture Page Screenshot' could not be run on failure: Message: invalid session id
Stacktrace:
	GetHandleVerifier [0x00007FF75276CF65+75717]
	GetHandleVerifier [0x00007FF75276CFC0+75808]
	(No symbol) [0x00007FF752538DCC]
	(No symbol) [0x00007FF75257F54F]
	(No symbol) [0x00007FF7525B7242]
	(No symbol) [0x00007FF7525B1C63]
	(No symbol) [0x00007FF7525B0D29]
	(No symbol) [0x00007FF752505A55]
	GetHandleVerifier [0x00007FF752A6D74D+3223469]
	GetHandleVerifier [0x00007FF752A67CF2+3200338]
	GetHandleVerifier [0x00007FF752A85B23+3322755]
	GetHandleVerifier [0x00007FF752786A3A+180890]
	GetHandleVerifier [0x00007FF75278E13F+211359]
	(No symbol) [0x00007FF752504AC8]
	GetHandleVerifier [0x00007FF752B56FF8+4180056]
	BaseThreadInitThunk [0x00007FFFEB12259D+29]
	RtlUserThreadStart [0x00007FFFED48AF58+40]
</msg>
<msg time="2025-05-23T13:50:50.003154" level="FAIL">InvalidSessionIdException: Message: invalid session id
Stacktrace:
	GetHandleVerifier [0x00007FF75276CF65+75717]
	GetHandleVerifier [0x00007FF75276CFC0+75808]
	(No symbol) [0x00007FF752538DCC]
	(No symbol) [0x00007FF75257F54F]
	(No symbol) [0x00007FF7525B7242]
	(No symbol) [0x00007FF7525B1C63]
	(No symbol) [0x00007FF7525B0D29]
	(No symbol) [0x00007FF752505A55]
	GetHandleVerifier [0x00007FF752A6D74D+3223469]
	GetHandleVerifier [0x00007FF752A67CF2+3200338]
	GetHandleVerifier [0x00007FF752A85B23+3322755]
	GetHandleVerifier [0x00007FF752786A3A+180890]
	GetHandleVerifier [0x00007FF75278E13F+211359]
	(No symbol) [0x00007FF752504AC8]
	GetHandleVerifier [0x00007FF752B56FF8+4180056]
	BaseThreadInitThunk [0x00007FFFEB12259D+29]
	RtlUserThreadStart [0x00007FFFED48AF58+40]
</msg>
<doc>Takes a screenshot of the current page and embeds it into a log file.</doc>
<status status="FAIL" start="2025-05-23T13:50:49.971858" elapsed="0.031296">InvalidSessionIdException: Message: invalid session id
Stacktrace:
	GetHandleVerifier [0x00007FF75276CF65+75717]
	GetHandleVerifier [0x00007FF75276CFC0+75808]
	(No symbol) [0x00007FF752538DCC]
	(No symbol) [0x00007FF75257F54F]
	(No symbol) [0x00007FF7525B7242]
	(No symbol) [0x00007FF7525B1C63]
	(No symbol) [0x00007FF7525B0D29]
	(No symbol) [0x00007FF752505A55]
	GetHandleVerifier [0x00007FF752A6D74D+3223469]
	GetHandleVerifier [0x00007FF752A67CF2+3200338]
	GetHandleVerifier [0x00007FF752A85B23+3322755]
	GetHandleVerifier [0x00007FF752786A3A+180890]
	GetHandleVerifier [0x00007FF75278E13F+211359]
	(No symbol) [0x00007FF752504AC8]
	GetHandleVerifier [0x00007FF752B56FF8+4180056]
	BaseThreadInitThunk [0x00007FFFEB12259D+29]
	RtlUserThreadStart [0x00007FFFED48AF58+40]
</status>
</kw>
<kw name="Log" owner="BuiltIn">
<arg>Test Teardown Completed</arg>
<doc>Logs the given message with the given level.</doc>
<status status="NOT RUN" start="2025-05-23T13:50:50.003154" elapsed="0.000000"/>
</kw>
<kw name="Close Browser" owner="SeleniumLibrary">
<doc>Closes the current browser.</doc>
<status status="NOT RUN" start="2025-05-23T13:50:50.003154" elapsed="0.000000"/>
</kw>
<status status="FAIL" start="2025-05-23T13:50:44.957349" elapsed="5.045805">InvalidSessionIdException: Message: invalid session id
Stacktrace:
	GetHandleVerifier [0x00007FF75276CF65+75717]
	GetHandleVerifier [0x00007FF75276CFC0+75808]
	(No symbol) [0x00007FF752538DCC]
	(No symbol) [0x00007FF75257F54F]
	(No symbol) [0x00007FF7525B7242]
	(No symbol) [0x00007FF7525B1C63]
	(No symbol) [0x00007FF7525B0D29]
	(No symbol) [0x00007FF752505A55]
	GetHandleVerifier [0x00007FF752A6D74D+3223469]
	GetHandleVerifier [0x00007FF752A67CF2+3200338]
	GetHandleVerifier [0x00007FF752A85B23+3322755]
	GetHandleVerifier [0x00007FF752786A3A+180890]
	GetHandleVerifier [0x00007FF75278E13F+211359]
	(No symbol) [0x00007FF752504AC8]
	GetHandleVerifier [0x00007FF752B56FF8+4180056]
	BaseThreadInitThunk [0x00007FFFEB12259D+29]
	RtlUserThreadStart [0x00007FFFED48AF58+40]
</status>
</kw>
<status status="FAIL" start="2025-05-23T13:50:44.941763" elapsed="5.061391">InvalidSessionIdException: Message: invalid session id
Stacktrace:
	GetHandleVerifier [0x00007FF75276CF65+75717]
	GetHandleVerifier [0x00007FF75276CFC0+75808]
	(No symbol) [0x00007FF752538DCC]
	(No symbol) [0x00007FF75257F54F]
	(No symbol) [0x00007FF7525B7242]
	(No symbol) [0x00007FF7525B1C63]
	(No symbol) [0x00007FF7525B0D29]
	(No symbol) [0x00007FF752505A55]
	GetHandleVerifier [0x00007FF752A6D74D+3223469]
	GetHandleVerifier [0x00007FF752A67CF2+3200338]
	GetHandleVerifier [0x00007FF752A85B23+3322755]
	GetHandleVerifier [0x00007FF752786A3A+180890]
	GetHandleVerifier [0x00007FF75278E13F+211359]
	(No symbol) [0x00007FF752504AC8]
	GetHandleVerifier [0x00007FF752B56FF8+4180056]
	BaseThreadInitThunk [0x00007FFFEB12259D+29]
	RtlUserThreadStart [0x00007FFFED48AF58+40]
</status>
</test>
<status status="FAIL" start="2025-05-23T13:50:04.157726" elapsed="45.858953"/>
</suite>
<statistics>
<total>
<stat pass="5" fail="4" skip="0">All Tests</stat>
</total>
<tag>
</tag>
<suite>
<stat pass="5" fail="4" skip="0" id="s1" name="TC 1-01 001">TC 1-01 001</stat>
</suite>
</statistics>
<errors>
<msg time="2025-05-23T13:50:04.801947" level="WARN">Error in file 'D:\AML_Project\Resources\Menu_name\AML\ยื่นคำร้อง Manual\AMLO Variables.robot' on line 29: The '[Return]' setting is deprecated. Use the 'RETURN' statement instead.</msg>
<msg time="2025-05-23T13:50:04.817595" level="WARN">Error in file 'D:\AML_Project\Resources\Menu_name\AML\ยื่นคำร้อง Manual\AMLO Variables.robot' on line 34: The '[Return]' setting is deprecated. Use the 'RETURN' statement instead.</msg>
<msg time="2025-05-23T13:50:04.820648" level="WARN">Error in file 'D:\AML_Project\Resources\Menu_name\AML\ยื่นคำร้อง Manual\AMLO Variables.robot' on line 39: The '[Return]' setting is deprecated. Use the 'RETURN' statement instead.</msg>
<msg time="2025-05-23T13:50:04.864951" level="ERROR">Error in file 'D:\AML_Project\Resources\Menu_name\AML\ยื่นคำร้อง Manual\ปปง1-01\ปปง1-01_va.robot' on line 121: Setting variable '${2.1_คำนำหน้าชื่อ_เลือก}' failed: Resolving variable '${คำนำหน้า_ส่วน2}' failed: Variable '${คำนำหน}' not found. Did you mean:
    ${คำนำหน้า}</msg>
<msg time="2025-05-23T13:50:04.864951" level="ERROR">Error in file 'D:\AML_Project\Resources\Menu_name\AML\ยื่นคำร้อง Manual\ปปง1-01\ปปง1-01_va.robot' on line 135: Setting variable '${2.2_ที่อยู่_ประเทศ_จังหวัด_เลือก}' failed: Resolving variable '${companyProvince_ส่วน2}' failed: Variable '${companyProvince_ส}' not found. Did you mean:
    ${companyProvince}</msg>
<msg time="2025-05-23T13:50:04.880578" level="ERROR">Error in file 'D:\AML_Project\Resources\Menu_name\AML\ยื่นคำร้อง Manual\ปปง1-01\ปปง1-01_va.robot' on line 139: Setting variable '${2.2_ที่อยู่_ประเทศ_ตำบล_เลือก}' failed: Resolving variable '${companySubdistrict_ส่วน2}' failed: Variable '${companySubdistrict_ส}' not found. Did you mean:
    ${companySubdistrict}
    ${companyDistrict}</msg>
<msg time="2025-05-23T13:50:04.896211" level="ERROR">Error in file 'D:\AML_Project\Resources\Menu_name\AML\ยื่นคำร้อง Manual\ปปง1-01\ปปง1-01_va.robot' on line 137: Setting variable '${2.2_ที่อยู่_ประเทศ_อำเภอ_เลือก}' failed: Resolving variable '${companyDistrict_ส่วน2}' failed: Variable '${companyDistrict_ส}' not found. Did you mean:
    ${companyDistrict}
    ${companySubdistrict}</msg>
<msg time="2025-05-23T13:50:04.911831" level="ERROR">Error in file 'D:\AML_Project\Resources\Menu_name\AML\ยื่นคำร้อง Manual\ปปง1-01\ปปง1-01_va.robot' on line 144: Setting variable '${2.3อาชีพ_เลือก}' failed: Resolving variable '${เลือกอาชีพ_ส่วน2}' failed: Variable '${เล}' not found.</msg>
<msg time="2025-05-23T13:50:44.941763" level="WARN">Keyword 'Capture Page Screenshot' could not be run on failure: Message: invalid session id
Stacktrace:
	GetHandleVerifier [0x00007FF75276CF65+75717]
	GetHandleVerifier [0x00007FF75276CFC0+75808]
	(No symbol) [0x00007FF752538DCC]
	(No symbol) [0x00007FF75257F54F]
	(No symbol) [0x00007FF7525B7242]
	(No symbol) [0x00007FF7525B1C63]
	(No symbol) [0x00007FF7525B0D29]
	(No symbol) [0x00007FF752505A55]
	GetHandleVerifier [0x00007FF752A6D74D+3223469]
	GetHandleVerifier [0x00007FF752A67CF2+3200338]
	GetHandleVerifier [0x00007FF752A85B23+3322755]
	GetHandleVerifier [0x00007FF752786A3A+180890]
	GetHandleVerifier [0x00007FF75278E13F+211359]
	(No symbol) [0x00007FF752504AC8]
	GetHandleVerifier [0x00007FF752B56FF8+4180056]
	BaseThreadInitThunk [0x00007FFFEB12259D+29]
	RtlUserThreadStart [0x00007FFFED48AF58+40]
</msg>
<msg time="2025-05-23T13:50:50.003154" level="WARN">Keyword 'Capture Page Screenshot' could not be run on failure: Message: invalid session id
Stacktrace:
	GetHandleVerifier [0x00007FF75276CF65+75717]
	GetHandleVerifier [0x00007FF75276CFC0+75808]
	(No symbol) [0x00007FF752538DCC]
	(No symbol) [0x00007FF75257F54F]
	(No symbol) [0x00007FF7525B7242]
	(No symbol) [0x00007FF7525B1C63]
	(No symbol) [0x00007FF7525B0D29]
	(No symbol) [0x00007FF752505A55]
	GetHandleVerifier [0x00007FF752A6D74D+3223469]
	GetHandleVerifier [0x00007FF752A67CF2+3200338]
	GetHandleVerifier [0x00007FF752A85B23+3322755]
	GetHandleVerifier [0x00007FF752786A3A+180890]
	GetHandleVerifier [0x00007FF75278E13F+211359]
	(No symbol) [0x00007FF752504AC8]
	GetHandleVerifier [0x00007FF752B56FF8+4180056]
	BaseThreadInitThunk [0x00007FFFEB12259D+29]
	RtlUserThreadStart [0x00007FFFED48AF58+40]
</msg>
</errors>
</robot>
