<?xml version="1.0" encoding="UTF-8"?>
<robot generator="Robot 7.0.1 (Python 3.8.7 on win32)" generated="2025-04-23T13:47:29.723985" rpa="false" schemaversion="5">
<suite id="s1" name="KYCMaual Tectcase1" source="D:\AML_Project\TestCase\KYC\Manual Key In\KYCMaual_Tectcase1.robot">
<test id="s1-t1" name="1.open web IBank &amp; Login" line="49">
<kw name="Enteropen web IBank &amp; Login" owner="main_keywords">
<kw name="Open Browser" owner="SeleniumLibrary">
<msg time="2025-04-23T13:47:30.685577" level="INFO">Opening browser 'chrome' to base url 'https://172.26.59.117/login'.</msg>
<msg time="2025-04-23T13:47:33.124761" level="WARN">The chromedriver version (134.0.6998.88) detected in PATH at C:\Users\suravesi\AppData\Local\Programs\Python\Python38\chromedriver.exe might not be compatible with the detected chrome version (135.0.7049.96); currently, chromedriver 135.0.7049.97 is recommended for chrome 135.*, so it is advised to delete the driver in PATH and retry</msg>
<arg>${URL:IBank}</arg>
<arg>${Browser}</arg>
<arg>options=add_argument("--ignore-certificate-errors")</arg>
<doc>Opens a new browser instance to the optional ``url``.</doc>
<status status="PASS" start="2025-04-23T13:47:30.684053" elapsed="7.266678"/>
</kw>
<kw name="Maximize Browser Window" owner="SeleniumLibrary">
<doc>Maximizes current browser window.</doc>
<status status="PASS" start="2025-04-23T13:47:37.951730" elapsed="0.058066"/>
</kw>
<kw name="Set Selenium Speed" owner="SeleniumLibrary">
<arg>0.5s</arg>
<doc>Sets the delay that is waited after each Selenium command.</doc>
<status status="PASS" start="2025-04-23T13:47:38.010795" elapsed="0.000999"/>
</kw>
<kw name="Wait Until Element Is Visible" owner="SeleniumLibrary">
<arg>xpath=//input[contains(@class, 'inputLogin')]</arg>
<arg>5s</arg>
<doc>Waits until the element ``locator`` is visible.</doc>
<status status="PASS" start="2025-04-23T13:47:38.012801" elapsed="1.808122"/>
</kw>
<kw name="Input Text" owner="SeleniumLibrary">
<msg time="2025-04-23T13:47:39.822921" level="INFO">Typing text 'ittikornc' into text field 'xpath=//input[contains(@class, 'inputLogin')]'.</msg>
<arg>xpath=//input[contains(@class, 'inputLogin')]</arg>
<arg>${ID:dammi}</arg>
<doc>Types the given ``text`` into the text field identified by ``locator``.</doc>
<status status="PASS" start="2025-04-23T13:47:39.821923" elapsed="1.820507"/>
</kw>
<kw name="Input Password" owner="SeleniumLibrary">
<msg time="2025-04-23T13:47:41.643438" level="INFO">Typing password into text field 'xpath=//input[contains(@class, 'inputLogin') and @type='password']'.</msg>
<msg time="2025-04-23T13:47:42.723753" level="INFO">Temporally setting log level to: NONE</msg>
<arg>xpath=//input[contains(@class, 'inputLogin') and @type='password']</arg>
<arg>${password:dammi}</arg>
<doc>Types the given password into the text field identified by ``locator``.</doc>
<status status="PASS" start="2025-04-23T13:47:41.643438" elapsed="1.723943"/>
</kw>
<kw name="Click Element" owner="SeleniumLibrary">
<msg time="2025-04-23T13:47:43.369640" level="INFO">Clicking element '//button[contains(@class, 'mat-raised-button')]'.</msg>
<arg>//button[contains(@class, 'mat-raised-button')]</arg>
<doc>Click the element identified by ``locator``.</doc>
<status status="PASS" start="2025-04-23T13:47:43.368618" elapsed="1.184388"/>
</kw>
<status status="PASS" start="2025-04-23T13:47:30.683058" elapsed="13.870952"/>
</kw>
<kw name="Run Keyword And Ignore Error" owner="BuiltIn">
<kw name="ยืนยันการเข้าระบบ" owner="main_keywords">
<kw name="Click Element" owner="SeleniumLibrary">
<msg time="2025-04-23T13:47:44.557546" level="INFO">Clicking element '//button[contains(@class, 'mat-raised-button')]//i[contains(@class, 'fa-check')]'.</msg>
<arg>//button[contains(@class, 'mat-raised-button')]//i[contains(@class, 'fa-check')]</arg>
<doc>Click the element identified by ``locator``.</doc>
<status status="PASS" start="2025-04-23T13:47:44.556546" elapsed="1.179945"/>
</kw>
<status status="PASS" start="2025-04-23T13:47:44.555529" elapsed="1.181679"/>
</kw>
<arg>ยืนยันการเข้าระบบ</arg>
<doc>Runs the given keyword with the given arguments and ignores possible error.</doc>
<status status="PASS" start="2025-04-23T13:47:44.555529" elapsed="1.181679"/>
</kw>
<kw name="Run Keyword And Ignore Error" owner="BuiltIn">
<kw name="ยืนยันการข้าม Pop-up" owner="main_keywords">
<kw name="Click Element" owner="SeleniumLibrary">
<msg time="2025-04-23T13:47:45.746496" level="INFO">Clicking element '//button//span[contains(text(), 'รับทราบ')]'.</msg>
<msg time="2025-04-23T13:47:46.995591" level="INFO" html="true">&lt;/td&gt;&lt;/tr&gt;&lt;tr&gt;&lt;td colspan="3"&gt;&lt;a href="selenium-screenshot-27.png"&gt;&lt;img src="selenium-screenshot-27.png" width="800px"&gt;&lt;/a&gt;</msg>
<msg time="2025-04-23T13:47:46.996610" level="FAIL">StaleElementReferenceException: Message: stale element reference: stale element not found in the current frame
  (Session info: chrome=135.0.7049.96); For documentation on this error, please visit: https://www.selenium.dev/documentation/webdriver/troubleshooting/errors#stale-element-reference-exception
Stacktrace:
	GetHandleVerifier [0x00007FF63DC8FE45+26629]
	(No symbol) [0x00007FF63DBF6010]
	(No symbol) [0x00007FF63DA8931A]
	(No symbol) [0x00007FF63DA90C7C]
	(No symbol) [0x00007FF63DA93A3C]
	(No symbol) [0x00007FF63DA93B0F]
	(No symbol) [0x00007FF63DAE1A2D]
	(No symbol) [0x00007FF63DAD2810]
	(No symbol) [0x00007FF63DB07AAA]
	(No symbol) [0x00007FF63DAD2156]
	(No symbol) [0x00007FF63DB07CC0]
	(No symbol) [0x00007FF63DB30169]
	(No symbol) [0x00007FF63DB07883]
	(No symbol) [0x00007FF63DAD0550]
	(No symbol) [0x00007FF63DAD1803]
	GetHandleVerifier [0x00007FF63DFE72BD+3529853]
	GetHandleVerifier [0x00007FF63DFFDA22+3621858]
	GetHandleVerifier [0x00007FF63DFF24D3+3575443]
	GetHandleVerifier [0x00007FF63DD5B77A+860474]
	(No symbol) [0x00007FF63DC0088F]
	(No symbol) [0x00007FF63DBFCBC4]
	(No symbol) [0x00007FF63DBFCD66]
	(No symbol) [0x00007FF63DBEC2C9]
	BaseThreadInitThunk [0x00007FFF5C37259D+29]
	RtlUserThreadStart [0x00007FFF5D5AAF38+40]
</msg>
<arg>//button//span[contains(text(), 'รับทราบ')]</arg>
<doc>Click the element identified by ``locator``.</doc>
<status status="FAIL" start="2025-04-23T13:47:45.745536" elapsed="1.273142">StaleElementReferenceException: Message: stale element reference: stale element not found in the current frame
  (Session info: chrome=135.0.7049.96); For documentation on this error, please visit: https://www.selenium.dev/documentation/webdriver/troubleshooting/errors#stale-element-reference-exception
Stacktrace:
	GetHandleVerifier [0x00007FF63DC8FE45+26629]
	(No symbol) [0x00007FF63DBF6010]
	(No symbol) [0x00007FF63DA8931A]
	(No symbol) [0x00007FF63DA90C7C]
	(No symbol) [0x00007FF63DA93A3C]
	(No symbol) [0x00007FF63DA93B0F]
	(No symbol) [0x00007FF63DAE1A2D]
	(No symbol) [0x00007FF63DAD2810]
	(No symbol) [0x00007FF63DB07AAA]
	(No symbol) [0x00007FF63DAD2156]
	(No symbol) [0x00007FF63DB07CC0]
	(No symbol) [0x00007FF63DB30169]
	(No symbol) [0x00007FF63DB07883]
	(No symbol) [0x00007FF63DAD0550]
	(No symbol) [0x00007FF63DAD1803]
	GetHandleVerifier [0x00007FF63DFE72BD+3529853]
	GetHandleVerifier [0x00007FF63DFFDA22+3621858]
	GetHandleVerifier [0x00007FF63DFF24D3+3575443]
	GetHandleVerifier [0x00007FF63DD5B77A+860474]
	(No symbol) [0x00007FF63DC0088F]
	(No symbol) [0x00007FF63DBFCBC4]
	(No symbol) [0x00007FF63DBFCD66]
	(No symbol) [0x00007FF63DBEC2C9]
	BaseThreadInitThunk [0x00007FFF5C37259D+29]
	RtlUserThreadStart [0x00007FFF5D5AAF38+40]
</status>
</kw>
<status status="FAIL" start="2025-04-23T13:47:45.743971" elapsed="1.275707">StaleElementReferenceException: Message: stale element reference: stale element not found in the current frame
  (Session info: chrome=135.0.7049.96); For documentation on this error, please visit: https://www.selenium.dev/documentation/webdriver/troubleshooting/errors#stale-element-reference-exception
Stacktrace:
	GetHandleVerifier [0x00007FF63DC8FE45+26629]
	(No symbol) [0x00007FF63DBF6010]
	(No symbol) [0x00007FF63DA8931A]
	(No symbol) [0x00007FF63DA90C7C]
	(No symbol) [0x00007FF63DA93A3C]
	(No symbol) [0x00007FF63DA93B0F]
	(No symbol) [0x00007FF63DAE1A2D]
	(No symbol) [0x00007FF63DAD2810]
	(No symbol) [0x00007FF63DB07AAA]
	(No symbol) [0x00007FF63DAD2156]
	(No symbol) [0x00007FF63DB07CC0]
	(No symbol) [0x00007FF63DB30169]
	(No symbol) [0x00007FF63DB07883]
	(No symbol) [0x00007FF63DAD0550]
	(No symbol) [0x00007FF63DAD1803]
	GetHandleVerifier [0x00007FF63DFE72BD+3529853]
	GetHandleVerifier [0x00007FF63DFFDA22+3621858]
	GetHandleVerifier [0x00007FF63DFF24D3+3575443]
	GetHandleVerifier [0x00007FF63DD5B77A+860474]
	(No symbol) [0x00007FF63DC0088F]
	(No symbol) [0x00007FF63DBFCBC4]
	(No symbol) [0x00007FF63DBFCD66]
	(No symbol) [0x00007FF63DBEC2C9]
	BaseThreadInitThunk [0x00007FFF5C37259D+29]
	RtlUserThreadStart [0x00007FFF5D5AAF38+40]
</status>
</kw>
<arg>ยืนยันการข้าม Pop-up</arg>
<doc>Runs the given keyword with the given arguments and ignores possible error.</doc>
<status status="PASS" start="2025-04-23T13:47:45.743971" elapsed="1.276706"/>
</kw>
<doc>ทดสอบการทำงาน KYC Manual Key in</doc>
<status status="PASS" start="2025-04-23T13:47:30.680060" elapsed="16.341617"/>
</test>
<test id="s1-t2" name="2.เข้าหน้าจอKYC เลือกระบบ Manual Key in" line="54">
<kw name="เข้าหน้าจอKYC เลือกระบบ Manual Key in" owner="ManualKeyIn Keywords">
<kw name="Click Element" owner="SeleniumLibrary">
<msg time="2025-04-23T13:47:47.025190" level="INFO">Clicking element 'xpath=//a[contains(@class, 'sidebar-link') and .//div[contains(text(), 'KYC')]]'.</msg>
<arg>${KYC-ไทย}</arg>
<doc>Click the element identified by ``locator``.</doc>
<status status="PASS" start="2025-04-23T13:47:47.025190" elapsed="1.111866"/>
</kw>
<kw name="Click Element" owner="SeleniumLibrary">
<msg time="2025-04-23T13:47:48.138631" level="INFO">Clicking element 'xpath=//a[contains(@class, 'mat-list-item') and contains(., 'ยืนยันตัวตน')]'.</msg>
<arg>${ยืนยันตัวตน}</arg>
<doc>Click the element identified by ``locator``.</doc>
<status status="PASS" start="2025-04-23T13:47:48.137056" elapsed="1.135671"/>
</kw>
<kw name="Click Element" owner="SeleniumLibrary">
<msg time="2025-04-23T13:47:49.275258" level="INFO">Clicking element '//button[h4[contains(text(), 'Manual Key In')]]'.</msg>
<arg>${ไทย Manual Key In}</arg>
<doc>Click the element identified by ``locator``.</doc>
<status status="PASS" start="2025-04-23T13:47:49.273731" elapsed="1.326483"/>
</kw>
<status status="PASS" start="2025-04-23T13:47:47.025190" elapsed="3.576030"/>
</kw>
<status status="PASS" start="2025-04-23T13:47:47.022677" elapsed="3.579540"/>
</test>
<test id="s1-t3" name="3.ระบุข้อมูล" line="58">
<kw name="อัพโหลดไฟล์" owner="ManualKeyIn Keywords">
<kw name="Sleep" owner="BuiltIn">
<msg time="2025-04-23T13:47:53.620395" level="INFO">Slept 3 seconds.</msg>
<arg>3s</arg>
<doc>Pauses the test executed for the given time.</doc>
<status status="PASS" start="2025-04-23T13:47:50.609394" elapsed="3.011001"/>
</kw>
<kw name="Choose File" owner="SeleniumLibrary">
<msg time="2025-04-23T13:47:53.622414" level="INFO">Sending D:\AML_Project\AML_ProjectFileรูปบัตรประชาชน.png to browser.</msg>
<msg time="2025-04-23T13:47:54.996126" level="INFO" html="true">&lt;/td&gt;&lt;/tr&gt;&lt;tr&gt;&lt;td colspan="3"&gt;&lt;a href="selenium-screenshot-28.png"&gt;&lt;img src="selenium-screenshot-28.png" width="800px"&gt;&lt;/a&gt;</msg>
<msg time="2025-04-23T13:47:54.997163" level="FAIL">InvalidArgumentException: Message: invalid argument: File not found : D:AML_ProjectFileรูปบัตรประชาชน.png
  (Session info: chrome=135.0.7049.96)
Stacktrace:
	GetHandleVerifier [0x00007FF63DC8FE45+26629]
	(No symbol) [0x00007FF63DBF6010]
	(No symbol) [0x00007FF63DA8931A]
	(No symbol) [0x00007FF63DAD7493]
	(No symbol) [0x00007FF63DB07AAA]
	(No symbol) [0x00007FF63DAD2156]
	(No symbol) [0x00007FF63DB07CC0]
	(No symbol) [0x00007FF63DB30169]
	(No symbol) [0x00007FF63DB07883]
	(No symbol) [0x00007FF63DAD0550]
	(No symbol) [0x00007FF63DAD1803]
	GetHandleVerifier [0x00007FF63DFE72BD+3529853]
	GetHandleVerifier [0x00007FF63DFFDA22+3621858]
	GetHandleVerifier [0x00007FF63DFF24D3+3575443]
	GetHandleVerifier [0x00007FF63DD5B77A+860474]
	(No symbol) [0x00007FF63DC0088F]
	(No symbol) [0x00007FF63DBFCBC4]
	(No symbol) [0x00007FF63DBFCD66]
	(No symbol) [0x00007FF63DBEC2C9]
	BaseThreadInitThunk [0x00007FFF5C37259D+29]
	RtlUserThreadStart [0x00007FFF5D5AAF38+40]
</msg>
<arg>${อัพโหลด_xpath}</arg>
<arg>D:\AML_Project\File\รูปบัตรประชาชน.png</arg>
<doc>Inputs the ``file_path`` into the file input field ``locator``.</doc>
<status status="FAIL" start="2025-04-23T13:47:53.621416" elapsed="1.380728">InvalidArgumentException: Message: invalid argument: File not found : D:AML_ProjectFileรูปบัตรประชาชน.png
  (Session info: chrome=135.0.7049.96)
Stacktrace:
	GetHandleVerifier [0x00007FF63DC8FE45+26629]
	(No symbol) [0x00007FF63DBF6010]
	(No symbol) [0x00007FF63DA8931A]
	(No symbol) [0x00007FF63DAD7493]
	(No symbol) [0x00007FF63DB07AAA]
	(No symbol) [0x00007FF63DAD2156]
	(No symbol) [0x00007FF63DB07CC0]
	(No symbol) [0x00007FF63DB30169]
	(No symbol) [0x00007FF63DB07883]
	(No symbol) [0x00007FF63DAD0550]
	(No symbol) [0x00007FF63DAD1803]
	GetHandleVerifier [0x00007FF63DFE72BD+3529853]
	GetHandleVerifier [0x00007FF63DFFDA22+3621858]
	GetHandleVerifier [0x00007FF63DFF24D3+3575443]
	GetHandleVerifier [0x00007FF63DD5B77A+860474]
	(No symbol) [0x00007FF63DC0088F]
	(No symbol) [0x00007FF63DBFCBC4]
	(No symbol) [0x00007FF63DBFCD66]
	(No symbol) [0x00007FF63DBEC2C9]
	BaseThreadInitThunk [0x00007FFF5C37259D+29]
	RtlUserThreadStart [0x00007FFF5D5AAF38+40]
</status>
</kw>
<status status="FAIL" start="2025-04-23T13:47:50.608402" elapsed="4.393742">InvalidArgumentException: Message: invalid argument: File not found : D:AML_ProjectFileรูปบัตรประชาชน.png
  (Session info: chrome=135.0.7049.96)
Stacktrace:
	GetHandleVerifier [0x00007FF63DC8FE45+26629]
	(No symbol) [0x00007FF63DBF6010]
	(No symbol) [0x00007FF63DA8931A]
	(No symbol) [0x00007FF63DAD7493]
	(No symbol) [0x00007FF63DB07AAA]
	(No symbol) [0x00007FF63DAD2156]
	(No symbol) [0x00007FF63DB07CC0]
	(No symbol) [0x00007FF63DB30169]
	(No symbol) [0x00007FF63DB07883]
	(No symbol) [0x00007FF63DAD0550]
	(No symbol) [0x00007FF63DAD1803]
	GetHandleVerifier [0x00007FF63DFE72BD+3529853]
	GetHandleVerifier [0x00007FF63DFFDA22+3621858]
	GetHandleVerifier [0x00007FF63DFF24D3+3575443]
	GetHandleVerifier [0x00007FF63DD5B77A+860474]
	(No symbol) [0x00007FF63DC0088F]
	(No symbol) [0x00007FF63DBFCBC4]
	(No symbol) [0x00007FF63DBFCD66]
	(No symbol) [0x00007FF63DBEC2C9]
	BaseThreadInitThunk [0x00007FFF5C37259D+29]
	RtlUserThreadStart [0x00007FFF5D5AAF38+40]
</status>
</kw>
<status status="FAIL" start="2025-04-23T13:47:50.605216" elapsed="4.398928">InvalidArgumentException: Message: invalid argument: File not found : D:AML_ProjectFileรูปบัตรประชาชน.png
  (Session info: chrome=135.0.7049.96)
Stacktrace:
	GetHandleVerifier [0x00007FF63DC8FE45+26629]
	(No symbol) [0x00007FF63DBF6010]
	(No symbol) [0x00007FF63DA8931A]
	(No symbol) [0x00007FF63DAD7493]
	(No symbol) [0x00007FF63DB07AAA]
	(No symbol) [0x00007FF63DAD2156]
	(No symbol) [0x00007FF63DB07CC0]
	(No symbol) [0x00007FF63DB30169]
	(No symbol) [0x00007FF63DB07883]
	(No symbol) [0x00007FF63DAD0550]
	(No symbol) [0x00007FF63DAD1803]
	GetHandleVerifier [0x00007FF63DFE72BD+3529853]
	GetHandleVerifier [0x00007FF63DFFDA22+3621858]
	GetHandleVerifier [0x00007FF63DFF24D3+3575443]
	GetHandleVerifier [0x00007FF63DD5B77A+860474]
	(No symbol) [0x00007FF63DC0088F]
	(No symbol) [0x00007FF63DBFCBC4]
	(No symbol) [0x00007FF63DBFCD66]
	(No symbol) [0x00007FF63DBEC2C9]
	BaseThreadInitThunk [0x00007FFF5C37259D+29]
	RtlUserThreadStart [0x00007FFF5D5AAF38+40]
</status>
</test>
<status status="FAIL" start="2025-04-23T13:47:29.744759" elapsed="25.262437"/>
</suite>
<statistics>
<total>
<stat pass="2" fail="1" skip="0">All Tests</stat>
</total>
<tag>
</tag>
<suite>
<stat pass="2" fail="1" skip="0" id="s1" name="KYCMaual Tectcase1">KYCMaual Tectcase1</stat>
</suite>
</statistics>
<errors>
<msg time="2025-04-23T13:47:30.644913" level="ERROR">Error in file 'D:\AML_Project\Resources\Menu_name\KYC\ยืนยันตัวตน\Manual Key In\ManualKeyIn Keywords.robot' on line 78: Creating keyword 'ข้อมูลประเภท บุคคลธรรมดา&amp;ลูกค้าจร' failed: Keyword with same name defined multiple times.</msg>
<msg time="2025-04-23T13:47:30.655988" level="WARN">Error in file 'D:\AML_Project\Resources\Menu_name\KYC\ยืนยันตัวตน\KYC Variables.robot' on line 16: The '[Return]' setting is deprecated. Use the 'RETURN' statement instead.</msg>
<msg time="2025-04-23T13:47:30.656989" level="WARN">Error in file 'D:\AML_Project\Resources\Menu_name\KYC\ยืนยันตัวตน\KYC Variables.robot' on line 21: The '[Return]' setting is deprecated. Use the 'RETURN' statement instead.</msg>
<msg time="2025-04-23T13:47:30.673524" level="ERROR">Error in file 'D:\AML_Project\Resources\Menu_name\KYC\ยืนยันตัวตน\Manual Key In\Manual Key In Variables.robot' on line 79: Setting variable '${เป็นลูกค้าที่ไม่มีถิ่นที่อยู่ในประเทศไทย_เลือก_xpath}' failed: Resolving variable '${เป็นลูกค้าที่ไม่มีถิ่นที่อยู่ในประเทศไทย}' failed: Variable '${เป}' not found.</msg>
<msg time="2025-04-23T13:47:33.124761" level="WARN">The chromedriver version (134.0.6998.88) detected in PATH at C:\Users\suravesi\AppData\Local\Programs\Python\Python38\chromedriver.exe might not be compatible with the detected chrome version (135.0.7049.96); currently, chromedriver 135.0.7049.97 is recommended for chrome 135.*, so it is advised to delete the driver in PATH and retry</msg>
</errors>
</robot>
