<?xml version="1.0" encoding="UTF-8"?>
<robot generator="Robot 7.0.1 (Python 3.8.7 on win32)" generated="2025-04-10T17:15:03.020401" rpa="false" schemaversion="5">
<suite id="s1" name="ปปง1-03 Testcase1" source="D:\AML_Project\Testcase\AMLO\ปปง1-03\ปปง1-03_testcase1.robot">
<test id="s1-t1" name="1.open web IBank &amp; Login" line="29">
<kw name="Enteropen web IBank &amp; Login" owner="main_keywords">
<kw name="Open Browser" owner="SeleniumLibrary">
<msg time="2025-04-10T17:15:03.353265" level="INFO">Opening browser 'chrome' to base url 'https://172.26.59.117/login'.</msg>
<msg time="2025-04-10T17:15:04.588246" level="WARN">The chromedriver version (134.0.6998.88) detected in PATH at C:\Users\suravesi\AppData\Local\Programs\Python\Python38\chromedriver.exe might not be compatible with the detected chrome version (135.0.7049.85); currently, chromedriver 135.0.7049.84 is recommended for chrome 135.*, so it is advised to delete the driver in PATH and retry</msg>
<arg>${URL:IBank}</arg>
<arg>${Browser}</arg>
<arg>options=add_argument("--ignore-certificate-errors")</arg>
<doc>Opens a new browser instance to the optional ``url``.</doc>
<status status="PASS" start="2025-04-10T17:15:03.352263" elapsed="4.143087"/>
</kw>
<kw name="Maximize Browser Window" owner="SeleniumLibrary">
<doc>Maximizes current browser window.</doc>
<status status="PASS" start="2025-04-10T17:15:07.496349" elapsed="0.023717"/>
</kw>
<kw name="Set Selenium Speed" owner="SeleniumLibrary">
<arg>0.5s</arg>
<doc>Sets the delay that is waited after each Selenium command.</doc>
<status status="PASS" start="2025-04-10T17:15:07.521069" elapsed="0.000000"/>
</kw>
<kw name="Wait Until Element Is Visible" owner="SeleniumLibrary">
<arg>xpath=//input[contains(@class, 'inputLogin')]</arg>
<arg>5s</arg>
<doc>Waits until the element ``locator`` is visible.</doc>
<status status="PASS" start="2025-04-10T17:15:07.521069" elapsed="1.756863"/>
</kw>
<kw name="Input Text" owner="SeleniumLibrary">
<msg time="2025-04-10T17:15:09.278962" level="INFO">Typing text 'ittikornc' into text field 'xpath=//input[contains(@class, 'inputLogin')]'.</msg>
<arg>xpath=//input[contains(@class, 'inputLogin')]</arg>
<arg>${ID:dammi}</arg>
<doc>Types the given ``text`` into the text field identified by ``locator``.</doc>
<status status="PASS" start="2025-04-10T17:15:09.278962" elapsed="1.624232"/>
</kw>
<kw name="Input Password" owner="SeleniumLibrary">
<msg time="2025-04-10T17:15:10.905207" level="INFO">Typing password into text field 'xpath=//input[contains(@class, 'inputLogin') and @type='password']'.</msg>
<msg time="2025-04-10T17:15:11.948896" level="INFO">Temporally setting log level to: NONE</msg>
<arg>xpath=//input[contains(@class, 'inputLogin') and @type='password']</arg>
<arg>${password:dammi}</arg>
<doc>Types the given password into the text field identified by ``locator``.</doc>
<status status="PASS" start="2025-04-10T17:15:10.904209" elapsed="1.591459"/>
</kw>
<kw name="Click Element" owner="SeleniumLibrary">
<msg time="2025-04-10T17:15:12.497668" level="INFO">Clicking element '//button[contains(@class, 'mat-raised-button')]'.</msg>
<arg>//button[contains(@class, 'mat-raised-button')]</arg>
<doc>Click the element identified by ``locator``.</doc>
<status status="PASS" start="2025-04-10T17:15:12.497668" elapsed="1.087416"/>
</kw>
<status status="PASS" start="2025-04-10T17:15:03.352263" elapsed="10.232821"/>
</kw>
<kw name="Run Keyword And Ignore Error" owner="BuiltIn">
<kw name="ยืนยันการเข้าระบบ" owner="main_keywords">
<kw name="Click Element" owner="SeleniumLibrary">
<msg time="2025-04-10T17:15:13.587078" level="INFO">Clicking element '//button[contains(@class, 'mat-raised-button')]//i[contains(@class, 'fa-check')]'.</msg>
<arg>//button[contains(@class, 'mat-raised-button')]//i[contains(@class, 'fa-check')]</arg>
<doc>Click the element identified by ``locator``.</doc>
<status status="PASS" start="2025-04-10T17:15:13.587078" elapsed="1.072894"/>
</kw>
<status status="PASS" start="2025-04-10T17:15:13.586079" elapsed="1.073893"/>
</kw>
<arg>ยืนยันการเข้าระบบ</arg>
<doc>Runs the given keyword with the given arguments and ignores possible error.</doc>
<status status="PASS" start="2025-04-10T17:15:13.586079" elapsed="1.074900"/>
</kw>
<kw name="Run Keyword And Ignore Error" owner="BuiltIn">
<kw name="ยืนยันการข้าม Pop-up" owner="main_keywords">
<kw name="Click Element" owner="SeleniumLibrary">
<msg time="2025-04-10T17:15:14.662974" level="INFO">Clicking element '//button//span[contains(text(), 'รับทราบ')]'.</msg>
<msg time="2025-04-10T17:15:15.892074" level="INFO" html="true">&lt;/td&gt;&lt;/tr&gt;&lt;tr&gt;&lt;td colspan="3"&gt;&lt;a href="selenium-screenshot-170.png"&gt;&lt;img src="selenium-screenshot-170.png" width="800px"&gt;&lt;/a&gt;</msg>
<msg time="2025-04-10T17:15:15.892074" level="FAIL">StaleElementReferenceException: Message: stale element reference: stale element not found in the current frame
  (Session info: chrome=135.0.7049.85); For documentation on this error, please visit: https://www.selenium.dev/documentation/webdriver/troubleshooting/errors#stale-element-reference-exception
Stacktrace:
	GetHandleVerifier [0x00007FF66991FE45+26629]
	(No symbol) [0x00007FF669886010]
	(No symbol) [0x00007FF66971931A]
	(No symbol) [0x00007FF669720C7C]
	(No symbol) [0x00007FF669723A3C]
	(No symbol) [0x00007FF669723B0F]
	(No symbol) [0x00007FF669771A2D]
	(No symbol) [0x00007FF669762810]
	(No symbol) [0x00007FF669797AAA]
	(No symbol) [0x00007FF669762156]
	(No symbol) [0x00007FF669797CC0]
	(No symbol) [0x00007FF6697C0169]
	(No symbol) [0x00007FF669797883]
	(No symbol) [0x00007FF669760550]
	(No symbol) [0x00007FF669761803]
	GetHandleVerifier [0x00007FF669C772BD+3529853]
	GetHandleVerifier [0x00007FF669C8DA22+3621858]
	GetHandleVerifier [0x00007FF669C824D3+3575443]
	GetHandleVerifier [0x00007FF6699EB77A+860474]
	(No symbol) [0x00007FF66989088F]
	(No symbol) [0x00007FF66988CBC4]
	(No symbol) [0x00007FF66988CD66]
	(No symbol) [0x00007FF66987C2C9]
	BaseThreadInitThunk [0x00007FFC83C9259D+29]
	RtlUserThreadStart [0x00007FFC84BCAF38+40]
</msg>
<arg>//button//span[contains(text(), 'รับทราบ')]</arg>
<doc>Click the element identified by ``locator``.</doc>
<status status="FAIL" start="2025-04-10T17:15:14.661977" elapsed="1.240420">StaleElementReferenceException: Message: stale element reference: stale element not found in the current frame
  (Session info: chrome=135.0.7049.85); For documentation on this error, please visit: https://www.selenium.dev/documentation/webdriver/troubleshooting/errors#stale-element-reference-exception
Stacktrace:
	GetHandleVerifier [0x00007FF66991FE45+26629]
	(No symbol) [0x00007FF669886010]
	(No symbol) [0x00007FF66971931A]
	(No symbol) [0x00007FF669720C7C]
	(No symbol) [0x00007FF669723A3C]
	(No symbol) [0x00007FF669723B0F]
	(No symbol) [0x00007FF669771A2D]
	(No symbol) [0x00007FF669762810]
	(No symbol) [0x00007FF669797AAA]
	(No symbol) [0x00007FF669762156]
	(No symbol) [0x00007FF669797CC0]
	(No symbol) [0x00007FF6697C0169]
	(No symbol) [0x00007FF669797883]
	(No symbol) [0x00007FF669760550]
	(No symbol) [0x00007FF669761803]
	GetHandleVerifier [0x00007FF669C772BD+3529853]
	GetHandleVerifier [0x00007FF669C8DA22+3621858]
	GetHandleVerifier [0x00007FF669C824D3+3575443]
	GetHandleVerifier [0x00007FF6699EB77A+860474]
	(No symbol) [0x00007FF66989088F]
	(No symbol) [0x00007FF66988CBC4]
	(No symbol) [0x00007FF66988CD66]
	(No symbol) [0x00007FF66987C2C9]
	BaseThreadInitThunk [0x00007FFC83C9259D+29]
	RtlUserThreadStart [0x00007FFC84BCAF38+40]
</status>
</kw>
<status status="FAIL" start="2025-04-10T17:15:14.661977" elapsed="1.240420">StaleElementReferenceException: Message: stale element reference: stale element not found in the current frame
  (Session info: chrome=135.0.7049.85); For documentation on this error, please visit: https://www.selenium.dev/documentation/webdriver/troubleshooting/errors#stale-element-reference-exception
Stacktrace:
	GetHandleVerifier [0x00007FF66991FE45+26629]
	(No symbol) [0x00007FF669886010]
	(No symbol) [0x00007FF66971931A]
	(No symbol) [0x00007FF669720C7C]
	(No symbol) [0x00007FF669723A3C]
	(No symbol) [0x00007FF669723B0F]
	(No symbol) [0x00007FF669771A2D]
	(No symbol) [0x00007FF669762810]
	(No symbol) [0x00007FF669797AAA]
	(No symbol) [0x00007FF669762156]
	(No symbol) [0x00007FF669797CC0]
	(No symbol) [0x00007FF6697C0169]
	(No symbol) [0x00007FF669797883]
	(No symbol) [0x00007FF669760550]
	(No symbol) [0x00007FF669761803]
	GetHandleVerifier [0x00007FF669C772BD+3529853]
	GetHandleVerifier [0x00007FF669C8DA22+3621858]
	GetHandleVerifier [0x00007FF669C824D3+3575443]
	GetHandleVerifier [0x00007FF6699EB77A+860474]
	(No symbol) [0x00007FF66989088F]
	(No symbol) [0x00007FF66988CBC4]
	(No symbol) [0x00007FF66988CD66]
	(No symbol) [0x00007FF66987C2C9]
	BaseThreadInitThunk [0x00007FFC83C9259D+29]
	RtlUserThreadStart [0x00007FFC84BCAF38+40]
</status>
</kw>
<arg>ยืนยันการข้าม Pop-up</arg>
<doc>Runs the given keyword with the given arguments and ignores possible error.</doc>
<status status="PASS" start="2025-04-10T17:15:14.660979" elapsed="1.242416"/>
</kw>
<doc>ทดสอบการยื่นคำร้อง manual ของ ปปง.1-03 กรณี ยื่นคำร้องเอง</doc>
<status status="PASS" start="2025-04-10T17:15:03.351257" elapsed="12.552138"/>
</test>
<test id="s1-t2" name="2.เลือก AML &amp; ยื่นคำร้อง" line="35">
<kw name="Select the Submit Request menu" owner="keywords_Testcase_1-03">
<kw name="Click Element" owner="SeleniumLibrary">
<msg time="2025-04-10T17:15:15.906532" level="INFO">Clicking element 'xpath=//a[contains(@class, 'sidebar-link') and .//div[contains(text(), 'AML-ไทย')]]'.</msg>
<arg>${AML-ไทย}</arg>
<doc>Click the element identified by ``locator``.</doc>
<status status="PASS" start="2025-04-10T17:15:15.906532" elapsed="1.093769"/>
</kw>
<kw name="Click Element" owner="SeleniumLibrary">
<msg time="2025-04-10T17:15:17.001304" level="INFO">Clicking element 'xpath=//a[contains(@class, 'mat-list-item') and contains(., 'ยื่นคำร้อง Manual')]'.</msg>
<arg>${ยื่นคำร้องManual}</arg>
<doc>Click the element identified by ``locator``.</doc>
<status status="PASS" start="2025-04-10T17:15:17.001304" elapsed="1.119990"/>
</kw>
<status status="PASS" start="2025-04-10T17:15:15.905517" elapsed="2.215777"/>
</kw>
<status status="PASS" start="2025-04-10T17:15:15.904391" elapsed="2.217979"/>
</test>
<test id="s1-t3" name="3.เลือกรายการ_ปปง1-03" line="38">
<kw name="เลือกรายการ_ปปง1-03" owner="keywords_Testcase_1-03">
<kw name="Click Element" owner="SeleniumLibrary">
<msg time="2025-04-10T17:15:18.126394" level="INFO">Clicking element 'xpath=//mat-select[@aria-labelledby='mat-select-value-1']'.</msg>
<arg>${ประเภทรายงาน}</arg>
<doc>Click the element identified by ``locator``.</doc>
<status status="PASS" start="2025-04-10T17:15:18.126394" elapsed="1.082597"/>
</kw>
<kw name="Click Element" owner="SeleniumLibrary">
<msg time="2025-04-10T17:15:19.210016" level="INFO">Clicking element 'xpath=//mat-option[@ng-reflect-value='1-03']'.</msg>
<arg>${ปปง.1-03}</arg>
<doc>Click the element identified by ``locator``.</doc>
<status status="PASS" start="2025-04-10T17:15:19.208991" elapsed="1.088016"/>
</kw>
<status status="PASS" start="2025-04-10T17:15:18.125395" elapsed="2.171612"/>
</kw>
<status status="PASS" start="2025-04-10T17:15:18.123396" elapsed="2.174604"/>
</test>
<test id="s1-t4" name="4.รายงานล่าช้า &amp; ไม่ใช่ลูกค้าธนาคาร" line="42">
<kw name="ยื่นคำร้องรายงานล่าช้า &amp; พบพฤติกรรม &amp;ไม่ใช่ลูกค้าธนาคาร" owner="keywords_Testcase_1-03">
<kw name="Click Element" owner="SeleniumLibrary">
<msg time="2025-04-10T17:15:20.303004" level="INFO">Clicking element 'xpath=//mat-radio-button[@ng-reflect-value='01']'.</msg>
<arg>${รายงานเนื่องจาก_รายงานตัวช้า}</arg>
<doc>Click the element identified by ``locator``.</doc>
<status status="PASS" start="2025-04-10T17:15:20.302010" elapsed="1.070225"/>
</kw>
<kw name="Click Element" owner="SeleniumLibrary">
<msg time="2025-04-10T17:15:21.373238" level="INFO">Clicking element '(//mat-radio-button[@ng-reflect-value='01'])[2]'.</msg>
<arg>${แหล่งที่มาของเหตุอันควรสงสัย_พบพฤติกรรม/รายการทำธุรกรรมของลูกค้าที่มีเหตุอันควรสงสัย}</arg>
<doc>Click the element identified by ``locator``.</doc>
<status status="PASS" start="2025-04-10T17:15:21.373238" elapsed="1.075762"/>
</kw>
<kw name="Click Element" owner="SeleniumLibrary">
<msg time="2025-04-10T17:15:22.451011" level="INFO">Clicking element 'xpath=//mat-radio-button[@ng-reflect-value="NOT_CUSTOMER"]'.</msg>
<arg>${ค้าหาข้อมูลจากลูกค้าด้วย_บัตรประจำตัว_ไม่ใช้ลูกค้าธนาคาร}</arg>
<doc>Click the element identified by ``locator``.</doc>
<status status="PASS" start="2025-04-10T17:15:22.450012" elapsed="1.070099"/>
</kw>
<kw name="Click Element" owner="SeleniumLibrary">
<msg time="2025-04-10T17:15:23.521118" level="INFO">Clicking element 'xpath=//button[@mat-raised-button]'.</msg>
<arg>${ยื่นคำร้องManual_ถัดไป}</arg>
<doc>Click the element identified by ``locator``.</doc>
<status status="PASS" start="2025-04-10T17:15:23.521118" elapsed="1.209837"/>
</kw>
<status status="PASS" start="2025-04-10T17:15:20.301000" elapsed="4.430956"/>
</kw>
<status status="PASS" start="2025-04-10T17:15:20.299003" elapsed="4.433947"/>
</test>
<test id="s1-t5" name="5.ส่วนที่1" line="46">
<kw name="สุ่มเลขบัตร13หลัก" owner="AMLO Variables">
<kw name="Evaluate" owner="BuiltIn">
<msg time="2025-04-10T17:15:24.738957" level="INFO">${random_number} = 5194585509078</msg>
<var>${random_number}</var>
<arg>random.randint(${MIN}, ${MAX})</arg>
<arg>modules=random</arg>
<doc>Evaluates the given expression in Python and returns the result.</doc>
<status status="PASS" start="2025-04-10T17:15:24.737943" elapsed="0.001014"/>
</kw>
<kw name="Set Suite Variable" owner="BuiltIn">
<msg time="2025-04-10T17:15:24.739965" level="INFO">${random_number} = 5194585509078</msg>
<arg>${random_number}</arg>
<arg>${random_number}</arg>
<doc>Makes a variable available everywhere within the scope of the current suite.</doc>
<status status="PASS" start="2025-04-10T17:15:24.739965" elapsed="0.000000"/>
</kw>
<return>
<value>${random_number}</value>
<status status="PASS" start="2025-04-10T17:15:24.739965" elapsed="0.001005"/>
</return>
<status status="PASS" start="2025-04-10T17:15:24.736946" elapsed="0.004024"/>
</kw>
<kw name="ใช้งานเลขบัตร" owner="AMLO Variables">
<kw name="สุ่มเลขบัตร13หลัก" owner="AMLO Variables">
<kw name="Evaluate" owner="BuiltIn">
<msg time="2025-04-10T17:15:24.743947" level="INFO">${random_number} = 4230583420966</msg>
<var>${random_number}</var>
<arg>random.randint(${MIN}, ${MAX})</arg>
<arg>modules=random</arg>
<doc>Evaluates the given expression in Python and returns the result.</doc>
<status status="PASS" start="2025-04-10T17:15:24.742946" elapsed="0.001001"/>
</kw>
<kw name="Set Suite Variable" owner="BuiltIn">
<msg time="2025-04-10T17:15:24.744955" level="INFO">${random_number} = 4230583420966</msg>
<arg>${random_number}</arg>
<arg>${random_number}</arg>
<doc>Makes a variable available everywhere within the scope of the current suite.</doc>
<status status="PASS" start="2025-04-10T17:15:24.743947" elapsed="0.001008"/>
</kw>
<return>
<value>${random_number}</value>
<status status="PASS" start="2025-04-10T17:15:24.744955" elapsed="0.000000"/>
</return>
<msg time="2025-04-10T17:15:24.745962" level="INFO">${เลขที่บัตร} = 4230583420966</msg>
<var>${เลขที่บัตร}</var>
<status status="PASS" start="2025-04-10T17:15:24.742946" elapsed="0.003016"/>
</kw>
<kw name="Set Suite Variable" owner="BuiltIn">
<msg time="2025-04-10T17:15:24.745962" level="INFO">${เลขที่บัตร} = 4230583420966</msg>
<arg>${เลขที่บัตร}</arg>
<arg>${เลขที่บัตร}</arg>
<doc>Makes a variable available everywhere within the scope of the current suite.</doc>
<status status="PASS" start="2025-04-10T17:15:24.745962" elapsed="0.000994"/>
</kw>
<return>
<value>${เลขที่บัตร}</value>
<status status="PASS" start="2025-04-10T17:15:24.746956" elapsed="0.000000"/>
</return>
<status status="PASS" start="2025-04-10T17:15:24.741938" elapsed="0.005018"/>
</kw>
<kw name="ส่วนที่1 ระบุข้อมูล(ทำธุรกรรมด้วยตนเอง)" owner="keywords_Testcase_1-03">
<kw name="Input Text" owner="SeleniumLibrary">
<msg time="2025-04-10T17:15:24.749939" level="INFO">Typing text 'test' into text field 'xpath=//textarea[@ng-reflect-maxlength='2000']'.</msg>
<arg>${เหตุผลการรายงาน Mannual_เหตุผลในการรายงาน}</arg>
<arg>${เหตุผลในการรายงาน}</arg>
<doc>Types the given ``text`` into the text field identified by ``locator``.</doc>
<status status="PASS" start="2025-04-10T17:15:24.748943" elapsed="1.614458"/>
</kw>
<kw name="Click Element" owner="SeleniumLibrary">
<msg time="2025-04-10T17:15:26.365403" level="INFO">Clicking element 'xpath=//mat-select[@name='prefix']'.</msg>
<arg>${1.1_คำนำหน้าชื่อ}</arg>
<doc>Click the element identified by ``locator``.</doc>
<status status="PASS" start="2025-04-10T17:15:26.364406" elapsed="1.103399"/>
</kw>
<kw name="Click Element" owner="SeleniumLibrary">
<msg time="2025-04-10T17:15:27.468856" level="INFO">Clicking element 'xpath=//mat-option[@ng-reflect-value='นาย']'.</msg>
<arg>${1.1_คำนำหน้าชื่อ_เลือก}</arg>
<doc>Click the element identified by ``locator``.</doc>
<status status="PASS" start="2025-04-10T17:15:27.468856" elapsed="1.099935"/>
</kw>
<kw name="Input Text" owner="SeleniumLibrary">
<msg time="2025-04-10T17:15:28.569875" level="INFO">Typing text 'ลองเทส' into text field 'xpath=(//input[contains(@class, 'mat-input-element') and @maxlength='250' and @required])[1]'.</msg>
<arg>${1.1_ชื่อ}</arg>
<arg>${ชื่อ}</arg>
<doc>Types the given ``text`` into the text field identified by ``locator``.</doc>
<status status="PASS" start="2025-04-10T17:15:28.569875" elapsed="1.618446"/>
</kw>
<kw name="Input Text" owner="SeleniumLibrary">
<msg time="2025-04-10T17:15:30.190317" level="INFO">Typing text 'สุดหล่อ' into text field 'xpath=(//input[contains(@class, 'mat-input-element') and @maxlength='250' and @required])[2]'.</msg>
<arg>${1.1_นามสกุล}</arg>
<arg>${นามสกุล}</arg>
<doc>Types the given ``text`` into the text field identified by ``locator``.</doc>
<status status="PASS" start="2025-04-10T17:15:30.189320" elapsed="1.624629"/>
</kw>
<kw name="Input Text" owner="SeleniumLibrary">
<msg time="2025-04-10T17:15:31.814948" level="INFO">Typing text '4230583420966' into text field 'xpath=//input[@ng-reflect-maxlength='13']'.</msg>
<arg>${1.1_เอกสารประจำตัว_เลขที่}</arg>
<arg>${เลขที่บัตร}</arg>
<doc>Types the given ``text`` into the text field identified by ``locator``.</doc>
<status status="PASS" start="2025-04-10T17:15:31.814948" elapsed="1.682391"/>
</kw>
<kw name="Click Element" owner="SeleniumLibrary">
<msg time="2025-04-10T17:15:33.498361" level="INFO">Clicking element 'xpath=//mat-radio-button[contains(@class, 'mat-radio-button mat-accent') and @ng-reflect-value='0']'.</msg>
<arg>${1.1_เอกสารประจำตัว_ทำธุรกรรมด้วยตนเอง}</arg>
<doc>Click the element identified by ``locator``.</doc>
<status status="PASS" start="2025-04-10T17:15:33.497339" elapsed="1.094358"/>
</kw>
<kw name="Input Text" owner="SeleniumLibrary">
<msg time="2025-04-10T17:15:34.593712" level="INFO">Typing text 'เทส' into text field 'xpath=//input[contains(@class, 'mat-input-element') and @maxlength='300']'.</msg>
<arg>${1.2_ที่อยู่}</arg>
<arg>${ที่อยู่}</arg>
<doc>Types the given ``text`` into the text field identified by ``locator``.</doc>
<status status="PASS" start="2025-04-10T17:15:34.592713" elapsed="1.605379"/>
</kw>
<kw name="Click Element" owner="SeleniumLibrary">
<msg time="2025-04-10T17:15:36.199094" level="INFO">Clicking element '(//mat-select[@name='countryCode'])[1]'.</msg>
<arg>${1.2_ประเทศ}</arg>
<doc>Click the element identified by ``locator``.</doc>
<status status="PASS" start="2025-04-10T17:15:36.198092" elapsed="1.089112"/>
</kw>
<kw name="Click Element" owner="SeleniumLibrary">
<msg time="2025-04-10T17:15:37.288246" level="INFO">Clicking element 'xpath=//mat-option[span[contains(text(), 'ไทย')]]'.</msg>
<arg>${1.2_ที่อยู่_ประเทศ_ไทย}</arg>
<doc>Click the element identified by ``locator``.</doc>
<status status="PASS" start="2025-04-10T17:15:37.288246" elapsed="1.091765"/>
</kw>
<kw name="Click Element" owner="SeleniumLibrary">
<msg time="2025-04-10T17:15:38.381011" level="INFO">Clicking element '(//mat-select[.//span[contains(text(),'โปรดระบุ')]])[1]'.</msg>
<arg>${1.2_ที่อยู่_ประเทศ_จังหวัด}</arg>
<doc>Click the element identified by ``locator``.</doc>
<status status="PASS" start="2025-04-10T17:15:38.381011" elapsed="1.069982"/>
</kw>
<kw name="Click Element" owner="SeleniumLibrary">
<msg time="2025-04-10T17:15:39.452029" level="INFO">Clicking element 'xpath=//mat-option[.//span[contains(text(),'กรุงเทพมหานคร')]]'.</msg>
<arg>${1.2_ที่อยู่_ประเทศ_จังหวัด_เลือก}</arg>
<doc>Click the element identified by ``locator``.</doc>
<status status="PASS" start="2025-04-10T17:15:39.452029" elapsed="1.075433"/>
</kw>
<kw name="Click Element" owner="SeleniumLibrary">
<msg time="2025-04-10T17:15:40.528470" level="INFO">Clicking element '(//mat-select[.//span[contains(text(),'โปรดระบุ')]])[1]'.</msg>
<arg>${1.2_ที่อยู่_ประเทศ_อำเภอ}</arg>
<doc>Click the element identified by ``locator``.</doc>
<status status="PASS" start="2025-04-10T17:15:40.528470" elapsed="1.074880"/>
</kw>
<kw name="Click Element" owner="SeleniumLibrary">
<msg time="2025-04-10T17:15:41.605353" level="INFO">Clicking element 'xpath=//mat-option[.//span[contains(text(),'เขตจตุจักร')]]'.</msg>
<arg>${1.2_ที่อยู่_ประเทศ_อำเภอ_เลือก}</arg>
<doc>Click the element identified by ``locator``.</doc>
<status status="PASS" start="2025-04-10T17:15:41.604354" elapsed="1.102709"/>
</kw>
<kw name="Click Element" owner="SeleniumLibrary">
<msg time="2025-04-10T17:15:42.708095" level="INFO">Clicking element '(//mat-select[.//span[contains(text(),'โปรดระบุ')]])[1]'.</msg>
<arg>${1.2_ที่อยู่_ประเทศ_ตำบล}</arg>
<doc>Click the element identified by ``locator``.</doc>
<status status="PASS" start="2025-04-10T17:15:42.707063" elapsed="1.086980"/>
</kw>
<kw name="Click Element" owner="SeleniumLibrary">
<msg time="2025-04-10T17:15:43.795043" level="INFO">Clicking element 'xpath=//mat-option[.//span[contains(text(),'จตุจักร')]]'.</msg>
<arg>${1.2_ที่อยู่_ประเทศ_ตำบล_เลือก}</arg>
<doc>Click the element identified by ``locator``.</doc>
<status status="PASS" start="2025-04-10T17:15:43.794043" elapsed="1.073992"/>
</kw>
<kw name="Input Text" owner="SeleniumLibrary">
<msg time="2025-04-10T17:15:44.870150" level="INFO">Typing text '21229' into text field '(//input[@ng-reflect-maxlength='5'])[1]'.</msg>
<arg>${1.2_ที่อยู่_ประเทศ_รหัสไปรษณีย์_เลข}</arg>
<arg>${รหัสไปรษณีย์}</arg>
<doc>Types the given ``text`` into the text field identified by ``locator``.</doc>
<status status="PASS" start="2025-04-10T17:15:44.869137" elapsed="1.630382"/>
</kw>
<kw name="Click Element" owner="SeleniumLibrary">
<msg time="2025-04-10T17:15:46.500526" level="INFO">Clicking element 'xpath=//mat-select[@name='occupationType']'.</msg>
<arg>${1.3อาชีพ}</arg>
<doc>Click the element identified by ``locator``.</doc>
<status status="PASS" start="2025-04-10T17:15:46.500526" elapsed="1.105951"/>
</kw>
<kw name="Click Element" owner="SeleniumLibrary">
<msg time="2025-04-10T17:15:47.607638" level="INFO">Clicking element 'xpath=//mat-option[.//span[contains(text(), 'อาชีพอิสระ')]]'.</msg>
<arg>${1.3อาชีพ_เลือก}</arg>
<doc>Click the element identified by ``locator``.</doc>
<status status="PASS" start="2025-04-10T17:15:47.606477" elapsed="1.084796"/>
</kw>
<kw name="Input Text" owner="SeleniumLibrary">
<msg time="2025-04-10T17:15:48.692208" level="INFO">Typing text '0987654321123' into text field 'xpath=(//input[@ng-reflect-maxlength='13'])[2]'.</msg>
<arg>${1.5_เลขที่}</arg>
<arg>${เลขที่บัตร2}</arg>
<doc>Types the given ``text`` into the text field identified by ``locator``.</doc>
<status status="PASS" start="2025-04-10T17:15:48.691273" elapsed="1.666353"/>
</kw>
<status status="PASS" start="2025-04-10T17:15:24.748943" elapsed="25.608683"/>
</kw>
<kw name="ส่วนที่1 บันทึกและไปหน้าถัดไป" owner="keywords_Testcase_1-03">
<kw name="Click Element" owner="SeleniumLibrary">
<msg time="2025-04-10T17:15:50.360624" level="INFO">Clicking element 'xpath=//button[.//span[contains(text(), 'บันทึก')]]'.</msg>
<arg>${ส่วนที่1_บีนทึก}</arg>
<doc>Click the element identified by ``locator``.</doc>
<status status="PASS" start="2025-04-10T17:15:50.360624" elapsed="1.097306"/>
</kw>
<kw name="Sleep" owner="BuiltIn">
<msg time="2025-04-10T17:15:52.466708" level="INFO">Slept 1 second.</msg>
<arg>1s</arg>
<doc>Pauses the test executed for the given time.</doc>
<status status="PASS" start="2025-04-10T17:15:51.458918" elapsed="1.007790"/>
</kw>
<kw name="Click Element" owner="SeleniumLibrary">
<msg time="2025-04-10T17:15:52.467715" level="INFO">Clicking element '//button[.//span[contains(text(), 'ตกลง')]]'.</msg>
<arg>${ส่วนที่1_ตกลง}</arg>
<doc>Click the element identified by ``locator``.</doc>
<status status="PASS" start="2025-04-10T17:15:52.467715" elapsed="1.092441"/>
</kw>
<kw name="Click Element" owner="SeleniumLibrary">
<msg time="2025-04-10T17:15:53.561170" level="INFO">Clicking element '//button[contains(@class, 'mat-raised-button') and .//span[contains(text(), 'ถัดไป')]]'.</msg>
<arg>${ส่วนที่1_ถัดไป}</arg>
<doc>Click the element identified by ``locator``.</doc>
<status status="PASS" start="2025-04-10T17:15:53.560156" elapsed="1.101087"/>
</kw>
<status status="PASS" start="2025-04-10T17:15:50.359627" elapsed="4.302658"/>
</kw>
<status status="PASS" start="2025-04-10T17:15:24.735939" elapsed="29.927352"/>
</test>
<test id="s1-t6" name="6.ส่วนที่2" line="51">
<kw name="ส่วนที่2 ถัดไป" owner="keywords_Testcase_1-03">
<kw name="Click Element" owner="SeleniumLibrary">
<msg time="2025-04-10T17:15:54.668283" level="INFO">Clicking element '//button[contains(@class, 'mat-raised-button') and .//span[contains(text(), 'ถัดไป')]]'.</msg>
<arg>${ส่วนที่2_ถัดไป}</arg>
<doc>Click the element identified by ``locator``.</doc>
<status status="PASS" start="2025-04-10T17:15:54.667284" elapsed="1.096564"/>
</kw>
<status status="PASS" start="2025-04-10T17:15:54.666288" elapsed="1.098561"/>
</kw>
<status status="PASS" start="2025-04-10T17:15:54.665284" elapsed="1.100664"/>
</test>
<test id="s1-t7" name="7.รายงาน" line="53">
<kw name="เก็บรหัสCIF" owner="AMLO Variables">
<kw name="Wait Until Element Is Visible" owner="SeleniumLibrary">
<arg>${CIF_XPATH}</arg>
<arg>timeout=2s</arg>
<doc>Waits until the element ``locator`` is visible.</doc>
<status status="PASS" start="2025-04-10T17:15:55.768966" elapsed="1.033432"/>
</kw>
<kw name="Get Text" owner="SeleniumLibrary">
<msg time="2025-04-10T17:15:57.844013" level="INFO">${CIF} = MAN4230583420966</msg>
<var>${CIF}</var>
<arg>${CIF_XPATH}</arg>
<doc>Returns the text value of the element identified by ``locator``.</doc>
<status status="PASS" start="2025-04-10T17:15:56.803417" elapsed="1.040596"/>
</kw>
<kw name="Log To Console" owner="BuiltIn">
<arg>รหัสCIF ที่เก็บได้: ${CIF}</arg>
<doc>Logs the given message to the console.</doc>
<status status="PASS" start="2025-04-10T17:15:57.845231" elapsed="0.001013"/>
</kw>
<kw name="Set Suite Variable" owner="BuiltIn">
<msg time="2025-04-10T17:15:57.847247" level="INFO">${CIF} = MAN4230583420966</msg>
<arg>${CIF}</arg>
<arg>${CIF}</arg>
<doc>Makes a variable available everywhere within the scope of the current suite.</doc>
<status status="PASS" start="2025-04-10T17:15:57.846244" elapsed="0.001003"/>
</kw>
<return>
<value>${CIF}</value>
<status status="PASS" start="2025-04-10T17:15:57.847247" elapsed="0.000000"/>
</return>
<status status="PASS" start="2025-04-10T17:15:55.768966" elapsed="2.079280"/>
</kw>
<kw name="ส่วนที่ 3 พบความผิดปกติ" owner="keywords_Testcase_1-03">
<kw name="Click Element" owner="SeleniumLibrary">
<msg time="2025-04-10T17:15:57.850761" level="INFO">Clicking element '//mat-radio-button[label//span[contains(text(), 'พบความผิดปกติ')]]'.</msg>
<arg>${พบความผิดปกติ}</arg>
<doc>Click the element identified by ``locator``.</doc>
<status status="PASS" start="2025-04-10T17:15:57.849765" elapsed="1.086383"/>
</kw>
<kw name="Click Element" owner="SeleniumLibrary">
<msg time="2025-04-10T17:15:58.937135" level="INFO">Clicking element '//mat-radio-button[label//span[contains(text(), 'ขออนุมัติรายงานธุรกรรมที่มีเหตุอันควรสงสัย')]]'.</msg>
<arg>${ขออนุมัติรายงานธุรกรรมที่มีเหตุอันควรสงสัย}</arg>
<doc>Click the element identified by ``locator``.</doc>
<status status="PASS" start="2025-04-10T17:15:58.937135" elapsed="1.059997"/>
</kw>
<kw name="Input Text" owner="SeleniumLibrary">
<msg time="2025-04-10T17:15:59.999159" level="INFO">Typing text 'test' into text field '//textarea[contains(@class, 'mat-input-element')]'.</msg>
<arg>${3.เหตุผลประกอบการพิจารณา}</arg>
<arg>${เหตุผลประกอบการพิจารณา}</arg>
<doc>Types the given ``text`` into the text field identified by ``locator``.</doc>
<status status="PASS" start="2025-04-10T17:15:59.998160" elapsed="1.582692"/>
</kw>
<status status="PASS" start="2025-04-10T17:15:57.848741" elapsed="3.733117"/>
</kw>
<kw name="ส่วนที่ 3 บันทึกข้อมูล" owner="keywords_Testcase_1-03">
<kw name="เก็บรหัสCIF" owner="AMLO Variables">
<kw name="Wait Until Element Is Visible" owner="SeleniumLibrary">
<arg>${CIF_XPATH}</arg>
<arg>timeout=2s</arg>
<doc>Waits until the element ``locator`` is visible.</doc>
<status status="PASS" start="2025-04-10T17:16:01.583853" elapsed="1.039509"/>
</kw>
<kw name="Get Text" owner="SeleniumLibrary">
<msg time="2025-04-10T17:16:03.665072" level="INFO">${CIF} = MAN4230583420966</msg>
<var>${CIF}</var>
<arg>${CIF_XPATH}</arg>
<doc>Returns the text value of the element identified by ``locator``.</doc>
<status status="PASS" start="2025-04-10T17:16:02.624405" elapsed="1.040667"/>
</kw>
<kw name="Log To Console" owner="BuiltIn">
<arg>รหัสCIF ที่เก็บได้: ${CIF}</arg>
<doc>Logs the given message to the console.</doc>
<status status="PASS" start="2025-04-10T17:16:03.666080" elapsed="0.001000"/>
</kw>
<kw name="Set Suite Variable" owner="BuiltIn">
<msg time="2025-04-10T17:16:03.668075" level="INFO">${CIF} = MAN4230583420966</msg>
<arg>${CIF}</arg>
<arg>${CIF}</arg>
<doc>Makes a variable available everywhere within the scope of the current suite.</doc>
<status status="PASS" start="2025-04-10T17:16:03.668075" elapsed="0.000000"/>
</kw>
<return>
<value>${CIF}</value>
<status status="PASS" start="2025-04-10T17:16:03.668075" elapsed="0.000999"/>
</return>
<status status="PASS" start="2025-04-10T17:16:01.582853" elapsed="2.086221"/>
</kw>
<kw name="Click Element" owner="SeleniumLibrary">
<msg time="2025-04-10T17:16:03.670079" level="INFO">Clicking element 'xpath=//button[.//span[contains(text(), 'บันทึก')]]'.</msg>
<arg>${ส่วนที่1_บีนทึก}</arg>
<doc>Click the element identified by ``locator``.</doc>
<status status="PASS" start="2025-04-10T17:16:03.669074" elapsed="1.084964"/>
</kw>
<kw name="Sleep" owner="BuiltIn">
<msg time="2025-04-10T17:16:05.766111" level="INFO">Slept 1 second.</msg>
<arg>1s</arg>
<doc>Pauses the test executed for the given time.</doc>
<status status="PASS" start="2025-04-10T17:16:04.754038" elapsed="1.012073"/>
</kw>
<kw name="Click Element" owner="SeleniumLibrary">
<msg time="2025-04-10T17:16:05.767126" level="INFO">Clicking element '//button[.//span[contains(text(), 'ตกลง')]]'.</msg>
<arg>${ส่วนที่1_ตกลง}</arg>
<doc>Click the element identified by ``locator``.</doc>
<status status="PASS" start="2025-04-10T17:16:05.767126" elapsed="1.080407"/>
</kw>
<status status="PASS" start="2025-04-10T17:16:01.582853" elapsed="5.264680"/>
</kw>
<kw name="ส่วนที่ 3 ข้ออนุมัติ" owner="keywords_Testcase_1-03">
<kw name="Click Element" owner="SeleniumLibrary">
<msg time="2025-04-10T17:16:06.848544" level="INFO">Clicking element '//button//span[contains(text(), 'ขออนุมัติ')]'.</msg>
<arg>${ขออนุมัติ}</arg>
<doc>Click the element identified by ``locator``.</doc>
<status status="PASS" start="2025-04-10T17:16:06.848544" elapsed="1.070307"/>
</kw>
<kw name="Click Element" owner="SeleniumLibrary">
<msg time="2025-04-10T17:16:07.919852" level="INFO">Clicking element '//button//span[contains(text(), 'ยืนยัน')]'.</msg>
<arg>${ส่วนที่3_ยืนยัน}</arg>
<doc>Click the element identified by ``locator``.</doc>
<status status="PASS" start="2025-04-10T17:16:07.918851" elapsed="1.086248"/>
</kw>
<status status="PASS" start="2025-04-10T17:16:06.847533" elapsed="2.157566"/>
</kw>
<status status="PASS" start="2025-04-10T17:15:55.766971" elapsed="13.239725"/>
</test>
<test id="s1-t8" name="8.เปลี่ยนUserอนุมัติข้อมูล" line="59">
<kw name="กดปุ่มตกลง" owner="keywordการค้นหา">
<kw name="Sleep" owner="BuiltIn">
<msg time="2025-04-10T17:16:12.025753" level="INFO">Slept 3 seconds.</msg>
<arg>3s</arg>
<doc>Pauses the test executed for the given time.</doc>
<status status="PASS" start="2025-04-10T17:16:09.010707" elapsed="3.015046"/>
</kw>
<kw name="Wait Until Element Is Visible" owner="SeleniumLibrary">
<arg>${ปุ่มตกลง}</arg>
<arg>5s</arg>
<doc>Waits until the element ``locator`` is visible.</doc>
<status status="PASS" start="2025-04-10T17:16:12.026758" elapsed="1.039568"/>
</kw>
<kw name="Click Element" owner="SeleniumLibrary">
<msg time="2025-04-10T17:16:13.067325" level="INFO">Clicking element '//button[.//span[contains(text(), 'ตกลง')]]'.</msg>
<arg>${ปุ่มตกลง}</arg>
<doc>Click the element identified by ``locator``.</doc>
<status status="PASS" start="2025-04-10T17:16:13.067325" elapsed="1.060132"/>
</kw>
<status status="PASS" start="2025-04-10T17:16:09.010707" elapsed="5.117791"/>
</kw>
<kw name="ออกจากระบบ" owner="main_keywords">
<kw name="Click Element" owner="SeleniumLibrary">
<msg time="2025-04-10T17:16:14.130486" level="INFO">Clicking element '//button//span[contains(text(), 'ออกจากระบบ')]'.</msg>
<arg>${ปุ่มออกจากระบบ}</arg>
<doc>Click the element identified by ``locator``.</doc>
<status status="PASS" start="2025-04-10T17:16:14.129498" elapsed="1.104866"/>
</kw>
<status status="PASS" start="2025-04-10T17:16:14.129498" elapsed="1.105952"/>
</kw>
<kw name="เข้าUserหัวหน้าอนุมัติข้อมูล" owner="main_keywords">
<kw name="Wait Until Element Is Visible" owner="SeleniumLibrary">
<arg>xpath=//input[contains(@class, 'inputLogin')]</arg>
<arg>5s</arg>
<doc>Waits until the element ``locator`` is visible.</doc>
<status status="PASS" start="2025-04-10T17:16:15.236974" elapsed="1.024073"/>
</kw>
<kw name="Input Text" owner="SeleniumLibrary">
<msg time="2025-04-10T17:16:16.262044" level="INFO">Typing text 'ANNDAK' into text field 'xpath=//input[contains(@class, 'inputLogin')]'.</msg>
<arg>xpath=//input[contains(@class, 'inputLogin')]</arg>
<arg>${ID:อนุมัติ}</arg>
<doc>Types the given ``text`` into the text field identified by ``locator``.</doc>
<status status="PASS" start="2025-04-10T17:16:16.262044" elapsed="1.614151"/>
</kw>
<kw name="Input Password" owner="SeleniumLibrary">
<msg time="2025-04-10T17:16:17.877192" level="INFO">Typing password into text field 'xpath=//input[contains(@class, 'inputLogin') and @type='password']'.</msg>
<msg time="2025-04-10T17:16:18.935996" level="INFO">Temporally setting log level to: NONE</msg>
<arg>xpath=//input[contains(@class, 'inputLogin') and @type='password']</arg>
<arg>${password:อนุมัติ}</arg>
<doc>Types the given password into the text field identified by ``locator``.</doc>
<status status="PASS" start="2025-04-10T17:16:17.877192" elapsed="1.608007"/>
</kw>
<kw name="Click Element" owner="SeleniumLibrary">
<msg time="2025-04-10T17:16:19.486201" level="INFO">Clicking element '//button[contains(@class, 'mat-raised-button')]'.</msg>
<arg>//button[contains(@class, 'mat-raised-button')]</arg>
<doc>Click the element identified by ``locator``.</doc>
<status status="PASS" start="2025-04-10T17:16:19.485199" elapsed="1.102389"/>
</kw>
<status status="PASS" start="2025-04-10T17:16:15.235962" elapsed="5.351626"/>
</kw>
<kw name="Run Keyword And Ignore Error" owner="BuiltIn">
<kw name="ยืนยันการเข้าระบบ" owner="main_keywords">
<kw name="Click Element" owner="SeleniumLibrary">
<msg time="2025-04-10T17:16:20.590587" level="INFO">Clicking element '//button[contains(@class, 'mat-raised-button')]//i[contains(@class, 'fa-check')]'.</msg>
<arg>//button[contains(@class, 'mat-raised-button')]//i[contains(@class, 'fa-check')]</arg>
<doc>Click the element identified by ``locator``.</doc>
<status status="PASS" start="2025-04-10T17:16:20.590587" elapsed="1.069009"/>
</kw>
<status status="PASS" start="2025-04-10T17:16:20.589589" elapsed="1.071009"/>
</kw>
<arg>ยืนยันการเข้าระบบ</arg>
<doc>Runs the given keyword with the given arguments and ignores possible error.</doc>
<status status="PASS" start="2025-04-10T17:16:20.588590" elapsed="1.072008"/>
</kw>
<kw name="Run Keyword And Ignore Error" owner="BuiltIn">
<kw name="ยืนยันการข้าม Pop-up" owner="main_keywords">
<kw name="Click Element" owner="SeleniumLibrary">
<msg time="2025-04-10T17:16:21.661596" level="INFO">Clicking element '//button//span[contains(text(), 'รับทราบ')]'.</msg>
<msg time="2025-04-10T17:16:22.807909" level="INFO" html="true">&lt;/td&gt;&lt;/tr&gt;&lt;tr&gt;&lt;td colspan="3"&gt;&lt;a href="selenium-screenshot-171.png"&gt;&lt;img src="selenium-screenshot-171.png" width="800px"&gt;&lt;/a&gt;</msg>
<msg time="2025-04-10T17:16:22.808906" level="FAIL">StaleElementReferenceException: Message: stale element reference: stale element not found in the current frame
  (Session info: chrome=135.0.7049.85); For documentation on this error, please visit: https://www.selenium.dev/documentation/webdriver/troubleshooting/errors#stale-element-reference-exception
Stacktrace:
	GetHandleVerifier [0x00007FF66991FE45+26629]
	(No symbol) [0x00007FF669886010]
	(No symbol) [0x00007FF66971931A]
	(No symbol) [0x00007FF669720C7C]
	(No symbol) [0x00007FF669723A3C]
	(No symbol) [0x00007FF669723B0F]
	(No symbol) [0x00007FF669771A2D]
	(No symbol) [0x00007FF669762810]
	(No symbol) [0x00007FF669797AAA]
	(No symbol) [0x00007FF669762156]
	(No symbol) [0x00007FF669797CC0]
	(No symbol) [0x00007FF6697C0169]
	(No symbol) [0x00007FF669797883]
	(No symbol) [0x00007FF669760550]
	(No symbol) [0x00007FF669761803]
	GetHandleVerifier [0x00007FF669C772BD+3529853]
	GetHandleVerifier [0x00007FF669C8DA22+3621858]
	GetHandleVerifier [0x00007FF669C824D3+3575443]
	GetHandleVerifier [0x00007FF6699EB77A+860474]
	(No symbol) [0x00007FF66989088F]
	(No symbol) [0x00007FF66988CBC4]
	(No symbol) [0x00007FF66988CD66]
	(No symbol) [0x00007FF66987C2C9]
	BaseThreadInitThunk [0x00007FFC83C9259D+29]
	RtlUserThreadStart [0x00007FFC84BCAF38+40]
</msg>
<arg>//button//span[contains(text(), 'รับทราบ')]</arg>
<doc>Click the element identified by ``locator``.</doc>
<status status="FAIL" start="2025-04-10T17:16:21.661596" elapsed="1.148314">StaleElementReferenceException: Message: stale element reference: stale element not found in the current frame
  (Session info: chrome=135.0.7049.85); For documentation on this error, please visit: https://www.selenium.dev/documentation/webdriver/troubleshooting/errors#stale-element-reference-exception
Stacktrace:
	GetHandleVerifier [0x00007FF66991FE45+26629]
	(No symbol) [0x00007FF669886010]
	(No symbol) [0x00007FF66971931A]
	(No symbol) [0x00007FF669720C7C]
	(No symbol) [0x00007FF669723A3C]
	(No symbol) [0x00007FF669723B0F]
	(No symbol) [0x00007FF669771A2D]
	(No symbol) [0x00007FF669762810]
	(No symbol) [0x00007FF669797AAA]
	(No symbol) [0x00007FF669762156]
	(No symbol) [0x00007FF669797CC0]
	(No symbol) [0x00007FF6697C0169]
	(No symbol) [0x00007FF669797883]
	(No symbol) [0x00007FF669760550]
	(No symbol) [0x00007FF669761803]
	GetHandleVerifier [0x00007FF669C772BD+3529853]
	GetHandleVerifier [0x00007FF669C8DA22+3621858]
	GetHandleVerifier [0x00007FF669C824D3+3575443]
	GetHandleVerifier [0x00007FF6699EB77A+860474]
	(No symbol) [0x00007FF66989088F]
	(No symbol) [0x00007FF66988CBC4]
	(No symbol) [0x00007FF66988CD66]
	(No symbol) [0x00007FF66987C2C9]
	BaseThreadInitThunk [0x00007FFC83C9259D+29]
	RtlUserThreadStart [0x00007FFC84BCAF38+40]
</status>
</kw>
<status status="FAIL" start="2025-04-10T17:16:21.661596" elapsed="1.149312">StaleElementReferenceException: Message: stale element reference: stale element not found in the current frame
  (Session info: chrome=135.0.7049.85); For documentation on this error, please visit: https://www.selenium.dev/documentation/webdriver/troubleshooting/errors#stale-element-reference-exception
Stacktrace:
	GetHandleVerifier [0x00007FF66991FE45+26629]
	(No symbol) [0x00007FF669886010]
	(No symbol) [0x00007FF66971931A]
	(No symbol) [0x00007FF669720C7C]
	(No symbol) [0x00007FF669723A3C]
	(No symbol) [0x00007FF669723B0F]
	(No symbol) [0x00007FF669771A2D]
	(No symbol) [0x00007FF669762810]
	(No symbol) [0x00007FF669797AAA]
	(No symbol) [0x00007FF669762156]
	(No symbol) [0x00007FF669797CC0]
	(No symbol) [0x00007FF6697C0169]
	(No symbol) [0x00007FF669797883]
	(No symbol) [0x00007FF669760550]
	(No symbol) [0x00007FF669761803]
	GetHandleVerifier [0x00007FF669C772BD+3529853]
	GetHandleVerifier [0x00007FF669C8DA22+3621858]
	GetHandleVerifier [0x00007FF669C824D3+3575443]
	GetHandleVerifier [0x00007FF6699EB77A+860474]
	(No symbol) [0x00007FF66989088F]
	(No symbol) [0x00007FF66988CBC4]
	(No symbol) [0x00007FF66988CD66]
	(No symbol) [0x00007FF66987C2C9]
	BaseThreadInitThunk [0x00007FFC83C9259D+29]
	RtlUserThreadStart [0x00007FFC84BCAF38+40]
</status>
</kw>
<arg>ยืนยันการข้าม Pop-up</arg>
<doc>Runs the given keyword with the given arguments and ignores possible error.</doc>
<status status="PASS" start="2025-04-10T17:16:21.661596" elapsed="1.149312"/>
</kw>
<status status="PASS" start="2025-04-10T17:16:09.008715" elapsed="13.803193"/>
</test>
<test id="s1-t9" name="9.เลือกรายการ" line="66">
<kw name="เลือกเมนูView Alert รายงาน ปปง. 1-01, 1-02, 1-03, 1-05-9" owner="AMLO Variables">
<kw name="Click Element" owner="SeleniumLibrary">
<msg time="2025-04-10T17:16:22.816906" level="INFO">Clicking element 'xpath=//a[contains(@class, 'mat-list-item') and contains(., ' View Alert รายงาน ปปง. 1-01, 1-02,1-03, 1-05-9 ')]'.</msg>
<arg>${View Alert รายงาน ปปง. 1-01, 1-02, 1-03, 1-05-9}</arg>
<doc>Click the element identified by ``locator``.</doc>
<status status="PASS" start="2025-04-10T17:16:22.816906" elapsed="1.144662"/>
</kw>
<status status="PASS" start="2025-04-10T17:16:22.815907" elapsed="1.145661"/>
</kw>
<kw name="ค้นหารายงานด้วย CIF" owner="keywordการค้นหา">
<kw name="Input Text" owner="SeleniumLibrary">
<msg time="2025-04-10T17:16:23.963570" level="INFO">Typing text 'MAN4230583420966' into text field '//input[@ng-reflect-name="cifNo"]'.</msg>
<arg>${ค้นหาCIF}</arg>
<arg>${CIF}</arg>
<doc>Types the given ``text`` into the text field identified by ``locator``.</doc>
<status status="PASS" start="2025-04-10T17:16:23.962567" elapsed="1.628716"/>
</kw>
<kw name="Sleep" owner="BuiltIn">
<msg time="2025-04-10T17:16:27.597162" level="INFO">Slept 2 seconds.</msg>
<arg>2s</arg>
<doc>Pauses the test executed for the given time.</doc>
<status status="PASS" start="2025-04-10T17:16:25.591283" elapsed="2.005879"/>
</kw>
<kw name="Wait Until Element Is Visible" owner="SeleniumLibrary">
<arg>${ปุ่มค้นหา}</arg>
<arg>5s</arg>
<doc>Waits until the element ``locator`` is visible.</doc>
<status status="PASS" start="2025-04-10T17:16:27.597162" elapsed="1.030355"/>
</kw>
<kw name="Click Element" owner="SeleniumLibrary">
<msg time="2025-04-10T17:16:28.628518" level="INFO">Clicking element '//button[.//span[contains(text(), 'ค้นหา')]]'.</msg>
<arg>${ปุ่มค้นหา}</arg>
<doc>Click the element identified by ``locator``.</doc>
<status status="PASS" start="2025-04-10T17:16:28.628518" elapsed="1.074841"/>
</kw>
<status status="PASS" start="2025-04-10T17:16:23.962567" elapsed="5.740792"/>
</kw>
<status status="PASS" start="2025-04-10T17:16:22.813901" elapsed="6.891461"/>
</test>
<test id="s1-t10" name="10.อนุมัติรายการ" line="69">
<kw name="เลือกอนุมัติรายการ" owner="keywordการค้นหา">
<kw name="Click Element" owner="SeleniumLibrary">
<msg time="2025-04-10T17:16:29.709368" level="INFO">Clicking element '//button[.//span[contains(text(), 'Approve')]]'.</msg>
<arg>${ปุ่มApprove}</arg>
<doc>Click the element identified by ``locator``.</doc>
<status status="PASS" start="2025-04-10T17:16:29.708358" elapsed="1.146943"/>
</kw>
<kw name="Click Element" owner="SeleniumLibrary">
<msg time="2025-04-10T17:16:30.856310" level="INFO">Clicking element '//button[.//span[contains(text(), 'อนุมัติ')]]'.</msg>
<arg>${ปุ่มอนุมัติ}</arg>
<doc>Click the element identified by ``locator``.</doc>
<status status="PASS" start="2025-04-10T17:16:30.855301" elapsed="1.089629"/>
</kw>
<kw name="Click Element" owner="SeleniumLibrary">
<msg time="2025-04-10T17:16:31.946086" level="INFO">Clicking element '//button[.//span[contains(text(), 'ยืนยัน')]]'.</msg>
<arg>${ปุ่มยืนยัน}</arg>
<doc>Click the element identified by ``locator``.</doc>
<status status="PASS" start="2025-04-10T17:16:31.944930" elapsed="1.076857"/>
</kw>
<kw name="Click Element" owner="SeleniumLibrary">
<msg time="2025-04-10T17:16:33.023814" level="INFO">Clicking element '//button[.//span[contains(text(), 'ตกลง')]]'.</msg>
<arg>${ปุ่มตกลง}</arg>
<doc>Click the element identified by ``locator``.</doc>
<status status="PASS" start="2025-04-10T17:16:33.022805" elapsed="1.072444"/>
</kw>
<status status="PASS" start="2025-04-10T17:16:29.708358" elapsed="4.386891"/>
</kw>
<status status="PASS" start="2025-04-10T17:16:29.707359" elapsed="4.388891"/>
</test>
<test id="s1-t11" name="จบการทำงาน" line="71">
<kw name="จบการทำงาน" owner="main_keywords">
<kw name="Sleep" owner="BuiltIn">
<msg time="2025-04-10T17:16:39.116500" level="INFO">Slept 5 seconds.</msg>
<arg>5s</arg>
<doc>Pauses the test executed for the given time.</doc>
<status status="PASS" start="2025-04-10T17:16:34.101071" elapsed="5.015429"/>
</kw>
<kw name="Capture Page Screenshot" owner="SeleniumLibrary">
<msg time="2025-04-10T17:16:39.764682" level="INFO" html="true">&lt;/td&gt;&lt;/tr&gt;&lt;tr&gt;&lt;td colspan="3"&gt;&lt;a href="selenium-screenshot-172.png"&gt;&lt;img src="selenium-screenshot-172.png" width="800px"&gt;&lt;/a&gt;</msg>
<doc>Takes a screenshot of the current page and embeds it into a log file.</doc>
<status status="PASS" start="2025-04-10T17:16:39.116500" elapsed="0.649167"/>
</kw>
<kw name="Log" owner="BuiltIn">
<msg time="2025-04-10T17:16:39.765667" level="INFO">Test Teardown Completed</msg>
<arg>Test Teardown Completed</arg>
<doc>Logs the given message with the given level.</doc>
<status status="PASS" start="2025-04-10T17:16:39.765667" elapsed="0.000000"/>
</kw>
<kw name="Close Browser" owner="SeleniumLibrary">
<doc>Closes the current browser.</doc>
<status status="PASS" start="2025-04-10T17:16:39.766682" elapsed="3.406237"/>
</kw>
<status status="PASS" start="2025-04-10T17:16:34.100050" elapsed="9.072869"/>
</kw>
<status status="PASS" start="2025-04-10T17:16:34.098258" elapsed="9.075664"/>
</test>
<status status="PASS" start="2025-04-10T17:15:03.029403" elapsed="100.145519"/>
</suite>
<statistics>
<total>
<stat pass="11" fail="0" skip="0">All Tests</stat>
</total>
<tag>
</tag>
<suite>
<stat pass="11" fail="0" skip="0" id="s1" name="ปปง1-03 Testcase1">ปปง1-03 Testcase1</stat>
</suite>
</statistics>
<errors>
<msg time="2025-04-10T17:15:03.312271" level="WARN">Error in file 'D:\AML_Project\Resources\Menu_name\AML\ยื่นคำร้อง Manual\AMLO Variables.robot' on line 23: The '[Return]' setting is deprecated. Use the 'RETURN' statement instead.</msg>
<msg time="2025-04-10T17:15:03.312271" level="WARN">Error in file 'D:\AML_Project\Resources\Menu_name\AML\ยื่นคำร้อง Manual\AMLO Variables.robot' on line 29: The '[Return]' setting is deprecated. Use the 'RETURN' statement instead.</msg>
<msg time="2025-04-10T17:15:03.313256" level="WARN">Error in file 'D:\AML_Project\Resources\Menu_name\AML\ยื่นคำร้อง Manual\AMLO Variables.robot' on line 33: The '[Return]' setting is deprecated. Use the 'RETURN' statement instead.</msg>
<msg time="2025-04-10T17:15:03.330260" level="ERROR">Error in file 'D:\AML_Project\Resources\Menu_name\AML\ยื่นคำร้อง Manual\ปปง1-03\ปปง1-03_va.robot' on line 126: Setting variable '${2.1_คำนำหน้าชื่อ_เลือก}' failed: Resolving variable '${คำนำหน้า_ส่วน2}' failed: Variable '${คำนำหน}' not found. Did you mean:
    ${คำนำหน้า}</msg>
<msg time="2025-04-10T17:15:03.335260" level="ERROR">Error in file 'D:\AML_Project\Resources\Menu_name\AML\ยื่นคำร้อง Manual\ปปง1-03\ปปง1-03_va.robot' on line 140: Setting variable '${2.2_ที่อยู่_ประเทศ_จังหวัด_เลือก}' failed: Resolving variable '${companyProvince_ส่วน2}' failed: Variable '${companyProvince_ส}' not found. Did you mean:
    ${companyProvince}</msg>
<msg time="2025-04-10T17:15:03.340260" level="ERROR">Error in file 'D:\AML_Project\Resources\Menu_name\AML\ยื่นคำร้อง Manual\ปปง1-03\ปปง1-03_va.robot' on line 144: Setting variable '${2.2_ที่อยู่_ประเทศ_ตำบล_เลือก}' failed: Resolving variable '${companySubdistrict_ส่วน2}' failed: Variable '${companySubdistrict_ส}' not found. Did you mean:
    ${companySubdistrict}
    ${companyDistrict}</msg>
<msg time="2025-04-10T17:15:03.344261" level="ERROR">Error in file 'D:\AML_Project\Resources\Menu_name\AML\ยื่นคำร้อง Manual\ปปง1-03\ปปง1-03_va.robot' on line 142: Setting variable '${2.2_ที่อยู่_ประเทศ_อำเภอ_เลือก}' failed: Resolving variable '${companyDistrict_ส่วน2}' failed: Variable '${companyDistrict_ส}' not found. Did you mean:
    ${companyDistrict}
    ${companySubdistrict}</msg>
<msg time="2025-04-10T17:15:03.348261" level="ERROR">Error in file 'D:\AML_Project\Resources\Menu_name\AML\ยื่นคำร้อง Manual\ปปง1-03\ปปง1-03_va.robot' on line 149: Setting variable '${2.3อาชีพ_เลือก}' failed: Resolving variable '${เลือกอาชีพ_ส่วน2}' failed: Variable '${เล}' not found.</msg>
<msg time="2025-04-10T17:15:04.588246" level="WARN">The chromedriver version (134.0.6998.88) detected in PATH at C:\Users\suravesi\AppData\Local\Programs\Python\Python38\chromedriver.exe might not be compatible with the detected chrome version (135.0.7049.85); currently, chromedriver 135.0.7049.84 is recommended for chrome 135.*, so it is advised to delete the driver in PATH and retry</msg>
</errors>
</robot>
