<?xml version="1.0" encoding="UTF-8"?>
<robot generator="Robot 7.0.1 (Python 3.8.7 on win32)" generated="2025-04-30T16:24:42.008184" rpa="false" schemaversion="5">
<suite id="s1" name="SC WL 001" source="D:\AML_Project\TestCase\Watchlist Screening\Watch List\SC_WL_001.robot">
<test id="s1-t1" name="1.open web IBank &amp; Login" line="23">
<kw name="Enteropen web IBank &amp; Login" owner="main_keywords">
<kw name="Open Browser" owner="SeleniumLibrary">
<msg time="2025-04-30T16:24:42.322487" level="INFO">Opening browser 'chrome' to base url 'https://172.26.59.117/login'.</msg>
<msg time="2025-04-30T16:24:43.547904" level="WARN">The chromedriver version (134.0.6998.88) detected in PATH at C:\Users\suravesi\AppData\Local\Programs\Python\Python38\chromedriver.exe might not be compatible with the detected chrome version (135.0.7049.115); currently, chromedriver 135.0.7049.114 is recommended for chrome 135.*, so it is advised to delete the driver in PATH and retry</msg>
<arg>${URL:IBank}</arg>
<arg>${Browser}</arg>
<arg>options=add_argument("--ignore-certificate-errors")</arg>
<doc>Opens a new browser instance to the optional ``url``.</doc>
<status status="PASS" start="2025-04-30T16:24:42.322487" elapsed="4.999789"/>
</kw>
<kw name="Maximize Browser Window" owner="SeleniumLibrary">
<doc>Maximizes current browser window.</doc>
<status status="PASS" start="2025-04-30T16:24:47.322276" elapsed="0.032422"/>
</kw>
<kw name="Set Selenium Speed" owner="SeleniumLibrary">
<arg>0.5s</arg>
<doc>Sets the delay that is waited after each Selenium command.</doc>
<status status="PASS" start="2025-04-30T16:24:47.354698" elapsed="0.001001"/>
</kw>
<kw name="Wait Until Element Is Visible" owner="SeleniumLibrary">
<arg>xpath=//input[contains(@class, 'inputLogin')]</arg>
<arg>5s</arg>
<doc>Waits until the element ``locator`` is visible.</doc>
<status status="PASS" start="2025-04-30T16:24:47.355699" elapsed="1.753007"/>
</kw>
<kw name="Input Text" owner="SeleniumLibrary">
<msg time="2025-04-30T16:24:49.108706" level="INFO">Typing text 'ittikornc' into text field 'xpath=//input[contains(@class, 'inputLogin')]'.</msg>
<arg>xpath=//input[contains(@class, 'inputLogin')]</arg>
<arg>${ID:dammi}</arg>
<doc>Types the given ``text`` into the text field identified by ``locator``.</doc>
<status status="PASS" start="2025-04-30T16:24:49.108706" elapsed="1.587657"/>
</kw>
<kw name="Input Password" owner="SeleniumLibrary">
<msg time="2025-04-30T16:24:50.696363" level="INFO">Typing password into text field 'xpath=//input[contains(@class, 'inputLogin') and @type='password']'.</msg>
<msg time="2025-04-30T16:24:51.724877" level="INFO">Temporally setting log level to: NONE</msg>
<arg>xpath=//input[contains(@class, 'inputLogin') and @type='password']</arg>
<arg>${password:dammi}</arg>
<doc>Types the given password into the text field identified by ``locator``.</doc>
<status status="PASS" start="2025-04-30T16:24:50.696363" elapsed="1.588766"/>
</kw>
<kw name="Click Element" owner="SeleniumLibrary">
<msg time="2025-04-30T16:24:52.285129" level="INFO">Clicking element '//button[contains(@class, 'mat-raised-button')]'.</msg>
<arg>//button[contains(@class, 'mat-raised-button')]</arg>
<doc>Click the element identified by ``locator``.</doc>
<status status="PASS" start="2025-04-30T16:24:52.285129" elapsed="1.076567"/>
</kw>
<status status="PASS" start="2025-04-30T16:24:42.322487" elapsed="11.039209"/>
</kw>
<kw name="Run Keyword And Ignore Error" owner="BuiltIn">
<kw name="ยืนยันการเข้าระบบ" owner="main_keywords">
<kw name="Click Element" owner="SeleniumLibrary">
<msg time="2025-04-30T16:24:53.364863" level="INFO">Clicking element '//button[contains(@class, 'mat-raised-button')]//i[contains(@class, 'fa-check')]'.</msg>
<arg>//button[contains(@class, 'mat-raised-button')]//i[contains(@class, 'fa-check')]</arg>
<doc>Click the element identified by ``locator``.</doc>
<status status="PASS" start="2025-04-30T16:24:53.363718" elapsed="1.071305"/>
</kw>
<status status="PASS" start="2025-04-30T16:24:53.363718" elapsed="1.071905"/>
</kw>
<arg>ยืนยันการเข้าระบบ</arg>
<doc>Runs the given keyword with the given arguments and ignores possible error.</doc>
<status status="PASS" start="2025-04-30T16:24:53.362714" elapsed="1.072909"/>
</kw>
<kw name="Run Keyword And Ignore Error" owner="BuiltIn">
<kw name="ยืนยันการข้าม Pop-up" owner="main_keywords">
<kw name="Click Element" owner="SeleniumLibrary">
<msg time="2025-04-30T16:24:54.436597" level="INFO">Clicking element '//button//span[contains(text(), 'รับทราบ')]'.</msg>
<msg time="2025-04-30T16:24:55.612196" level="INFO" html="true">&lt;/td&gt;&lt;/tr&gt;&lt;tr&gt;&lt;td colspan="3"&gt;&lt;a href="selenium-screenshot-14.png"&gt;&lt;img src="selenium-screenshot-14.png" width="800px"&gt;&lt;/a&gt;</msg>
<msg time="2025-04-30T16:24:55.612196" level="FAIL">StaleElementReferenceException: Message: stale element reference: stale element not found in the current frame
  (Session info: chrome=135.0.7049.115); For documentation on this error, please visit: https://www.selenium.dev/documentation/webdriver/troubleshooting/errors#stale-element-reference-exception
Stacktrace:
	GetHandleVerifier [0x00007FF6DB9BFE45+26629]
	(No symbol) [0x00007FF6DB926010]
	(No symbol) [0x00007FF6DB7B931A]
	(No symbol) [0x00007FF6DB7C0C7C]
	(No symbol) [0x00007FF6DB7C3A3C]
	(No symbol) [0x00007FF6DB7C3B0F]
	(No symbol) [0x00007FF6DB811A2D]
	(No symbol) [0x00007FF6DB802810]
	(No symbol) [0x00007FF6DB837AAA]
	(No symbol) [0x00007FF6DB802156]
	(No symbol) [0x00007FF6DB837CC0]
	(No symbol) [0x00007FF6DB860169]
	(No symbol) [0x00007FF6DB837883]
	(No symbol) [0x00007FF6DB800550]
	(No symbol) [0x00007FF6DB801803]
	GetHandleVerifier [0x00007FF6DBD172BD+3529853]
	GetHandleVerifier [0x00007FF6DBD2DA22+3621858]
	GetHandleVerifier [0x00007FF6DBD224D3+3575443]
	GetHandleVerifier [0x00007FF6DBA8B77A+860474]
	(No symbol) [0x00007FF6DB93088F]
	(No symbol) [0x00007FF6DB92CBC4]
	(No symbol) [0x00007FF6DB92CD66]
	(No symbol) [0x00007FF6DB91C2C9]
	BaseThreadInitThunk [0x00007FFF5C37259D+29]
	RtlUserThreadStart [0x00007FFF5D5AAF38+40]
</msg>
<arg>//button//span[contains(text(), 'รับทราบ')]</arg>
<doc>Click the element identified by ``locator``.</doc>
<status status="FAIL" start="2025-04-30T16:24:54.436597" elapsed="1.188609">StaleElementReferenceException: Message: stale element reference: stale element not found in the current frame
  (Session info: chrome=135.0.7049.115); For documentation on this error, please visit: https://www.selenium.dev/documentation/webdriver/troubleshooting/errors#stale-element-reference-exception
Stacktrace:
	GetHandleVerifier [0x00007FF6DB9BFE45+26629]
	(No symbol) [0x00007FF6DB926010]
	(No symbol) [0x00007FF6DB7B931A]
	(No symbol) [0x00007FF6DB7C0C7C]
	(No symbol) [0x00007FF6DB7C3A3C]
	(No symbol) [0x00007FF6DB7C3B0F]
	(No symbol) [0x00007FF6DB811A2D]
	(No symbol) [0x00007FF6DB802810]
	(No symbol) [0x00007FF6DB837AAA]
	(No symbol) [0x00007FF6DB802156]
	(No symbol) [0x00007FF6DB837CC0]
	(No symbol) [0x00007FF6DB860169]
	(No symbol) [0x00007FF6DB837883]
	(No symbol) [0x00007FF6DB800550]
	(No symbol) [0x00007FF6DB801803]
	GetHandleVerifier [0x00007FF6DBD172BD+3529853]
	GetHandleVerifier [0x00007FF6DBD2DA22+3621858]
	GetHandleVerifier [0x00007FF6DBD224D3+3575443]
	GetHandleVerifier [0x00007FF6DBA8B77A+860474]
	(No symbol) [0x00007FF6DB93088F]
	(No symbol) [0x00007FF6DB92CBC4]
	(No symbol) [0x00007FF6DB92CD66]
	(No symbol) [0x00007FF6DB91C2C9]
	BaseThreadInitThunk [0x00007FFF5C37259D+29]
	RtlUserThreadStart [0x00007FFF5D5AAF38+40]
</status>
</kw>
<status status="FAIL" start="2025-04-30T16:24:54.436597" elapsed="1.188609">StaleElementReferenceException: Message: stale element reference: stale element not found in the current frame
  (Session info: chrome=135.0.7049.115); For documentation on this error, please visit: https://www.selenium.dev/documentation/webdriver/troubleshooting/errors#stale-element-reference-exception
Stacktrace:
	GetHandleVerifier [0x00007FF6DB9BFE45+26629]
	(No symbol) [0x00007FF6DB926010]
	(No symbol) [0x00007FF6DB7B931A]
	(No symbol) [0x00007FF6DB7C0C7C]
	(No symbol) [0x00007FF6DB7C3A3C]
	(No symbol) [0x00007FF6DB7C3B0F]
	(No symbol) [0x00007FF6DB811A2D]
	(No symbol) [0x00007FF6DB802810]
	(No symbol) [0x00007FF6DB837AAA]
	(No symbol) [0x00007FF6DB802156]
	(No symbol) [0x00007FF6DB837CC0]
	(No symbol) [0x00007FF6DB860169]
	(No symbol) [0x00007FF6DB837883]
	(No symbol) [0x00007FF6DB800550]
	(No symbol) [0x00007FF6DB801803]
	GetHandleVerifier [0x00007FF6DBD172BD+3529853]
	GetHandleVerifier [0x00007FF6DBD2DA22+3621858]
	GetHandleVerifier [0x00007FF6DBD224D3+3575443]
	GetHandleVerifier [0x00007FF6DBA8B77A+860474]
	(No symbol) [0x00007FF6DB93088F]
	(No symbol) [0x00007FF6DB92CBC4]
	(No symbol) [0x00007FF6DB92CD66]
	(No symbol) [0x00007FF6DB91C2C9]
	BaseThreadInitThunk [0x00007FFF5C37259D+29]
	RtlUserThreadStart [0x00007FFF5D5AAF38+40]
</status>
</kw>
<arg>ยืนยันการข้าม Pop-up</arg>
<doc>Runs the given keyword with the given arguments and ignores possible error.</doc>
<status status="PASS" start="2025-04-30T16:24:54.436597" elapsed="1.188609"/>
</kw>
<doc>ทดสอบการทำรายงาน Watch List</doc>
<status status="PASS" start="2025-04-30T16:24:42.322487" elapsed="13.302719"/>
</test>
<test id="s1-t2" name="2.เลือกMenu Watch List" line="28">
<kw name="เข้าMenu Watch List" owner="WatchList Keywords">
<kw name="Click Element" owner="SeleniumLibrary">
<msg time="2025-04-30T16:24:55.625206" level="INFO">Clicking element 'xpath=//a[contains(@class, 'sidebar-link') and .//div[contains(text(), 'Watch List')]]'.</msg>
<arg>${Watch List_menuXPATH}</arg>
<doc>Click the element identified by ``locator``.</doc>
<status status="PASS" start="2025-04-30T16:24:55.625206" elapsed="1.086728"/>
</kw>
<kw name="Click Element" owner="SeleniumLibrary">
<msg time="2025-04-30T16:24:56.711934" level="INFO">Clicking element 'xpath=//a[contains(@class, 'mat-list-item') and contains(., 'Watch List')]'.</msg>
<arg>${Watch List}</arg>
<doc>Click the element identified by ``locator``.</doc>
<status status="PASS" start="2025-04-30T16:24:56.711934" elapsed="1.068617"/>
</kw>
<status status="PASS" start="2025-04-30T16:24:55.625206" elapsed="2.156139"/>
</kw>
<status status="PASS" start="2025-04-30T16:24:55.625206" elapsed="2.156780"/>
</test>
<test id="s1-t3" name="3ระบุข้อมูล" line="32">
<kw name="ค้นหาข้อมูลSource" owner="WatchList Keywords">
<kw name="Click Element" owner="SeleniumLibrary">
<msg time="2025-04-30T16:24:57.781986" level="INFO">Clicking element '//mat-select[@name='watchListSources']'.</msg>
<arg>${Source_xpath}</arg>
<doc>Click the element identified by ``locator``.</doc>
<status status="PASS" start="2025-04-30T16:24:57.781986" elapsed="1.077423"/>
</kw>
<kw name="Click Element" owner="SeleniumLibrary">
<msg time="2025-04-30T16:24:58.859409" level="INFO">Clicking element 'xpath=//mat-option//span[normalize-space(text())="AMLO"]'.</msg>
<arg>${Source_เลือก}</arg>
<doc>Click the element identified by ``locator``.</doc>
<status status="PASS" start="2025-04-30T16:24:58.859409" elapsed="1.073707"/>
</kw>
<status status="PASS" start="2025-04-30T16:24:57.781986" elapsed="2.151130"/>
</kw>
<kw name="ค้นหาข้อมูลกรุณาเลือกประเภทในการค้นหา-บุคคลธรรมดา" owner="WatchList Keywords">
<kw name="Click Element" owner="SeleniumLibrary">
<msg time="2025-04-30T16:24:59.935669" level="INFO">Clicking element '//mat-radio-button[.//span[normalize-space(text())='บุคคลธรรมดา']]'.</msg>
<arg>${กรุณาเลือกประเภทในการค้นหา_บุคคลธรรมดา}</arg>
<doc>Click the element identified by ``locator``.</doc>
<status status="PASS" start="2025-04-30T16:24:59.935669" elapsed="1.070670"/>
</kw>
<status status="PASS" start="2025-04-30T16:24:59.934926" elapsed="1.071413"/>
</kw>
<kw name="ความแม่นยำในการค้นหา 100%" owner="WatchList Keywords">
<kw name="Click Element" owner="SeleniumLibrary">
<msg time="2025-04-30T16:25:01.006339" level="INFO">Clicking element '//mat-radio-button[.//span[contains(normalize-space(.), '100%')]]'.</msg>
<arg>${% ความแม่นยำในการค้นหา_100}</arg>
<doc>Click the element identified by ``locator``.</doc>
<status status="PASS" start="2025-04-30T16:25:01.006339" elapsed="1.080971"/>
</kw>
<status status="PASS" start="2025-04-30T16:25:01.006339" elapsed="1.081765"/>
</kw>
<kw name="ตรวจสอบด้วย เลขประจำตัวประชาชน/เลขที่หนังสือเดินทาง" owner="WatchList Keywords">
<kw name="Input Text" owner="SeleniumLibrary">
<msg time="2025-04-30T16:25:02.088104" level="INFO">Typing text '1234567890123' into text field '//input[@name='idPassportNo']'.</msg>
<arg>${เลขบัตรประจำตัวประชาชน_xpath}</arg>
<arg>${เลขบัตรประจำตัวประชาชน}</arg>
<doc>Types the given ``text`` into the text field identified by ``locator``.</doc>
<status status="PASS" start="2025-04-30T16:25:02.088104" elapsed="1.609476"/>
</kw>
<status status="PASS" start="2025-04-30T16:25:02.088104" elapsed="1.609476"/>
</kw>
<kw name="ข้อมูลเพิ่มเติมในการค้นหาประเทศ" owner="WatchList Keywords">
<kw name="Click Element" owner="SeleniumLibrary">
<msg time="2025-04-30T16:25:03.697580" level="INFO">Clicking element '//mat-select[@name='nationality']'.</msg>
<arg>${ประเทศ_xpath}</arg>
<doc>Click the element identified by ``locator``.</doc>
<status status="PASS" start="2025-04-30T16:25:03.697580" elapsed="1.081684"/>
</kw>
<kw name="Click Element" owner="SeleniumLibrary">
<msg time="2025-04-30T16:25:04.779264" level="INFO">Clicking element 'xpath=//mat-option[.//span[contains(text(),'ไทย')]]'.</msg>
<arg>${ประเทศ_เลือก_xpath}</arg>
<doc>Click the element identified by ``locator``.</doc>
<status status="PASS" start="2025-04-30T16:25:04.779264" elapsed="1.082368"/>
</kw>
<status status="PASS" start="2025-04-30T16:25:03.697580" elapsed="2.165107"/>
</kw>
<kw name="ข้อมูลเพิ่มเติมในการค้นหาวันเกิด" owner="WatchList Keywords">
<kw name="Input Text" owner="SeleniumLibrary">
<msg time="2025-04-30T16:25:05.864671" level="INFO">Typing text '11/02/2540' into text field '//input[@name='currentDate']'.</msg>
<arg>${วันเกิด_xpath}</arg>
<arg>${วันเกิด}</arg>
<doc>Types the given ``text`` into the text field identified by ``locator``.</doc>
<status status="PASS" start="2025-04-30T16:25:05.864671" elapsed="1.604960"/>
</kw>
<status status="PASS" start="2025-04-30T16:25:05.864671" elapsed="1.604960"/>
</kw>
<kw name="กดปุ่มตรวจสอบ" owner="WatchList Keywords">
<kw name="Click Element" owner="SeleniumLibrary">
<msg time="2025-04-30T16:25:07.469631" level="INFO">Clicking element '//button[.//span[contains(text(),'ตรวจสอบ')]]'.</msg>
<arg>${ปุ่มตรวจสอบ}</arg>
<doc>Click the element identified by ``locator``.</doc>
<status status="PASS" start="2025-04-30T16:25:07.469631" elapsed="1.085215"/>
</kw>
<status status="PASS" start="2025-04-30T16:25:07.469631" elapsed="1.085215"/>
</kw>
<status status="PASS" start="2025-04-30T16:24:57.781986" elapsed="10.772860"/>
</test>
<doc>ทดสอบการทำงาน Watch List SC_WL_001</doc>
<status status="PASS" start="2025-04-30T16:24:42.023810" elapsed="26.531036"/>
</suite>
<statistics>
<total>
<stat pass="3" fail="0" skip="0">All Tests</stat>
</total>
<tag>
</tag>
<suite>
<stat pass="3" fail="0" skip="0" id="s1" name="SC WL 001">SC WL 001</stat>
</suite>
</statistics>
<errors>
<msg time="2025-04-30T16:24:43.547904" level="WARN">The chromedriver version (134.0.6998.88) detected in PATH at C:\Users\suravesi\AppData\Local\Programs\Python\Python38\chromedriver.exe might not be compatible with the detected chrome version (135.0.7049.115); currently, chromedriver 135.0.7049.114 is recommended for chrome 135.*, so it is advised to delete the driver in PATH and retry</msg>
</errors>
</robot>
