<?xml version="1.0" encoding="UTF-8"?>
<robot generator="Robot 7.0.1 (Python 3.8.7 on win32)" generated="2025-04-21T09:40:27.796409" rpa="false" schemaversion="5">
<suite id="s1" name="ปปง1-01 Testcase1" source="D:\AML_Project\Testcase\AMLO\ปปง1-01\ปปง1-01_testcase1.robot">
<test id="s1-t1" name="1.open web IBank &amp; Login" line="34">
<kw name="Enteropen web IBank &amp; Login" owner="main_keywords">
<kw name="Open Browser" owner="SeleniumLibrary">
<msg time="2025-04-21T09:40:28.677882" level="INFO">Opening browser 'chrome' to base url 'https://172.26.59.117/login'.</msg>
<msg time="2025-04-21T09:40:32.259688" level="WARN">The chromedriver version (134.0.6998.88) detected in PATH at C:\Users\suravesi\AppData\Local\Programs\Python\Python38\chromedriver.exe might not be compatible with the detected chrome version (135.0.7049.96); currently, chromedriver 135.0.7049.95 is recommended for chrome 135.*, so it is advised to delete the driver in PATH and retry</msg>
<arg>${URL:IBank}</arg>
<arg>${Browser}</arg>
<arg>options=add_argument("--ignore-certificate-errors")</arg>
<doc>Opens a new browser instance to the optional ``url``.</doc>
<status status="PASS" start="2025-04-21T09:40:28.676182" elapsed="6.865151"/>
</kw>
<kw name="Maximize Browser Window" owner="SeleniumLibrary">
<doc>Maximizes current browser window.</doc>
<status status="PASS" start="2025-04-21T09:40:35.542337" elapsed="0.043591"/>
</kw>
<kw name="Set Selenium Speed" owner="SeleniumLibrary">
<arg>0.5s</arg>
<doc>Sets the delay that is waited after each Selenium command.</doc>
<status status="PASS" start="2025-04-21T09:40:35.585928" elapsed="0.000000"/>
</kw>
<kw name="Wait Until Element Is Visible" owner="SeleniumLibrary">
<arg>xpath=//input[contains(@class, 'inputLogin')]</arg>
<arg>5s</arg>
<doc>Waits until the element ``locator`` is visible.</doc>
<status status="PASS" start="2025-04-21T09:40:35.585928" elapsed="1.333926"/>
</kw>
<kw name="Input Text" owner="SeleniumLibrary">
<msg time="2025-04-21T09:40:36.920646" level="INFO">Typing text 'ittikornc' into text field 'xpath=//input[contains(@class, 'inputLogin')]'.</msg>
<arg>xpath=//input[contains(@class, 'inputLogin')]</arg>
<arg>${ID:dammi}</arg>
<doc>Types the given ``text`` into the text field identified by ``locator``.</doc>
<status status="PASS" start="2025-04-21T09:40:36.920646" elapsed="1.641015"/>
</kw>
<kw name="Input Password" owner="SeleniumLibrary">
<msg time="2025-04-21T09:40:38.562170" level="INFO">Typing password into text field 'xpath=//input[contains(@class, 'inputLogin') and @type='password']'.</msg>
<msg time="2025-04-21T09:40:39.621873" level="INFO">Temporally setting log level to: NONE</msg>
<arg>xpath=//input[contains(@class, 'inputLogin') and @type='password']</arg>
<arg>${password:dammi}</arg>
<doc>Types the given password into the text field identified by ``locator``.</doc>
<status status="PASS" start="2025-04-21T09:40:38.562170" elapsed="1.649633"/>
</kw>
<kw name="Click Element" owner="SeleniumLibrary">
<msg time="2025-04-21T09:40:40.211803" level="INFO">Clicking element '//button[contains(@class, 'mat-raised-button')]'.</msg>
<arg>//button[contains(@class, 'mat-raised-button')]</arg>
<doc>Click the element identified by ``locator``.</doc>
<status status="PASS" start="2025-04-21T09:40:40.211803" elapsed="1.095876"/>
</kw>
<status status="PASS" start="2025-04-21T09:40:28.676182" elapsed="12.631497"/>
</kw>
<kw name="Run Keyword And Ignore Error" owner="BuiltIn">
<kw name="ยืนยันการเข้าระบบ" owner="main_keywords">
<kw name="Click Element" owner="SeleniumLibrary">
<msg time="2025-04-21T09:40:41.308855" level="INFO">Clicking element '//button[contains(@class, 'mat-raised-button')]//i[contains(@class, 'fa-check')]'.</msg>
<arg>//button[contains(@class, 'mat-raised-button')]//i[contains(@class, 'fa-check')]</arg>
<doc>Click the element identified by ``locator``.</doc>
<status status="PASS" start="2025-04-21T09:40:41.308855" elapsed="1.070210"/>
</kw>
<status status="PASS" start="2025-04-21T09:40:41.308855" elapsed="1.070773"/>
</kw>
<arg>ยืนยันการเข้าระบบ</arg>
<doc>Runs the given keyword with the given arguments and ignores possible error.</doc>
<status status="PASS" start="2025-04-21T09:40:41.308855" elapsed="1.070773"/>
</kw>
<kw name="Run Keyword And Ignore Error" owner="BuiltIn">
<kw name="ยืนยันการข้าม Pop-up" owner="main_keywords">
<kw name="Click Element" owner="SeleniumLibrary">
<msg time="2025-04-21T09:40:42.380168" level="INFO">Clicking element '//button//span[contains(text(), 'รับทราบ')]'.</msg>
<msg time="2025-04-21T09:40:43.566158" level="INFO" html="true">&lt;/td&gt;&lt;/tr&gt;&lt;tr&gt;&lt;td colspan="3"&gt;&lt;a href="selenium-screenshot-2.png"&gt;&lt;img src="selenium-screenshot-2.png" width="800px"&gt;&lt;/a&gt;</msg>
<msg time="2025-04-21T09:40:43.566158" level="FAIL">StaleElementReferenceException: Message: stale element reference: stale element not found in the current frame
  (Session info: chrome=135.0.7049.96); For documentation on this error, please visit: https://www.selenium.dev/documentation/webdriver/troubleshooting/errors#stale-element-reference-exception
Stacktrace:
	GetHandleVerifier [0x00007FF7352BFE45+26629]
	(No symbol) [0x00007FF735226010]
	(No symbol) [0x00007FF7350B931A]
	(No symbol) [0x00007FF7350C0C7C]
	(No symbol) [0x00007FF7350C3A3C]
	(No symbol) [0x00007FF7350C3B0F]
	(No symbol) [0x00007FF735111A2D]
	(No symbol) [0x00007FF735102810]
	(No symbol) [0x00007FF735137AAA]
	(No symbol) [0x00007FF735102156]
	(No symbol) [0x00007FF735137CC0]
	(No symbol) [0x00007FF735160169]
	(No symbol) [0x00007FF735137883]
	(No symbol) [0x00007FF735100550]
	(No symbol) [0x00007FF735101803]
	GetHandleVerifier [0x00007FF7356172BD+3529853]
	GetHandleVerifier [0x00007FF73562DA22+3621858]
	GetHandleVerifier [0x00007FF7356224D3+3575443]
	GetHandleVerifier [0x00007FF73538B77A+860474]
	(No symbol) [0x00007FF73523088F]
	(No symbol) [0x00007FF73522CBC4]
	(No symbol) [0x00007FF73522CD66]
	(No symbol) [0x00007FF73521C2C9]
	BaseThreadInitThunk [0x00007FFEF9F8259D+29]
	RtlUserThreadStart [0x00007FFEFB6EAF38+40]
</msg>
<arg>//button//span[contains(text(), 'รับทราบ')]</arg>
<doc>Click the element identified by ``locator``.</doc>
<status status="FAIL" start="2025-04-21T09:40:42.380168" elapsed="1.232660">StaleElementReferenceException: Message: stale element reference: stale element not found in the current frame
  (Session info: chrome=135.0.7049.96); For documentation on this error, please visit: https://www.selenium.dev/documentation/webdriver/troubleshooting/errors#stale-element-reference-exception
Stacktrace:
	GetHandleVerifier [0x00007FF7352BFE45+26629]
	(No symbol) [0x00007FF735226010]
	(No symbol) [0x00007FF7350B931A]
	(No symbol) [0x00007FF7350C0C7C]
	(No symbol) [0x00007FF7350C3A3C]
	(No symbol) [0x00007FF7350C3B0F]
	(No symbol) [0x00007FF735111A2D]
	(No symbol) [0x00007FF735102810]
	(No symbol) [0x00007FF735137AAA]
	(No symbol) [0x00007FF735102156]
	(No symbol) [0x00007FF735137CC0]
	(No symbol) [0x00007FF735160169]
	(No symbol) [0x00007FF735137883]
	(No symbol) [0x00007FF735100550]
	(No symbol) [0x00007FF735101803]
	GetHandleVerifier [0x00007FF7356172BD+3529853]
	GetHandleVerifier [0x00007FF73562DA22+3621858]
	GetHandleVerifier [0x00007FF7356224D3+3575443]
	GetHandleVerifier [0x00007FF73538B77A+860474]
	(No symbol) [0x00007FF73523088F]
	(No symbol) [0x00007FF73522CBC4]
	(No symbol) [0x00007FF73522CD66]
	(No symbol) [0x00007FF73521C2C9]
	BaseThreadInitThunk [0x00007FFEF9F8259D+29]
	RtlUserThreadStart [0x00007FFEFB6EAF38+40]
</status>
</kw>
<status status="FAIL" start="2025-04-21T09:40:42.380168" elapsed="1.232660">StaleElementReferenceException: Message: stale element reference: stale element not found in the current frame
  (Session info: chrome=135.0.7049.96); For documentation on this error, please visit: https://www.selenium.dev/documentation/webdriver/troubleshooting/errors#stale-element-reference-exception
Stacktrace:
	GetHandleVerifier [0x00007FF7352BFE45+26629]
	(No symbol) [0x00007FF735226010]
	(No symbol) [0x00007FF7350B931A]
	(No symbol) [0x00007FF7350C0C7C]
	(No symbol) [0x00007FF7350C3A3C]
	(No symbol) [0x00007FF7350C3B0F]
	(No symbol) [0x00007FF735111A2D]
	(No symbol) [0x00007FF735102810]
	(No symbol) [0x00007FF735137AAA]
	(No symbol) [0x00007FF735102156]
	(No symbol) [0x00007FF735137CC0]
	(No symbol) [0x00007FF735160169]
	(No symbol) [0x00007FF735137883]
	(No symbol) [0x00007FF735100550]
	(No symbol) [0x00007FF735101803]
	GetHandleVerifier [0x00007FF7356172BD+3529853]
	GetHandleVerifier [0x00007FF73562DA22+3621858]
	GetHandleVerifier [0x00007FF7356224D3+3575443]
	GetHandleVerifier [0x00007FF73538B77A+860474]
	(No symbol) [0x00007FF73523088F]
	(No symbol) [0x00007FF73522CBC4]
	(No symbol) [0x00007FF73522CD66]
	(No symbol) [0x00007FF73521C2C9]
	BaseThreadInitThunk [0x00007FFEF9F8259D+29]
	RtlUserThreadStart [0x00007FFEFB6EAF38+40]
</status>
</kw>
<arg>ยืนยันการข้าม Pop-up</arg>
<doc>Runs the given keyword with the given arguments and ignores possible error.</doc>
<status status="PASS" start="2025-04-21T09:40:42.380168" elapsed="1.232660"/>
</kw>
<doc>ทดสอบการยื่นคำร้อง manual ของ ปปง.1-01 กรณี ยื่นคำร้องเอง</doc>
<status status="PASS" start="2025-04-21T09:40:28.672134" elapsed="14.940694"/>
</test>
<test id="s1-t2" name="2.เลือก AML &amp; ยื่นคำร้อง" line="39">
<kw name="Select the Submit Request menu" owner="keywords_Testcase_1-01">
<kw name="Click Element" owner="SeleniumLibrary">
<msg time="2025-04-21T09:40:43.612828" level="INFO">Clicking element 'xpath=//a[contains(@class, 'sidebar-link') and .//div[contains(text(), 'AML')]]'.</msg>
<arg>${AML-ไทย}</arg>
<doc>Click the element identified by ``locator``.</doc>
<status status="PASS" start="2025-04-21T09:40:43.612828" elapsed="1.099031"/>
</kw>
<kw name="Click Element" owner="SeleniumLibrary">
<msg time="2025-04-21T09:40:44.712637" level="INFO">Clicking element 'xpath=//a[contains(@class, 'mat-list-item') and contains(., 'ยื่นคำร้อง Manual')]'.</msg>
<arg>${ยื่นคำร้องManual}</arg>
<doc>Click the element identified by ``locator``.</doc>
<status status="PASS" start="2025-04-21T09:40:44.712637" elapsed="1.149963"/>
</kw>
<status status="PASS" start="2025-04-21T09:40:43.612828" elapsed="2.250773"/>
</kw>
<status status="PASS" start="2025-04-21T09:40:43.612828" elapsed="2.250985"/>
</test>
<test id="s1-t3" name="3.เลือกรายการ_ปปง1-01" line="44">
<kw name="เลือกรายการ_ปปง1-01" owner="keywords_Testcase_1-01">
<kw name="Click Element" owner="SeleniumLibrary">
<msg time="2025-04-21T09:40:45.867823" level="INFO">Clicking element 'xpath=//mat-select[@aria-labelledby='mat-select-value-1']'.</msg>
<msg time="2025-04-21T09:40:47.008641" level="INFO" html="true">&lt;/td&gt;&lt;/tr&gt;&lt;tr&gt;&lt;td colspan="3"&gt;&lt;a href="selenium-screenshot-3.png"&gt;&lt;img src="selenium-screenshot-3.png" width="800px"&gt;&lt;/a&gt;</msg>
<msg time="2025-04-21T09:40:47.008641" level="FAIL">Element with locator 'xpath=//mat-select[@aria-labelledby='mat-select-value-1']' not found.</msg>
<arg>${ประเภทรายงาน}</arg>
<doc>Click the element identified by ``locator``.</doc>
<status status="FAIL" start="2025-04-21T09:40:45.866824" elapsed="1.157461">Element with locator 'xpath=//mat-select[@aria-labelledby='mat-select-value-1']' not found.</status>
</kw>
<kw name="Click Element" owner="SeleniumLibrary">
<arg>${ปปง.1-01}</arg>
<doc>Click the element identified by ``locator``.</doc>
<status status="NOT RUN" start="2025-04-21T09:40:47.024285" elapsed="0.000000"/>
</kw>
<status status="FAIL" start="2025-04-21T09:40:45.866824" elapsed="1.157461">Element with locator 'xpath=//mat-select[@aria-labelledby='mat-select-value-1']' not found.</status>
</kw>
<status status="FAIL" start="2025-04-21T09:40:45.864823" elapsed="1.159462">Element with locator 'xpath=//mat-select[@aria-labelledby='mat-select-value-1']' not found.</status>
</test>
<test id="s1-t4" name="4.รายงานล่าช้า &amp; ไม่ใช่ลูกค้าธนาคาร" line="48">
<kw name="ยื่นคำร้องรายงานล่าช้า &amp; ไม่ใช่ลูกค้าธนาคาร" owner="keywords_Testcase_1-01">
<kw name="Click Element" owner="SeleniumLibrary">
<msg time="2025-04-21T09:40:47.024285" level="INFO">Clicking element 'xpath=//mat-radio-button[@ng-reflect-value='01']'.</msg>
<arg>${รายงานเนื่องจาก_รายงานตัวช้า}</arg>
<doc>Click the element identified by ``locator``.</doc>
<status status="PASS" start="2025-04-21T09:40:47.024285" elapsed="1.102653"/>
</kw>
<kw name="Click Element" owner="SeleniumLibrary">
<msg time="2025-04-21T09:40:48.127935" level="INFO">Clicking element 'xpath=//mat-radio-button[@ng-reflect-value="NOT_CUSTOMER"]'.</msg>
<arg>${ค้าหาข้อมูลจากลูกค้าด้วย_บัตรประจำตัว_ไม่ใช้ลูกค้าธนาคาร}</arg>
<doc>Click the element identified by ``locator``.</doc>
<status status="PASS" start="2025-04-21T09:40:48.126938" elapsed="1.100150"/>
</kw>
<kw name="Click Element" owner="SeleniumLibrary">
<msg time="2025-04-21T09:40:49.227981" level="INFO">Clicking element 'xpath=//button[@mat-raised-button]'.</msg>
<arg>${ยื่นคำร้องManual_ถัดไป}</arg>
<doc>Click the element identified by ``locator``.</doc>
<status status="PASS" start="2025-04-21T09:40:49.227088" elapsed="1.142994"/>
</kw>
<status status="PASS" start="2025-04-21T09:40:47.024285" elapsed="3.345797"/>
</kw>
<status status="PASS" start="2025-04-21T09:40:47.024285" elapsed="3.346511"/>
</test>
<test id="s1-t5" name="5.ส่วนที่1" line="52">
<kw name="เรียกเลขบัตร" owner="AMLO Variables">
<kw name="สุ่มเลขบัตร13หลัก" owner="AMLO Variables">
<kw name="Evaluate" owner="BuiltIn">
<msg time="2025-04-21T09:40:50.370796" level="INFO">${random_number} = 3564628904900</msg>
<var>${random_number}</var>
<arg>random.randint(${MIN}, ${MAX})</arg>
<arg>modules=random</arg>
<doc>Evaluates the given expression in Python and returns the result.</doc>
<status status="PASS" start="2025-04-21T09:40:50.370796" elapsed="0.000000"/>
</kw>
<kw name="Set Suite Variable" owner="BuiltIn">
<msg time="2025-04-21T09:40:50.370796" level="INFO">${random_number} = 3564628904900</msg>
<arg>${random_number}</arg>
<arg>${random_number}</arg>
<doc>Makes a variable available everywhere within the scope of the current suite.</doc>
<status status="PASS" start="2025-04-21T09:40:50.370796" elapsed="0.000000"/>
</kw>
<return>
<value>${random_number}</value>
<status status="PASS" start="2025-04-21T09:40:50.370796" elapsed="0.000000"/>
</return>
<status status="PASS" start="2025-04-21T09:40:50.370796" elapsed="0.000000"/>
</kw>
<kw name="ใช้งานเลขบัตร" owner="AMLO Variables">
<kw name="สุ่มเลขบัตร13หลัก" owner="AMLO Variables">
<kw name="Evaluate" owner="BuiltIn">
<msg time="2025-04-21T09:40:50.370796" level="INFO">${random_number} = 5806370578752</msg>
<var>${random_number}</var>
<arg>random.randint(${MIN}, ${MAX})</arg>
<arg>modules=random</arg>
<doc>Evaluates the given expression in Python and returns the result.</doc>
<status status="PASS" start="2025-04-21T09:40:50.370796" elapsed="0.000000"/>
</kw>
<kw name="Set Suite Variable" owner="BuiltIn">
<msg time="2025-04-21T09:40:50.370796" level="INFO">${random_number} = 5806370578752</msg>
<arg>${random_number}</arg>
<arg>${random_number}</arg>
<doc>Makes a variable available everywhere within the scope of the current suite.</doc>
<status status="PASS" start="2025-04-21T09:40:50.370796" elapsed="0.000000"/>
</kw>
<return>
<value>${random_number}</value>
<status status="PASS" start="2025-04-21T09:40:50.370796" elapsed="0.000000"/>
</return>
<msg time="2025-04-21T09:40:50.370796" level="INFO">${เลขที่บัตร} = 5806370578752</msg>
<var>${เลขที่บัตร}</var>
<status status="PASS" start="2025-04-21T09:40:50.370796" elapsed="0.000000"/>
</kw>
<kw name="Set Suite Variable" owner="BuiltIn">
<msg time="2025-04-21T09:40:50.370796" level="INFO">${เลขที่บัตร} = 5806370578752</msg>
<arg>${เลขที่บัตร}</arg>
<arg>${เลขที่บัตร}</arg>
<doc>Makes a variable available everywhere within the scope of the current suite.</doc>
<status status="PASS" start="2025-04-21T09:40:50.370796" elapsed="0.000000"/>
</kw>
<return>
<value>${เลขที่บัตร}</value>
<status status="PASS" start="2025-04-21T09:40:50.370796" elapsed="0.000000"/>
</return>
<status status="PASS" start="2025-04-21T09:40:50.370796" elapsed="0.000000"/>
</kw>
<status status="PASS" start="2025-04-21T09:40:50.370796" elapsed="0.000000"/>
</kw>
<kw name="ส่วนที่1 ระบุข้อมูล(ทำธุรกรรมด้วยตนเอง)" owner="keywords_Testcase_1-01">
<kw name="Input Text" owner="SeleniumLibrary">
<msg time="2025-04-21T09:40:50.386592" level="INFO">Typing text 'test' into text field 'xpath=//textarea[@ng-reflect-maxlength='2000']'.</msg>
<msg time="2025-04-21T09:40:51.565325" level="INFO" html="true">&lt;/td&gt;&lt;/tr&gt;&lt;tr&gt;&lt;td colspan="3"&gt;&lt;a href="selenium-screenshot-4.png"&gt;&lt;img src="selenium-screenshot-4.png" width="800px"&gt;&lt;/a&gt;</msg>
<msg time="2025-04-21T09:40:51.565325" level="FAIL">Element with locator 'xpath=//textarea[@ng-reflect-maxlength='2000']' not found.</msg>
<arg>${เหตุผลการรายงาน Mannual_เหตุผลในการรายงาน}</arg>
<arg>${เหตุผลในการรายงาน}</arg>
<doc>Types the given ``text`` into the text field identified by ``locator``.</doc>
<status status="FAIL" start="2025-04-21T09:40:50.385818" elapsed="1.186966">Element with locator 'xpath=//textarea[@ng-reflect-maxlength='2000']' not found.</status>
</kw>
<kw name="Click Element" owner="SeleniumLibrary">
<arg>${1.1_คำนำหน้าชื่อ}</arg>
<doc>Click the element identified by ``locator``.</doc>
<status status="NOT RUN" start="2025-04-21T09:40:51.572784" elapsed="0.000000"/>
</kw>
<kw name="Click Element" owner="SeleniumLibrary">
<arg>${1.1_คำนำหน้าชื่อ_เลือก}</arg>
<doc>Click the element identified by ``locator``.</doc>
<status status="NOT RUN" start="2025-04-21T09:40:51.572784" elapsed="0.000000"/>
</kw>
<kw name="Input Text" owner="SeleniumLibrary">
<arg>${1.1_ชื่อ}</arg>
<arg>${ชื่อ}</arg>
<doc>Types the given ``text`` into the text field identified by ``locator``.</doc>
<status status="NOT RUN" start="2025-04-21T09:40:51.572784" elapsed="0.000000"/>
</kw>
<kw name="Input Text" owner="SeleniumLibrary">
<arg>${1.1_นามสกุล}</arg>
<arg>${นามสกุล}</arg>
<doc>Types the given ``text`` into the text field identified by ``locator``.</doc>
<status status="NOT RUN" start="2025-04-21T09:40:51.572784" elapsed="0.000000"/>
</kw>
<kw name="Input Text" owner="SeleniumLibrary">
<arg>${1.1_เอกสารประจำตัว_เลขที่}</arg>
<arg>${เลขที่บัตร}</arg>
<doc>Types the given ``text`` into the text field identified by ``locator``.</doc>
<status status="NOT RUN" start="2025-04-21T09:40:51.572784" elapsed="0.000000"/>
</kw>
<kw name="Click Element" owner="SeleniumLibrary">
<arg>${1.1_เอกสารประจำตัว_ทำธุรกรรมด้วยตนเอง}</arg>
<doc>Click the element identified by ``locator``.</doc>
<status status="NOT RUN" start="2025-04-21T09:40:51.572784" elapsed="0.000000"/>
</kw>
<kw name="Input Text" owner="SeleniumLibrary">
<arg>${1.2_ที่อยู่}</arg>
<arg>${ที่อยู่}</arg>
<doc>Types the given ``text`` into the text field identified by ``locator``.</doc>
<status status="NOT RUN" start="2025-04-21T09:40:51.572784" elapsed="0.000000"/>
</kw>
<kw name="Click Element" owner="SeleniumLibrary">
<arg>${1.2_ประเทศ}</arg>
<doc>Click the element identified by ``locator``.</doc>
<status status="NOT RUN" start="2025-04-21T09:40:51.572784" elapsed="0.000000"/>
</kw>
<kw name="Click Element" owner="SeleniumLibrary">
<arg>${1.2_ที่อยู่_ประเทศ_ไทย}</arg>
<doc>Click the element identified by ``locator``.</doc>
<status status="NOT RUN" start="2025-04-21T09:40:51.572784" elapsed="0.000000"/>
</kw>
<kw name="Click Element" owner="SeleniumLibrary">
<arg>${1.2_ที่อยู่_ประเทศ_จังหวัด}</arg>
<doc>Click the element identified by ``locator``.</doc>
<status status="NOT RUN" start="2025-04-21T09:40:51.572784" elapsed="0.000000"/>
</kw>
<kw name="Click Element" owner="SeleniumLibrary">
<arg>${1.2_ที่อยู่_ประเทศ_จังหวัด_เลือก}</arg>
<doc>Click the element identified by ``locator``.</doc>
<status status="NOT RUN" start="2025-04-21T09:40:51.572784" elapsed="0.000000"/>
</kw>
<kw name="Click Element" owner="SeleniumLibrary">
<arg>${1.2_ที่อยู่_ประเทศ_อำเภอ}</arg>
<doc>Click the element identified by ``locator``.</doc>
<status status="NOT RUN" start="2025-04-21T09:40:51.572784" elapsed="0.000000"/>
</kw>
<kw name="Click Element" owner="SeleniumLibrary">
<arg>${1.2_ที่อยู่_ประเทศ_อำเภอ_เลือก}</arg>
<doc>Click the element identified by ``locator``.</doc>
<status status="NOT RUN" start="2025-04-21T09:40:51.572784" elapsed="0.000000"/>
</kw>
<kw name="Click Element" owner="SeleniumLibrary">
<arg>${1.2_ที่อยู่_ประเทศ_ตำบล}</arg>
<doc>Click the element identified by ``locator``.</doc>
<status status="NOT RUN" start="2025-04-21T09:40:51.572784" elapsed="0.000000"/>
</kw>
<kw name="Click Element" owner="SeleniumLibrary">
<arg>${1.2_ที่อยู่_ประเทศ_ตำบล_เลือก}</arg>
<doc>Click the element identified by ``locator``.</doc>
<status status="NOT RUN" start="2025-04-21T09:40:51.572784" elapsed="0.000000"/>
</kw>
<kw name="Input Text" owner="SeleniumLibrary">
<arg>${1.2_ที่อยู่_ประเทศ_รหัสไปรษณีย์_เลข}</arg>
<arg>${รหัสไปรษณีย์}</arg>
<doc>Types the given ``text`` into the text field identified by ``locator``.</doc>
<status status="NOT RUN" start="2025-04-21T09:40:51.572784" elapsed="0.000000"/>
</kw>
<kw name="Click Element" owner="SeleniumLibrary">
<arg>${1.3อาชีพ}</arg>
<doc>Click the element identified by ``locator``.</doc>
<status status="NOT RUN" start="2025-04-21T09:40:51.572784" elapsed="0.000000"/>
</kw>
<kw name="Click Element" owner="SeleniumLibrary">
<arg>${1.3อาชีพ_เลือก}</arg>
<doc>Click the element identified by ``locator``.</doc>
<status status="NOT RUN" start="2025-04-21T09:40:51.572784" elapsed="0.000000"/>
</kw>
<kw name="Input Text" owner="SeleniumLibrary">
<arg>${1.5_เลขที่}</arg>
<arg>${เลขที่บัตร2}</arg>
<doc>Types the given ``text`` into the text field identified by ``locator``.</doc>
<status status="NOT RUN" start="2025-04-21T09:40:51.572784" elapsed="0.000000"/>
</kw>
<status status="FAIL" start="2025-04-21T09:40:50.370796" elapsed="1.201988">Element with locator 'xpath=//textarea[@ng-reflect-maxlength='2000']' not found.</status>
</kw>
<kw name="ส่วนที่1 บันทึกและไปหน้าถัดไป" owner="keywords_Testcase_1-01">
<status status="NOT RUN" start="2025-04-21T09:40:51.572784" elapsed="0.000000"/>
</kw>
<status status="FAIL" start="2025-04-21T09:40:50.370796" elapsed="1.201988">Element with locator 'xpath=//textarea[@ng-reflect-maxlength='2000']' not found.</status>
</test>
<test id="s1-t6" name="6.ส่วนที่2" line="57">
<kw name="ส่วนที่2 ถัดไป" owner="keywords_Testcase_1-01">
<kw name="Click Element" owner="SeleniumLibrary">
<msg time="2025-04-21T09:40:51.572784" level="INFO">Clicking element '//button[contains(@class, 'mat-raised-button') and .//span[contains(text(), 'ถัดไป')]]'.</msg>
<msg time="2025-04-21T09:40:53.807990" level="INFO" html="true">&lt;/td&gt;&lt;/tr&gt;&lt;tr&gt;&lt;td colspan="3"&gt;&lt;a href="selenium-screenshot-5.png"&gt;&lt;img src="selenium-screenshot-5.png" width="800px"&gt;&lt;/a&gt;</msg>
<msg time="2025-04-21T09:40:53.807990" level="FAIL">ElementClickInterceptedException: Message: element click intercepted: Element &lt;button _ngcontent-usa-c397="" mat-raised-button="" class="mat-focus-indicator mat-raised-button mat-button-base" style="margin-right: 20px;"&gt;...&lt;/button&gt; is not clickable at point (902, 487). Other element would receive the click: &lt;div class="cdk-overlay-backdrop cdk-overlay-dark-backdrop cdk-overlay-backdrop-showing"&gt;&lt;/div&gt;
  (Session info: chrome=135.0.7049.96)
Stacktrace:
	GetHandleVerifier [0x00007FF7352BFE45+26629]
	(No symbol) [0x00007FF735226010]
	(No symbol) [0x00007FF7350B931A]
	(No symbol) [0x00007FF7351177A9]
	(No symbol) [0x00007FF735115162]
	(No symbol) [0x00007FF735112201]
	(No symbol) [0x00007FF735111108]
	(No symbol) [0x00007FF7351028A4]
	(No symbol) [0x00007FF735137AAA]
	(No symbol) [0x00007FF735102156]
	(No symbol) [0x00007FF735137CC0]
	(No symbol) [0x00007FF735160169]
	(No symbol) [0x00007FF735137883]
	(No symbol) [0x00007FF735100550]
	(No symbol) [0x00007FF735101803]
	GetHandleVerifier [0x00007FF7356172BD+3529853]
	GetHandleVerifier [0x00007FF73562DA22+3621858]
	GetHandleVerifier [0x00007FF7356224D3+3575443]
	GetHandleVerifier [0x00007FF73538B77A+860474]
	(No symbol) [0x00007FF73523088F]
	(No symbol) [0x00007FF73522CBC4]
	(No symbol) [0x00007FF73522CD66]
	(No symbol) [0x00007FF73521C2C9]
	BaseThreadInitThunk [0x00007FFEF9F8259D+29]
	RtlUserThreadStart [0x00007FFEFB6EAF38+40]
</msg>
<arg>${ส่วนที่2_ถัดไป}</arg>
<doc>Click the element identified by ``locator``.</doc>
<status status="FAIL" start="2025-04-21T09:40:51.572784" elapsed="2.235206">ElementClickInterceptedException: Message: element click intercepted: Element &lt;button _ngcontent-usa-c397="" mat-raised-button="" class="mat-focus-indicator mat-raised-button mat-button-base" style="margin-right: 20px;"&gt;...&lt;/button&gt; is not clickable at point (902, 487). Other element would receive the click: &lt;div class="cdk-overlay-backdrop cdk-overlay-dark-backdrop cdk-overlay-backdrop-showing"&gt;&lt;/div&gt;
  (Session info: chrome=135.0.7049.96)
Stacktrace:
	GetHandleVerifier [0x00007FF7352BFE45+26629]
	(No symbol) [0x00007FF735226010]
	(No symbol) [0x00007FF7350B931A]
	(No symbol) [0x00007FF7351177A9]
	(No symbol) [0x00007FF735115162]
	(No symbol) [0x00007FF735112201]
	(No symbol) [0x00007FF735111108]
	(No symbol) [0x00007FF7351028A4]
	(No symbol) [0x00007FF735137AAA]
	(No symbol) [0x00007FF735102156]
	(No symbol) [0x00007FF735137CC0]
	(No symbol) [0x00007FF735160169]
	(No symbol) [0x00007FF735137883]
	(No symbol) [0x00007FF735100550]
	(No symbol) [0x00007FF735101803]
	GetHandleVerifier [0x00007FF7356172BD+3529853]
	GetHandleVerifier [0x00007FF73562DA22+3621858]
	GetHandleVerifier [0x00007FF7356224D3+3575443]
	GetHandleVerifier [0x00007FF73538B77A+860474]
	(No symbol) [0x00007FF73523088F]
	(No symbol) [0x00007FF73522CBC4]
	(No symbol) [0x00007FF73522CD66]
	(No symbol) [0x00007FF73521C2C9]
	BaseThreadInitThunk [0x00007FFEF9F8259D+29]
	RtlUserThreadStart [0x00007FFEFB6EAF38+40]
</status>
</kw>
<status status="FAIL" start="2025-04-21T09:40:51.572784" elapsed="2.235206">ElementClickInterceptedException: Message: element click intercepted: Element &lt;button _ngcontent-usa-c397="" mat-raised-button="" class="mat-focus-indicator mat-raised-button mat-button-base" style="margin-right: 20px;"&gt;...&lt;/button&gt; is not clickable at point (902, 487). Other element would receive the click: &lt;div class="cdk-overlay-backdrop cdk-overlay-dark-backdrop cdk-overlay-backdrop-showing"&gt;&lt;/div&gt;
  (Session info: chrome=135.0.7049.96)
Stacktrace:
	GetHandleVerifier [0x00007FF7352BFE45+26629]
	(No symbol) [0x00007FF735226010]
	(No symbol) [0x00007FF7350B931A]
	(No symbol) [0x00007FF7351177A9]
	(No symbol) [0x00007FF735115162]
	(No symbol) [0x00007FF735112201]
	(No symbol) [0x00007FF735111108]
	(No symbol) [0x00007FF7351028A4]
	(No symbol) [0x00007FF735137AAA]
	(No symbol) [0x00007FF735102156]
	(No symbol) [0x00007FF735137CC0]
	(No symbol) [0x00007FF735160169]
	(No symbol) [0x00007FF735137883]
	(No symbol) [0x00007FF735100550]
	(No symbol) [0x00007FF735101803]
	GetHandleVerifier [0x00007FF7356172BD+3529853]
	GetHandleVerifier [0x00007FF73562DA22+3621858]
	GetHandleVerifier [0x00007FF7356224D3+3575443]
	GetHandleVerifier [0x00007FF73538B77A+860474]
	(No symbol) [0x00007FF73523088F]
	(No symbol) [0x00007FF73522CBC4]
	(No symbol) [0x00007FF73522CD66]
	(No symbol) [0x00007FF73521C2C9]
	BaseThreadInitThunk [0x00007FFEF9F8259D+29]
	RtlUserThreadStart [0x00007FFEFB6EAF38+40]
</status>
</kw>
<status status="FAIL" start="2025-04-21T09:40:51.572784" elapsed="2.235206">ElementClickInterceptedException: Message: element click intercepted: Element &lt;button _ngcontent-usa-c397="" mat-raised-button="" class="mat-focus-indicator mat-raised-button mat-button-base" style="margin-right: 20px;"&gt;...&lt;/button&gt; is not clickable at point (902, 487). Other element would receive the click: &lt;div class="cdk-overlay-backdrop cdk-overlay-dark-backdrop cdk-overlay-backdrop-showing"&gt;&lt;/div&gt;
  (Session info: chrome=135.0.7049.96)
Stacktrace:
	GetHandleVerifier [0x00007FF7352BFE45+26629]
	(No symbol) [0x00007FF735226010]
	(No symbol) [0x00007FF7350B931A]
	(No symbol) [0x00007FF7351177A9]
	(No symbol) [0x00007FF735115162]
	(No symbol) [0x00007FF735112201]
	(No symbol) [0x00007FF735111108]
	(No symbol) [0x00007FF7351028A4]
	(No symbol) [0x00007FF735137AAA]
	(No symbol) [0x00007FF735102156]
	(No symbol) [0x00007FF735137CC0]
	(No symbol) [0x00007FF735160169]
	(No symbol) [0x00007FF735137883]
	(No symbol) [0x00007FF735100550]
	(No symbol) [0x00007FF735101803]
	GetHandleVerifier [0x00007FF7356172BD+3529853]
	GetHandleVerifier [0x00007FF73562DA22+3621858]
	GetHandleVerifier [0x00007FF7356224D3+3575443]
	GetHandleVerifier [0x00007FF73538B77A+860474]
	(No symbol) [0x00007FF73523088F]
	(No symbol) [0x00007FF73522CBC4]
	(No symbol) [0x00007FF73522CD66]
	(No symbol) [0x00007FF73521C2C9]
	BaseThreadInitThunk [0x00007FFEF9F8259D+29]
	RtlUserThreadStart [0x00007FFEFB6EAF38+40]
</status>
</test>
<test id="s1-t7" name="7.ส่วนที่3" line="60">
<kw name="ส่วนที่ 3 ระบุข้อมูล(เลือกฝากเงิน/ถอนเงิน)" owner="keywords_Testcase_1-01">
<kw name="Input Text" owner="SeleniumLibrary">
<msg time="2025-04-21T09:40:53.807990" level="INFO">Typing text '01/01/2567' into text field 'xpath=//input[contains(@class, 'mat-datepicker-input')]'.</msg>
<msg time="2025-04-21T09:40:55.046905" level="INFO" html="true">&lt;/td&gt;&lt;/tr&gt;&lt;tr&gt;&lt;td colspan="3"&gt;&lt;a href="selenium-screenshot-6.png"&gt;&lt;img src="selenium-screenshot-6.png" width="800px"&gt;&lt;/a&gt;</msg>
<msg time="2025-04-21T09:40:55.046905" level="FAIL">Element with locator 'xpath=//input[contains(@class, 'mat-datepicker-input')]' not found.</msg>
<arg>${3.1_ปวันที่ทำธุรกรรม}</arg>
<arg>${วันที่ทำธุระกรรม(dd/MM/yyyy)}</arg>
<doc>Types the given ``text`` into the text field identified by ``locator``.</doc>
<status status="FAIL" start="2025-04-21T09:40:53.807990" elapsed="1.238915">Element with locator 'xpath=//input[contains(@class, 'mat-datepicker-input')]' not found.</status>
</kw>
<kw name="Click Element" owner="SeleniumLibrary">
<arg>${3.1_ประเภทและมูลค่าธุรกรรม}</arg>
<doc>Click the element identified by ``locator``.</doc>
<status status="NOT RUN" start="2025-04-21T09:40:55.046905" elapsed="0.000000"/>
</kw>
<kw name="Click Element" owner="SeleniumLibrary">
<arg>${3.1_ประเภทและมูลค่าธุรกรรม_เลือก}</arg>
<doc>Click the element identified by ``locator``.</doc>
<status status="NOT RUN" start="2025-04-21T09:40:55.046905" elapsed="0.000000"/>
</kw>
<kw name="Input Text" owner="SeleniumLibrary">
<arg>${3.1_ประเภทและมูลค่าธุรกรรม_จากบัญชีเลขที่}</arg>
<arg>${เข้าบัญชีเลขที่(0/30)}</arg>
<doc>Types the given ``text`` into the text field identified by ``locator``.</doc>
<status status="NOT RUN" start="2025-04-21T09:40:55.046905" elapsed="0.000000"/>
</kw>
<kw name="Input Text" owner="SeleniumLibrary">
<arg>${3.1_ประเภทและมูลค่าธุรกรรม_จากบัญชีเลขที่_จำนวน}</arg>
<arg>${จำนวนเงิน(2,000,000)}</arg>
<doc>Types the given ``text`` into the text field identified by ``locator``.</doc>
<status status="NOT RUN" start="2025-04-21T09:40:55.046905" elapsed="0.000000"/>
</kw>
<kw name="Click Element" owner="SeleniumLibrary">
<arg>${3.1วัตถุประสงค์ของการทำธุรกรรม}</arg>
<doc>Click the element identified by ``locator``.</doc>
<status status="NOT RUN" start="2025-04-21T09:40:55.046905" elapsed="0.000000"/>
</kw>
<kw name="Click Element" owner="SeleniumLibrary">
<arg>${3.3วัตถุประสงค์ของการทำธุรกรรม_เลือก}</arg>
<doc>Click the element identified by ``locator``.</doc>
<status status="NOT RUN" start="2025-04-21T09:40:55.046905" elapsed="0.000000"/>
</kw>
<status status="FAIL" start="2025-04-21T09:40:53.807990" elapsed="1.238915">Element with locator 'xpath=//input[contains(@class, 'mat-datepicker-input')]' not found.</status>
</kw>
<kw name="ส่วนที่ 3 บันทึกข้อมูล" owner="keywords_Testcase_1-01">
<status status="NOT RUN" start="2025-04-21T09:40:55.046905" elapsed="0.000000"/>
</kw>
<kw name="ส่วนที่ 3 ขออนุมัติ" owner="keywords_Testcase_1-01">
<status status="NOT RUN" start="2025-04-21T09:40:55.046905" elapsed="0.000000"/>
</kw>
<status status="FAIL" start="2025-04-21T09:40:53.807990" elapsed="1.238915">Element with locator 'xpath=//input[contains(@class, 'mat-datepicker-input')]' not found.</status>
</test>
<test id="s1-t8" name="8.ค้นหารายงาน" line="64">
<kw name="กดปุ่มตกลง" owner="keywordการค้นหา">
<kw name="Sleep" owner="BuiltIn">
<msg time="2025-04-21T09:40:58.075258" level="INFO">Slept 3 seconds.</msg>
<arg>3s</arg>
<doc>Pauses the test executed for the given time.</doc>
<status status="PASS" start="2025-04-21T09:40:55.063690" elapsed="3.011568"/>
</kw>
<kw name="Wait Until Element Is Visible" owner="SeleniumLibrary">
<arg>${ปุ่มตกลง}</arg>
<arg>5s</arg>
<doc>Waits until the element ``locator`` is visible.</doc>
<status status="PASS" start="2025-04-21T09:40:58.076408" elapsed="1.058328"/>
</kw>
<kw name="Click Element" owner="SeleniumLibrary">
<msg time="2025-04-21T09:40:59.135381" level="INFO">Clicking element '//button[.//span[contains(text(), 'ตกลง')]]'.</msg>
<arg>${ปุ่มตกลง}</arg>
<doc>Click the element identified by ``locator``.</doc>
<status status="PASS" start="2025-04-21T09:40:59.135381" elapsed="1.094075"/>
</kw>
<status status="PASS" start="2025-04-21T09:40:55.063690" elapsed="5.165766"/>
</kw>
<kw name="ค้นหารายงานด้วย CIF" owner="keywordการค้นหา">
<kw name="Input Text" owner="SeleniumLibrary">
<msg time="2025-04-21T09:41:00.229456" level="FAIL">Variable '${CIF}' not found.</msg>
<arg>${ค้นหาCIF}</arg>
<arg>${CIF}</arg>
<doc>Types the given ``text`` into the text field identified by ``locator``.</doc>
<status status="FAIL" start="2025-04-21T09:41:00.229456" elapsed="0.000000">Variable '${CIF}' not found.</status>
</kw>
<kw name="Sleep" owner="BuiltIn">
<arg>2s</arg>
<doc>Pauses the test executed for the given time.</doc>
<status status="NOT RUN" start="2025-04-21T09:41:00.229456" elapsed="0.000000"/>
</kw>
<kw name="Wait Until Element Is Visible" owner="SeleniumLibrary">
<arg>${ปุ่มค้นหา}</arg>
<arg>5s</arg>
<doc>Waits until the element ``locator`` is visible.</doc>
<status status="NOT RUN" start="2025-04-21T09:41:00.229456" elapsed="0.000000"/>
</kw>
<kw name="Click Element" owner="SeleniumLibrary">
<arg>${ปุ่มค้นหา}</arg>
<doc>Click the element identified by ``locator``.</doc>
<status status="NOT RUN" start="2025-04-21T09:41:00.229456" elapsed="0.000000"/>
</kw>
<kw name="Sleep" owner="BuiltIn">
<arg>2s</arg>
<doc>Pauses the test executed for the given time.</doc>
<status status="NOT RUN" start="2025-04-21T09:41:00.229456" elapsed="0.000000"/>
</kw>
<status status="FAIL" start="2025-04-21T09:41:00.229456" elapsed="0.000000">Variable '${CIF}' not found.</status>
</kw>
<status status="FAIL" start="2025-04-21T09:40:55.063690" elapsed="5.165766">Variable '${CIF}' not found.</status>
</test>
<test id="s1-t9" name="จบการทำงาน" line="67">
<kw name="จบการทำงาน" owner="main_keywords">
<kw name="Sleep" owner="BuiltIn">
<msg time="2025-04-21T09:41:05.229457" level="INFO">Slept 5 seconds.</msg>
<arg>5s</arg>
<doc>Pauses the test executed for the given time.</doc>
<status status="PASS" start="2025-04-21T09:41:00.229456" elapsed="5.000001"/>
</kw>
<kw name="Capture Page Screenshot" owner="SeleniumLibrary">
<msg time="2025-04-21T09:41:05.907073" level="INFO" html="true">&lt;/td&gt;&lt;/tr&gt;&lt;tr&gt;&lt;td colspan="3"&gt;&lt;a href="selenium-screenshot-7.png"&gt;&lt;img src="selenium-screenshot-7.png" width="800px"&gt;&lt;/a&gt;</msg>
<doc>Takes a screenshot of the current page and embeds it into a log file.</doc>
<status status="PASS" start="2025-04-21T09:41:05.229457" elapsed="0.677616"/>
</kw>
<kw name="Log" owner="BuiltIn">
<msg time="2025-04-21T09:41:05.907073" level="INFO">Test Teardown Completed</msg>
<arg>Test Teardown Completed</arg>
<doc>Logs the given message with the given level.</doc>
<status status="PASS" start="2025-04-21T09:41:05.907073" elapsed="0.000000"/>
</kw>
<kw name="Close Browser" owner="SeleniumLibrary">
<doc>Closes the current browser.</doc>
<status status="PASS" start="2025-04-21T09:41:05.907073" elapsed="3.601651"/>
</kw>
<status status="PASS" start="2025-04-21T09:41:00.229456" elapsed="9.279268"/>
</kw>
<status status="PASS" start="2025-04-21T09:41:00.229456" elapsed="9.280316"/>
</test>
<status status="FAIL" start="2025-04-21T09:40:27.806037" elapsed="41.705779"/>
</suite>
<statistics>
<total>
<stat pass="4" fail="5" skip="0">All Tests</stat>
</total>
<tag>
</tag>
<suite>
<stat pass="4" fail="5" skip="0" id="s1" name="ปปง1-01 Testcase1">ปปง1-01 Testcase1</stat>
</suite>
</statistics>
<errors>
<msg time="2025-04-21T09:40:28.600405" level="WARN">Error in file 'D:\AML_Project\Resources\Menu_name\AML\ยื่นคำร้อง Manual\AMLO Variables.robot' on line 25: The '[Return]' setting is deprecated. Use the 'RETURN' statement instead.</msg>
<msg time="2025-04-21T09:40:28.600405" level="WARN">Error in file 'D:\AML_Project\Resources\Menu_name\AML\ยื่นคำร้อง Manual\AMLO Variables.robot' on line 29: The '[Return]' setting is deprecated. Use the 'RETURN' statement instead.</msg>
<msg time="2025-04-21T09:40:28.600405" level="WARN">Error in file 'D:\AML_Project\Resources\Menu_name\AML\ยื่นคำร้อง Manual\AMLO Variables.robot' on line 34: The '[Return]' setting is deprecated. Use the 'RETURN' statement instead.</msg>
<msg time="2025-04-21T09:40:28.632100" level="ERROR">Error in file 'D:\AML_Project\Resources\Menu_name\AML\ยื่นคำร้อง Manual\ปปง1-01\ปปง1-01_va.robot' on line 121: Setting variable '${2.1_คำนำหน้าชื่อ_เลือก}' failed: Resolving variable '${คำนำหน้า_ส่วน2}' failed: Variable '${คำนำหน}' not found. Did you mean:
    ${คำนำหน้า}</msg>
<msg time="2025-04-21T09:40:28.632100" level="ERROR">Error in file 'D:\AML_Project\Resources\Menu_name\AML\ยื่นคำร้อง Manual\ปปง1-01\ปปง1-01_va.robot' on line 135: Setting variable '${2.2_ที่อยู่_ประเทศ_จังหวัด_เลือก}' failed: Resolving variable '${companyProvince_ส่วน2}' failed: Variable '${companyProvince_ส}' not found. Did you mean:
    ${companyProvince}</msg>
<msg time="2025-04-21T09:40:28.648972" level="ERROR">Error in file 'D:\AML_Project\Resources\Menu_name\AML\ยื่นคำร้อง Manual\ปปง1-01\ปปง1-01_va.robot' on line 139: Setting variable '${2.2_ที่อยู่_ประเทศ_ตำบล_เลือก}' failed: Resolving variable '${companySubdistrict_ส่วน2}' failed: Variable '${companySubdistrict_ส}' not found. Did you mean:
    ${companySubdistrict}
    ${companyDistrict}</msg>
<msg time="2025-04-21T09:40:28.658239" level="ERROR">Error in file 'D:\AML_Project\Resources\Menu_name\AML\ยื่นคำร้อง Manual\ปปง1-01\ปปง1-01_va.robot' on line 137: Setting variable '${2.2_ที่อยู่_ประเทศ_อำเภอ_เลือก}' failed: Resolving variable '${companyDistrict_ส่วน2}' failed: Variable '${companyDistrict_ส}' not found. Did you mean:
    ${companyDistrict}
    ${companySubdistrict}</msg>
<msg time="2025-04-21T09:40:28.668883" level="ERROR">Error in file 'D:\AML_Project\Resources\Menu_name\AML\ยื่นคำร้อง Manual\ปปง1-01\ปปง1-01_va.robot' on line 144: Setting variable '${2.3อาชีพ_เลือก}' failed: Resolving variable '${เลือกอาชีพ_ส่วน2}' failed: Variable '${เล}' not found.</msg>
<msg time="2025-04-21T09:40:32.259688" level="WARN">The chromedriver version (134.0.6998.88) detected in PATH at C:\Users\suravesi\AppData\Local\Programs\Python\Python38\chromedriver.exe might not be compatible with the detected chrome version (135.0.7049.96); currently, chromedriver 135.0.7049.95 is recommended for chrome 135.*, so it is advised to delete the driver in PATH and retry</msg>
</errors>
</robot>
