<?xml version="1.0" encoding="UTF-8"?>
<robot generator="Robot 7.0.1 (Python 3.8.7 on win32)" generated="2025-06-23T14:52:17.529116" rpa="false" schemaversion="5">
<suite id="s1" name="SC IA 001" source="D:\AML_Project\TestCase\Watchlist Screening\Investigate Alert\SC_IA_001.robot">
<test id="s1-t1" name="1.open web IBank &amp; Login" line="18">
<kw name="Enteropen web IBank &amp; Login" owner="main_keywords">
<kw name="Open Browser" owner="SeleniumLibrary">
<msg time="2025-06-23T14:52:17.838085" level="INFO">Opening browser 'chrome' to base url 'https://uat.aml.ibank.co.th/'.</msg>
<msg time="2025-06-23T14:52:19.118769" level="WARN">The chromedriver version (136.0.7103.94) detected in PATH at C:\Users\suravesi\AppData\Local\Programs\Python\Python38\chromedriver.exe might not be compatible with the detected chrome version (137.0.7151.120); currently, chromedriver 137.0.7151.119 is recommended for chrome 137.*, so it is advised to delete the driver in PATH and retry</msg>
<arg>${URL:IBank}</arg>
<arg>${Browser}</arg>
<arg>options=add_argument("--ignore-certificate-errors")</arg>
<doc>Opens a new browser instance to the optional ``url``.</doc>
<status status="PASS" start="2025-06-23T14:52:17.838085" elapsed="5.182800"/>
</kw>
<kw name="Maximize Browser Window" owner="SeleniumLibrary">
<doc>Maximizes current browser window.</doc>
<status status="PASS" start="2025-06-23T14:52:23.020885" elapsed="0.029858"/>
</kw>
<kw name="Set Selenium Speed" owner="SeleniumLibrary">
<arg>0.5s</arg>
<doc>Sets the delay that is waited after each Selenium command.</doc>
<status status="PASS" start="2025-06-23T14:52:23.050743" elapsed="0.000998"/>
</kw>
<status status="PASS" start="2025-06-23T14:52:17.838085" elapsed="5.213656"/>
</kw>
<kw name="เข้าด้วยUserระดับฝ่ายกำกับพนักงาน" owner="main_keywords">
<kw name="Wait Until Element Is Visible" owner="SeleniumLibrary">
<arg>xpath=//input[contains(@class, 'inputLogin')]</arg>
<arg>5s</arg>
<doc>Waits until the element ``locator`` is visible.</doc>
<status status="PASS" start="2025-06-23T14:52:23.052262" elapsed="1.746959"/>
</kw>
<kw name="Input Text" owner="SeleniumLibrary">
<msg time="2025-06-23T14:52:24.800219" level="INFO">Typing text '540055' into text field 'xpath=//input[contains(@class, 'inputLogin')]'.</msg>
<arg>xpath=//input[contains(@class, 'inputLogin')]</arg>
<arg>${ID:ฝ่ายกำกับพนักงาน}</arg>
<doc>Types the given ``text`` into the text field identified by ``locator``.</doc>
<status status="PASS" start="2025-06-23T14:52:24.799221" elapsed="1.579932"/>
</kw>
<kw name="Input Password" owner="SeleniumLibrary">
<msg time="2025-06-23T14:52:26.379153" level="INFO">Typing password into text field 'xpath=//input[contains(@class, 'inputLogin') and @type='password']'.</msg>
<msg time="2025-06-23T14:52:27.423457" level="INFO">Temporally setting log level to: NONE</msg>
<arg>xpath=//input[contains(@class, 'inputLogin') and @type='password']</arg>
<arg>${password:ฝ่ายกำกับพนักงาน}</arg>
<doc>Types the given password into the text field identified by ``locator``.</doc>
<status status="PASS" start="2025-06-23T14:52:26.379153" elapsed="1.596384"/>
</kw>
<kw name="Click Element" owner="SeleniumLibrary">
<msg time="2025-06-23T14:52:27.975537" level="INFO">Clicking element '//button[contains(@class, 'mat-raised-button')]'.</msg>
<arg>//button[contains(@class, 'mat-raised-button')]</arg>
<doc>Click the element identified by ``locator``.</doc>
<status status="PASS" start="2025-06-23T14:52:27.975537" elapsed="1.087129"/>
</kw>
<kw name="Run Keyword And Ignore Error" owner="BuiltIn">
<kw name="ยืนยันการเข้าระบบ" owner="main_keywords">
<kw name="Click Element" owner="SeleniumLibrary">
<msg time="2025-06-23T14:52:29.064565" level="INFO">Clicking element '//button[contains(@class, 'mat-raised-button')]//i[contains(@class, 'fa-check')]'.</msg>
<msg time="2025-06-23T14:52:30.397040" level="INFO" html="true">&lt;/td&gt;&lt;/tr&gt;&lt;tr&gt;&lt;td colspan="3"&gt;&lt;a href="selenium-screenshot-301.png"&gt;&lt;img src="selenium-screenshot-301.png" width="800px"&gt;&lt;/a&gt;</msg>
<msg time="2025-06-23T14:52:30.397040" level="FAIL">Element with locator '//button[contains(@class, 'mat-raised-button')]//i[contains(@class, 'fa-check')]' not found.</msg>
<arg>//button[contains(@class, 'mat-raised-button')]//i[contains(@class, 'fa-check')]</arg>
<doc>Click the element identified by ``locator``.</doc>
<status status="FAIL" start="2025-06-23T14:52:29.064565" elapsed="1.342481">Element with locator '//button[contains(@class, 'mat-raised-button')]//i[contains(@class, 'fa-check')]' not found.</status>
</kw>
<status status="FAIL" start="2025-06-23T14:52:29.063666" elapsed="1.344375">Element with locator '//button[contains(@class, 'mat-raised-button')]//i[contains(@class, 'fa-check')]' not found.</status>
</kw>
<arg>ยืนยันการเข้าระบบ</arg>
<doc>Runs the given keyword with the given arguments and ignores possible error.</doc>
<status status="PASS" start="2025-06-23T14:52:29.062666" elapsed="1.345375"/>
</kw>
<kw name="Run Keyword And Ignore Error" owner="BuiltIn">
<kw name="ยืนยันการข้าม Pop-up" owner="main_keywords">
<kw name="Wait Until Element Is Visible" owner="SeleniumLibrary">
<msg time="2025-06-23T14:52:36.059526" level="INFO" html="true">&lt;/td&gt;&lt;/tr&gt;&lt;tr&gt;&lt;td colspan="3"&gt;&lt;a href="selenium-screenshot-302.png"&gt;&lt;img src="selenium-screenshot-302.png" width="800px"&gt;&lt;/a&gt;</msg>
<msg time="2025-06-23T14:52:36.059526" level="FAIL">Element 'xpath=//button[.//span[normalize-space(text())='Close']]' not visible after 5 seconds.</msg>
<arg>xpath=//button[.//span[normalize-space(text())='Close']]</arg>
<arg>timeout=5s</arg>
<doc>Waits until the element ``locator`` is visible.</doc>
<status status="FAIL" start="2025-06-23T14:52:30.410038" elapsed="5.649488">Element 'xpath=//button[.//span[normalize-space(text())='Close']]' not visible after 5 seconds.</status>
</kw>
<kw name="Click Element" owner="SeleniumLibrary">
<arg>xpath=//button[.//span[normalize-space(text())='Close']]</arg>
<doc>Click the element identified by ``locator``.</doc>
<status status="NOT RUN" start="2025-06-23T14:52:36.072033" elapsed="0.000000"/>
</kw>
<status status="FAIL" start="2025-06-23T14:52:30.409037" elapsed="5.662996">Element 'xpath=//button[.//span[normalize-space(text())='Close']]' not visible after 5 seconds.</status>
</kw>
<arg>ยืนยันการข้าม Pop-up</arg>
<doc>Runs the given keyword with the given arguments and ignores possible error.</doc>
<status status="PASS" start="2025-06-23T14:52:30.409037" elapsed="5.662996"/>
</kw>
<status status="PASS" start="2025-06-23T14:52:23.052262" elapsed="13.019771"/>
</kw>
<doc>ทดสอบการทำรายงาน Watch List</doc>
<status status="PASS" start="2025-06-23T14:52:17.838085" elapsed="18.233948"/>
</test>
<test id="s1-t2" name="2.เลือกMenu Investigate Alert" line="23">
<kw name="เข้าMenu Investigate Alert" owner="Investigate Key">
<kw name="Click Element" owner="SeleniumLibrary">
<msg time="2025-06-23T14:52:36.072033" level="INFO">Clicking element 'xpath=//a[contains(@class, 'sidebar-link') and .//div[contains(text(), 'Watch List')]]'.</msg>
<arg>${Watch List_menuXPATH}</arg>
<doc>Click the element identified by ``locator``.</doc>
<status status="PASS" start="2025-06-23T14:52:36.072033" elapsed="1.079389"/>
</kw>
<kw name="Click Element" owner="SeleniumLibrary">
<msg time="2025-06-23T14:52:37.151422" level="INFO">Clicking element 'xpath=//a[contains(@class, 'mat-list-item') and contains(., 'Investigate Alert')]'.</msg>
<arg>${Investigate Alert}</arg>
<doc>Click the element identified by ``locator``.</doc>
<status status="PASS" start="2025-06-23T14:52:37.151422" elapsed="1.059093"/>
</kw>
<kw name="Sleep" owner="BuiltIn">
<msg time="2025-06-23T14:52:41.213526" level="INFO">Slept 3 seconds.</msg>
<arg>3s</arg>
<doc>Pauses the test executed for the given time.</doc>
<status status="PASS" start="2025-06-23T14:52:38.211538" elapsed="3.001988"/>
</kw>
<status status="PASS" start="2025-06-23T14:52:36.072033" elapsed="5.141493"/>
</kw>
<status status="PASS" start="2025-06-23T14:52:36.072033" elapsed="5.141493"/>
</test>
<test id="s1-t3" name="3.พนักงานฝ่ายกำกับตรวจสอบข้อมูล" line="27">
<kw name="ค้นหาเลข CIF" owner="Investigate Key">
<kw name="Input Text" owner="SeleniumLibrary">
<msg time="2025-06-23T14:52:41.215484" level="INFO">Typing text '10000002' into text field '//input[@name='cifno']'.</msg>
<arg>${CIFNO_xpath}</arg>
<arg>${CIF No}</arg>
<doc>Types the given ``text`` into the text field identified by ``locator``.</doc>
<status status="PASS" start="2025-06-23T14:52:41.215484" elapsed="1.618813"/>
</kw>
<kw name="Click Element" owner="SeleniumLibrary">
<msg time="2025-06-23T14:52:42.834297" level="INFO">Clicking element '//button[.//span[contains(text(), 'ค้นหา')]]'.</msg>
<arg>${ปุ่มค้นหา}</arg>
<doc>Click the element identified by ``locator``.</doc>
<status status="PASS" start="2025-06-23T14:52:42.834297" elapsed="1.082810"/>
</kw>
<status status="PASS" start="2025-06-23T14:52:41.215484" elapsed="2.701623"/>
</kw>
<kw name="ตรวจสอบข้อมูลระดับฝ่ายกำกับพนักงาน" owner="Investigate Key">
<kw name="Run Keyword And Ignore Error" owner="BuiltIn">
<kw name="Take Owner" owner="Investigate Key">
<kw name="Click Element" owner="SeleniumLibrary">
<msg time="2025-06-23T14:52:43.920107" level="INFO">Clicking element '//button[.//span[normalize-space()='Take Owner']]'.</msg>
<msg time="2025-06-23T14:52:45.109717" level="INFO" html="true">&lt;/td&gt;&lt;/tr&gt;&lt;tr&gt;&lt;td colspan="3"&gt;&lt;a href="selenium-screenshot-303.png"&gt;&lt;img src="selenium-screenshot-303.png" width="800px"&gt;&lt;/a&gt;</msg>
<msg time="2025-06-23T14:52:45.109717" level="FAIL">Element with locator '//button[.//span[normalize-space()='Take Owner']]' not found.</msg>
<arg>${ปุ่มTake Owner_xpath}</arg>
<doc>Click the element identified by ``locator``.</doc>
<status status="FAIL" start="2025-06-23T14:52:43.920107" elapsed="1.189610">Element with locator '//button[.//span[normalize-space()='Take Owner']]' not found.</status>
</kw>
<kw name="Click Element" owner="SeleniumLibrary">
<arg>${ปุ่มยืนยัน_xpath}</arg>
<doc>Click the element identified by ``locator``.</doc>
<status status="NOT RUN" start="2025-06-23T14:52:45.109717" elapsed="0.000000"/>
</kw>
<status status="FAIL" start="2025-06-23T14:52:43.919107" elapsed="1.190610">Element with locator '//button[.//span[normalize-space()='Take Owner']]' not found.</status>
</kw>
<arg>Take Owner</arg>
<doc>Runs the given keyword with the given arguments and ignores possible error.</doc>
<status status="PASS" start="2025-06-23T14:52:43.919107" elapsed="1.190610"/>
</kw>
<kw name="Run Keyword And Ignore Error" owner="BuiltIn">
<kw name="Investigate" owner="Investigate Key">
<kw name="Click Element" owner="SeleniumLibrary">
<msg time="2025-06-23T14:52:45.119247" level="INFO">Clicking element '//button[.//span[normalize-space()='Investigate']]'.</msg>
<arg>${ปุ่มInvestigate _xpath}</arg>
<doc>Click the element identified by ``locator``.</doc>
<status status="PASS" start="2025-06-23T14:52:45.119247" elapsed="1.073373"/>
</kw>
<status status="PASS" start="2025-06-23T14:52:45.109717" elapsed="1.082903"/>
</kw>
<arg>Investigate</arg>
<doc>Runs the given keyword with the given arguments and ignores possible error.</doc>
<status status="PASS" start="2025-06-23T14:52:45.109717" elapsed="1.083764"/>
</kw>
<status status="PASS" start="2025-06-23T14:52:43.918106" elapsed="2.275375"/>
</kw>
<status status="PASS" start="2025-06-23T14:52:41.215484" elapsed="4.977997"/>
</test>
<test id="s1-t4" name="4.ตรวจสอบว่าเป็นจริงและส่งอนุมัติ" line="31">
<kw name="ตรวจสอบรายการว่า(ใช่)และระบุเหตุผล" owner="Investigate Key">
<kw name="Wait Until Element Is Visible" owner="SeleniumLibrary">
<arg>${ปุ่มใช่_xpath}</arg>
<doc>Waits until the element ``locator`` is visible.</doc>
<status status="PASS" start="2025-06-23T14:52:46.193481" elapsed="1.772648"/>
</kw>
<kw name="Click Element" owner="SeleniumLibrary">
<msg time="2025-06-23T14:52:47.966129" level="INFO">Clicking element '//mat-radio-button[.//span[contains(text(),'ใช่')]]'.</msg>
<arg>${ปุ่มใช่_xpath}</arg>
<doc>Click the element identified by ``locator``.</doc>
<status status="PASS" start="2025-06-23T14:52:47.966129" elapsed="1.056800"/>
</kw>
<kw name="Input Text" owner="SeleniumLibrary">
<msg time="2025-06-23T14:52:49.022929" level="INFO">Typing text 'test' into text field '//textarea[contains(@class, 'mat-input-element') and @maxlength='2000']'.</msg>
<arg>${หมายเหตุ_xpath}</arg>
<arg>${หมายเหตุ}</arg>
<doc>Types the given ``text`` into the text field identified by ``locator``.</doc>
<status status="PASS" start="2025-06-23T14:52:49.022929" elapsed="1.660674"/>
</kw>
<status status="PASS" start="2025-06-23T14:52:46.193481" elapsed="4.490122"/>
</kw>
<kw name="กดปุ่มยืนยันการตรวจสอบ" owner="Investigate Key">
<kw name="Click Element" owner="SeleniumLibrary">
<msg time="2025-06-23T14:52:50.683603" level="INFO">Clicking element '//button[.//span[normalize-space()='ยืนยันการตรวจสอบ']]'.</msg>
<arg>${ปุ่มยืนยันการตรวจสอบ_xpath}</arg>
<doc>Click the element identified by ``locator``.</doc>
<status status="PASS" start="2025-06-23T14:52:50.683603" elapsed="1.091477"/>
</kw>
<kw name="Click Element" owner="SeleniumLibrary">
<msg time="2025-06-23T14:52:51.775080" level="INFO">Clicking element '//button[.//span[normalize-space()='ยืนยัน']]'.</msg>
<arg>${ปุ่มยืนยัน_xpath}</arg>
<doc>Click the element identified by ``locator``.</doc>
<status status="PASS" start="2025-06-23T14:52:51.775080" elapsed="1.062749"/>
</kw>
<kw name="Run Keyword And Ignore Error" owner="BuiltIn">
<kw name="กดปุ่มตกลง" owner="Investigate Key">
<kw name="Wait Until Element Is Visible" owner="SeleniumLibrary">
<arg>${ปุ่มตกลง_xpath}</arg>
<doc>Waits until the element ``locator`` is visible.</doc>
<status status="PASS" start="2025-06-23T14:52:52.839894" elapsed="1.756555"/>
</kw>
<kw name="Click Element" owner="SeleniumLibrary">
<msg time="2025-06-23T14:52:54.597663" level="INFO">Clicking element '//button[.//span[normalize-space()='ตกลง']]'.</msg>
<arg>${ปุ่มตกลง_xpath}</arg>
<doc>Click the element identified by ``locator``.</doc>
<status status="PASS" start="2025-06-23T14:52:54.597663" elapsed="1.076317"/>
</kw>
<status status="PASS" start="2025-06-23T14:52:52.839190" elapsed="2.834790"/>
</kw>
<arg>กดปุ่มตกลง</arg>
<doc>Runs the given keyword with the given arguments and ignores possible error.</doc>
<status status="PASS" start="2025-06-23T14:52:52.838620" elapsed="2.835360"/>
</kw>
<status status="PASS" start="2025-06-23T14:52:50.683603" elapsed="4.990377"/>
</kw>
<status status="PASS" start="2025-06-23T14:52:46.193481" elapsed="9.480499"/>
</test>
<test id="s1-t5" name="5.ออกระบบเข้าใช้ Userฝ่ายกำกับหัวหน้างาน" line="35">
<kw name="ออกจากระบบ" owner="main_keywords">
<kw name="Click Element" owner="SeleniumLibrary">
<msg time="2025-06-23T14:52:55.673980" level="INFO">Clicking element '//button//span[contains(text(), 'ออกจากระบบ')]'.</msg>
<arg>${ปุ่มออกจากระบบ}</arg>
<doc>Click the element identified by ``locator``.</doc>
<status status="PASS" start="2025-06-23T14:52:55.673980" elapsed="1.098459"/>
</kw>
<status status="PASS" start="2025-06-23T14:52:55.673980" elapsed="1.098459"/>
</kw>
<kw name="เข้าด้วยUserระดับฝ่ายกำกับหัวหน้างาน" owner="main_keywords">
<kw name="Wait Until Element Is Visible" owner="SeleniumLibrary">
<arg>xpath=//input[contains(@class, 'inputLogin')]</arg>
<arg>5s</arg>
<doc>Waits until the element ``locator`` is visible.</doc>
<status status="PASS" start="2025-06-23T14:52:56.772439" elapsed="1.044321"/>
</kw>
<kw name="Input Text" owner="SeleniumLibrary">
<msg time="2025-06-23T14:52:57.817882" level="INFO">Typing text '530433' into text field 'xpath=//input[contains(@class, 'inputLogin')]'.</msg>
<arg>xpath=//input[contains(@class, 'inputLogin')]</arg>
<arg>${ID:ฝ่ายกำกับหัวหน้างาน}</arg>
<doc>Types the given ``text`` into the text field identified by ``locator``.</doc>
<status status="PASS" start="2025-06-23T14:52:57.817882" elapsed="1.591863"/>
</kw>
<kw name="Input Password" owner="SeleniumLibrary">
<msg time="2025-06-23T14:52:59.409745" level="INFO">Typing password into text field 'xpath=//input[contains(@class, 'inputLogin') and @type='password']'.</msg>
<msg time="2025-06-23T14:53:00.456697" level="INFO">Temporally setting log level to: NONE</msg>
<arg>xpath=//input[contains(@class, 'inputLogin') and @type='password']</arg>
<arg>${password:ฝ่ายกำกับหัวหน้างาน}</arg>
<doc>Types the given password into the text field identified by ``locator``.</doc>
<status status="PASS" start="2025-06-23T14:52:59.409745" elapsed="1.587630"/>
</kw>
<kw name="Click Element" owner="SeleniumLibrary">
<msg time="2025-06-23T14:53:00.997375" level="INFO">Clicking element '//button[contains(@class, 'mat-raised-button')]'.</msg>
<arg>//button[contains(@class, 'mat-raised-button')]</arg>
<doc>Click the element identified by ``locator``.</doc>
<status status="PASS" start="2025-06-23T14:53:00.997375" elapsed="1.072671"/>
</kw>
<kw name="Run Keyword And Ignore Error" owner="BuiltIn">
<kw name="ยืนยันการเข้าระบบ" owner="main_keywords">
<kw name="Click Element" owner="SeleniumLibrary">
<msg time="2025-06-23T14:53:02.071771" level="INFO">Clicking element '//button[contains(@class, 'mat-raised-button')]//i[contains(@class, 'fa-check')]'.</msg>
<msg time="2025-06-23T14:53:03.234180" level="INFO" html="true">&lt;/td&gt;&lt;/tr&gt;&lt;tr&gt;&lt;td colspan="3"&gt;&lt;a href="selenium-screenshot-304.png"&gt;&lt;img src="selenium-screenshot-304.png" width="800px"&gt;&lt;/a&gt;</msg>
<msg time="2025-06-23T14:53:03.234180" level="FAIL">Element with locator '//button[contains(@class, 'mat-raised-button')]//i[contains(@class, 'fa-check')]' not found.</msg>
<arg>//button[contains(@class, 'mat-raised-button')]//i[contains(@class, 'fa-check')]</arg>
<doc>Click the element identified by ``locator``.</doc>
<status status="FAIL" start="2025-06-23T14:53:02.071771" elapsed="1.162409">Element with locator '//button[contains(@class, 'mat-raised-button')]//i[contains(@class, 'fa-check')]' not found.</status>
</kw>
<status status="FAIL" start="2025-06-23T14:53:02.071454" elapsed="1.162726">Element with locator '//button[contains(@class, 'mat-raised-button')]//i[contains(@class, 'fa-check')]' not found.</status>
</kw>
<arg>ยืนยันการเข้าระบบ</arg>
<doc>Runs the given keyword with the given arguments and ignores possible error.</doc>
<status status="PASS" start="2025-06-23T14:53:02.070444" elapsed="1.163736"/>
</kw>
<kw name="Run Keyword And Ignore Error" owner="BuiltIn">
<kw name="ยืนยันการข้าม Pop-up" owner="main_keywords">
<kw name="Wait Until Element Is Visible" owner="SeleniumLibrary">
<msg time="2025-06-23T14:53:08.901945" level="INFO" html="true">&lt;/td&gt;&lt;/tr&gt;&lt;tr&gt;&lt;td colspan="3"&gt;&lt;a href="selenium-screenshot-305.png"&gt;&lt;img src="selenium-screenshot-305.png" width="800px"&gt;&lt;/a&gt;</msg>
<msg time="2025-06-23T14:53:08.901945" level="FAIL">Element 'xpath=//button[.//span[normalize-space(text())='Close']]' not visible after 5 seconds.</msg>
<arg>xpath=//button[.//span[normalize-space(text())='Close']]</arg>
<arg>timeout=5s</arg>
<doc>Waits until the element ``locator`` is visible.</doc>
<status status="FAIL" start="2025-06-23T14:53:03.234180" elapsed="5.667765">Element 'xpath=//button[.//span[normalize-space(text())='Close']]' not visible after 5 seconds.</status>
</kw>
<kw name="Click Element" owner="SeleniumLibrary">
<arg>xpath=//button[.//span[normalize-space(text())='Close']]</arg>
<doc>Click the element identified by ``locator``.</doc>
<status status="NOT RUN" start="2025-06-23T14:53:08.917317" elapsed="0.000000"/>
</kw>
<status status="FAIL" start="2025-06-23T14:53:03.234180" elapsed="5.683137">Element 'xpath=//button[.//span[normalize-space(text())='Close']]' not visible after 5 seconds.</status>
</kw>
<arg>ยืนยันการข้าม Pop-up</arg>
<doc>Runs the given keyword with the given arguments and ignores possible error.</doc>
<status status="PASS" start="2025-06-23T14:53:03.234180" elapsed="5.683137"/>
</kw>
<status status="PASS" start="2025-06-23T14:52:56.772439" elapsed="12.144878"/>
</kw>
<kw name="เข้าMenu Investigate Alert กรณีระบบไม่รีเฟสค่าหน้าจอ" owner="Investigate Key">
<kw name="Wait Until Element Is Visible" owner="SeleniumLibrary">
<arg>${Investigate Alert}</arg>
<doc>Waits until the element ``locator`` is visible.</doc>
<status status="PASS" start="2025-06-23T14:53:08.917317" elapsed="1.023504"/>
</kw>
<kw name="Click Element" owner="SeleniumLibrary">
<msg time="2025-06-23T14:53:09.940821" level="INFO">Clicking element 'xpath=//a[contains(@class, 'mat-list-item') and contains(., 'Investigate Alert')]'.</msg>
<arg>${Investigate Alert}</arg>
<doc>Click the element identified by ``locator``.</doc>
<status status="PASS" start="2025-06-23T14:53:09.940821" elapsed="1.074745"/>
</kw>
<status status="PASS" start="2025-06-23T14:53:08.917317" elapsed="2.098249"/>
</kw>
<status status="PASS" start="2025-06-23T14:52:55.673980" elapsed="15.342593"/>
</test>
<test id="s1-t6" name="ุ6.อนุมัติรายการ" line="39">
<kw name="ค้นหาเลข CIF" owner="Investigate Key">
<kw name="Input Text" owner="SeleniumLibrary">
<msg time="2025-06-23T14:53:11.021043" level="INFO">Typing text '10000002' into text field '//input[@name='cifno']'.</msg>
<arg>${CIFNO_xpath}</arg>
<arg>${CIF No}</arg>
<doc>Types the given ``text`` into the text field identified by ``locator``.</doc>
<status status="PASS" start="2025-06-23T14:53:11.020044" elapsed="1.601749"/>
</kw>
<kw name="Click Element" owner="SeleniumLibrary">
<msg time="2025-06-23T14:53:12.621793" level="INFO">Clicking element '//button[.//span[contains(text(), 'ค้นหา')]]'.</msg>
<arg>${ปุ่มค้นหา}</arg>
<doc>Click the element identified by ``locator``.</doc>
<status status="PASS" start="2025-06-23T14:53:12.621793" elapsed="1.061607"/>
</kw>
<status status="PASS" start="2025-06-23T14:53:11.019030" elapsed="2.664370"/>
</kw>
<kw name="กดปุ่มApproveและเข้าหน้าข้อมูล" owner="Investigate Key">
<kw name="Wait Until Element Is Visible" owner="SeleniumLibrary">
<arg>${ปุ่มApprove_xpath}</arg>
<doc>Waits until the element ``locator`` is visible.</doc>
<status status="PASS" start="2025-06-23T14:53:13.685917" elapsed="1.044488"/>
</kw>
<kw name="Click Element" owner="SeleniumLibrary">
<msg time="2025-06-23T14:53:14.730405" level="INFO">Clicking element '//button[.//span[normalize-space()='Approve']]'.</msg>
<arg>${ปุ่มApprove_xpath}</arg>
<doc>Click the element identified by ``locator``.</doc>
<status status="PASS" start="2025-06-23T14:53:14.730405" elapsed="1.069023"/>
</kw>
<status status="PASS" start="2025-06-23T14:53:13.684900" elapsed="2.115315"/>
</kw>
<status status="PASS" start="2025-06-23T14:53:11.017570" elapsed="4.782645"/>
</test>
<test id="s1-t7" name="จบการทำงาน" line="43">
<kw name="จบการทำงาน" owner="main_keywords">
<kw name="Sleep" owner="BuiltIn">
<msg time="2025-06-23T14:53:20.811508" level="INFO">Slept 5 seconds.</msg>
<arg>5s</arg>
<doc>Pauses the test executed for the given time.</doc>
<status status="PASS" start="2025-06-23T14:53:15.800215" elapsed="5.011293"/>
</kw>
<kw name="Capture Page Screenshot" owner="SeleniumLibrary">
<msg time="2025-06-23T14:53:22.347248" level="WARN">Keyword 'Capture Page Screenshot' could not be run on failure: Message: invalid session id
Stacktrace:
	GetHandleVerifier [0x00007FF7EB6CCF65+75717]
	GetHandleVerifier [0x00007FF7EB6CCFC0+75808]
	(No symbol) [0x00007FF7EB498DCC]
	(No symbol) [0x00007FF7EB4DF54F]
	(No symbol) [0x00007FF7EB517242]
	(No symbol) [0x00007FF7EB511C63]
	(No symbol) [0x00007FF7EB510D29]
	(No symbol) [0x00007FF7EB465A55]
	GetHandleVerifier [0x00007FF7EB9CD74D+3223469]
	GetHandleVerifier [0x00007FF7EB9C7CF2+3200338]
	GetHandleVerifier [0x00007FF7EB9E5B23+3322755]
	GetHandleVerifier [0x00007FF7EB6E6A3A+180890]
	GetHandleVerifier [0x00007FF7EB6EE13F+211359]
	(No symbol) [0x00007FF7EB464AC8]
	GetHandleVerifier [0x00007FF7EBAB6FF8+4180056]
	BaseThreadInitThunk [0x00007FFC8E6E259D+29]
	RtlUserThreadStart [0x00007FFC8F1AAF78+40]
</msg>
<msg time="2025-06-23T14:53:22.347248" level="FAIL">InvalidSessionIdException: Message: invalid session id: session deleted as the browser has closed the connection
from disconnected: not connected to DevTools
  (Session info: chrome=137.0.7151.120)
Stacktrace:
	GetHandleVerifier [0x00007FF7EB6CCF65+75717]
	GetHandleVerifier [0x00007FF7EB6CCFC0+75808]
	(No symbol) [0x00007FF7EB498F9A]
	(No symbol) [0x00007FF7EB484E35]
	(No symbol) [0x00007FF7EB4A9DB4]
	(No symbol) [0x00007FF7EB51EE75]
	(No symbol) [0x00007FF7EB53ECC2]
	(No symbol) [0x00007FF7EB517153]
	(No symbol) [0x00007FF7EB4E0421]
	(No symbol) [0x00007FF7EB4E11B3]
	GetHandleVerifier [0x00007FF7EB9CD74D+3223469]
	GetHandleVerifier [0x00007FF7EB9C7CF2+3200338]
	GetHandleVerifier [0x00007FF7EB9E5B23+3322755]
	GetHandleVerifier [0x00007FF7EB6E6A3A+180890]
	GetHandleVerifier [0x00007FF7EB6EE13F+211359]
	GetHandleVerifier [0x00007FF7EB6D52B4+109332]
	GetHandleVerifier [0x00007FF7EB6D5462+109762]
	GetHandleVerifier [0x00007FF7EB6BBA79+4825]
	BaseThreadInitThunk [0x00007FFC8E6E259D+29]
	RtlUserThreadStart [0x00007FFC8F1AAF78+40]
</msg>
<doc>Takes a screenshot of the current page and embeds it into a log file.</doc>
<status status="FAIL" start="2025-06-23T14:53:20.811508" elapsed="1.553931">InvalidSessionIdException: Message: invalid session id: session deleted as the browser has closed the connection
from disconnected: not connected to DevTools
  (Session info: chrome=137.0.7151.120)
Stacktrace:
	GetHandleVerifier [0x00007FF7EB6CCF65+75717]
	GetHandleVerifier [0x00007FF7EB6CCFC0+75808]
	(No symbol) [0x00007FF7EB498F9A]
	(No symbol) [0x00007FF7EB484E35]
	(No symbol) [0x00007FF7EB4A9DB4]
	(No symbol) [0x00007FF7EB51EE75]
	(No symbol) [0x00007FF7EB53ECC2]
	(No symbol) [0x00007FF7EB517153]
	(No symbol) [0x00007FF7EB4E0421]
	(No symbol) [0x00007FF7EB4E11B3]
	GetHandleVerifier [0x00007FF7EB9CD74D+3223469]
	GetHandleVerifier [0x00007FF7EB9C7CF2+3200338]
	GetHandleVerifier [0x00007FF7EB9E5B23+3322755]
	GetHandleVerifier [0x00007FF7EB6E6A3A+180890]
	GetHandleVerifier [0x00007FF7EB6EE13F+211359]
	GetHandleVerifier [0x00007FF7EB6D52B4+109332]
	GetHandleVerifier [0x00007FF7EB6D5462+109762]
	GetHandleVerifier [0x00007FF7EB6BBA79+4825]
	BaseThreadInitThunk [0x00007FFC8E6E259D+29]
	RtlUserThreadStart [0x00007FFC8F1AAF78+40]
</status>
</kw>
<kw name="Log" owner="BuiltIn">
<arg>Test Teardown Completed</arg>
<doc>Logs the given message with the given level.</doc>
<status status="NOT RUN" start="2025-06-23T14:53:22.365439" elapsed="0.000000"/>
</kw>
<kw name="Close Browser" owner="SeleniumLibrary">
<doc>Closes the current browser.</doc>
<status status="NOT RUN" start="2025-06-23T14:53:22.365439" elapsed="0.000000"/>
</kw>
<status status="FAIL" start="2025-06-23T14:53:15.800215" elapsed="6.565224">InvalidSessionIdException: Message: invalid session id: session deleted as the browser has closed the connection
from disconnected: not connected to DevTools
  (Session info: chrome=137.0.7151.120)
Stacktrace:
	GetHandleVerifier [0x00007FF7EB6CCF65+75717]
	GetHandleVerifier [0x00007FF7EB6CCFC0+75808]
	(No symbol) [0x00007FF7EB498F9A]
	(No symbol) [0x00007FF7EB484E35]
	(No symbol) [0x00007FF7EB4A9DB4]
	(No symbol) [0x00007FF7EB51EE75]
	(No symbol) [0x00007FF7EB53ECC2]
	(No symbol) [0x00007FF7EB517153]
	(No symbol) [0x00007FF7EB4E0421]
	(No symbol) [0x00007FF7EB4E11B3]
	GetHandleVerifier [0x00007FF7EB9CD74D+3223469]
	GetHandleVerifier [0x00007FF7EB9C7CF2+3200338]
	GetHandleVerifier [0x00007FF7EB9E5B23+3322755]
	GetHandleVerifier [0x00007FF7EB6E6A3A+180890]
	GetHandleVerifier [0x00007FF7EB6EE13F+211359]
	GetHandleVerifier [0x00007FF7EB6D52B4+109332]
	GetHandleVerifier [0x00007FF7EB6D5462+109762]
	GetHandleVerifier [0x00007FF7EB6BBA79+4825]
	BaseThreadInitThunk [0x00007FFC8E6E259D+29]
	RtlUserThreadStart [0x00007FFC8F1AAF78+40]
</status>
</kw>
<status status="FAIL" start="2025-06-23T14:53:15.800215" elapsed="6.565224">InvalidSessionIdException: Message: invalid session id: session deleted as the browser has closed the connection
from disconnected: not connected to DevTools
  (Session info: chrome=137.0.7151.120)
Stacktrace:
	GetHandleVerifier [0x00007FF7EB6CCF65+75717]
	GetHandleVerifier [0x00007FF7EB6CCFC0+75808]
	(No symbol) [0x00007FF7EB498F9A]
	(No symbol) [0x00007FF7EB484E35]
	(No symbol) [0x00007FF7EB4A9DB4]
	(No symbol) [0x00007FF7EB51EE75]
	(No symbol) [0x00007FF7EB53ECC2]
	(No symbol) [0x00007FF7EB517153]
	(No symbol) [0x00007FF7EB4E0421]
	(No symbol) [0x00007FF7EB4E11B3]
	GetHandleVerifier [0x00007FF7EB9CD74D+3223469]
	GetHandleVerifier [0x00007FF7EB9C7CF2+3200338]
	GetHandleVerifier [0x00007FF7EB9E5B23+3322755]
	GetHandleVerifier [0x00007FF7EB6E6A3A+180890]
	GetHandleVerifier [0x00007FF7EB6EE13F+211359]
	GetHandleVerifier [0x00007FF7EB6D52B4+109332]
	GetHandleVerifier [0x00007FF7EB6D5462+109762]
	GetHandleVerifier [0x00007FF7EB6BBA79+4825]
	BaseThreadInitThunk [0x00007FFC8E6E259D+29]
	RtlUserThreadStart [0x00007FFC8F1AAF78+40]
</status>
</test>
<doc>ทดสอบการทำงาน</doc>
<status status="FAIL" start="2025-06-23T14:52:17.537843" elapsed="64.827596"/>
</suite>
<statistics>
<total>
<stat pass="6" fail="1" skip="0">All Tests</stat>
</total>
<tag>
</tag>
<suite>
<stat pass="6" fail="1" skip="0" id="s1" name="SC IA 001">SC IA 001</stat>
</suite>
</statistics>
<errors>
<msg time="2025-06-23T14:52:19.118769" level="WARN">The chromedriver version (136.0.7103.94) detected in PATH at C:\Users\suravesi\AppData\Local\Programs\Python\Python38\chromedriver.exe might not be compatible with the detected chrome version (137.0.7151.120); currently, chromedriver 137.0.7151.119 is recommended for chrome 137.*, so it is advised to delete the driver in PATH and retry</msg>
<msg time="2025-06-23T14:53:22.347248" level="WARN">Keyword 'Capture Page Screenshot' could not be run on failure: Message: invalid session id
Stacktrace:
	GetHandleVerifier [0x00007FF7EB6CCF65+75717]
	GetHandleVerifier [0x00007FF7EB6CCFC0+75808]
	(No symbol) [0x00007FF7EB498DCC]
	(No symbol) [0x00007FF7EB4DF54F]
	(No symbol) [0x00007FF7EB517242]
	(No symbol) [0x00007FF7EB511C63]
	(No symbol) [0x00007FF7EB510D29]
	(No symbol) [0x00007FF7EB465A55]
	GetHandleVerifier [0x00007FF7EB9CD74D+3223469]
	GetHandleVerifier [0x00007FF7EB9C7CF2+3200338]
	GetHandleVerifier [0x00007FF7EB9E5B23+3322755]
	GetHandleVerifier [0x00007FF7EB6E6A3A+180890]
	GetHandleVerifier [0x00007FF7EB6EE13F+211359]
	(No symbol) [0x00007FF7EB464AC8]
	GetHandleVerifier [0x00007FF7EBAB6FF8+4180056]
	BaseThreadInitThunk [0x00007FFC8E6E259D+29]
	RtlUserThreadStart [0x00007FFC8F1AAF78+40]
</msg>
</errors>
</robot>
