<?xml version="1.0" encoding="UTF-8"?>
<robot generator="Robot 7.0.1 (Python 3.8.7 on win32)" generated="2025-04-10T18:43:47.060618" rpa="false" schemaversion="5">
<suite id="s1" name="ปปง1-03 Testcase2" source="D:\AML_Project\Testcase\AMLO\ปปง1-03\ปปง1-03_testcase2.robot">
<test id="s1-t1" name="1.open web IBank &amp; Login" line="31">
<kw name="Enteropen web IBank &amp; Login" owner="main_keywords">
<kw name="Open Browser" owner="SeleniumLibrary">
<msg time="2025-04-10T18:43:47.404347" level="INFO">Opening browser 'chrome' to base url 'https://172.26.59.117/login'.</msg>
<msg time="2025-04-10T18:43:48.568270" level="WARN">The chromedriver version (134.0.6998.88) detected in PATH at C:\Users\suravesi\AppData\Local\Programs\Python\Python38\chromedriver.exe might not be compatible with the detected chrome version (135.0.7049.85); currently, chromedriver 135.0.7049.84 is recommended for chrome 135.*, so it is advised to delete the driver in PATH and retry</msg>
<arg>${URL:IBank}</arg>
<arg>${Browser}</arg>
<arg>options=add_argument("--ignore-certificate-errors")</arg>
<doc>Opens a new browser instance to the optional ``url``.</doc>
<status status="PASS" start="2025-04-10T18:43:47.404347" elapsed="5.008140"/>
</kw>
<kw name="Maximize Browser Window" owner="SeleniumLibrary">
<doc>Maximizes current browser window.</doc>
<status status="PASS" start="2025-04-10T18:43:52.412487" elapsed="0.031507"/>
</kw>
<kw name="Set Selenium Speed" owner="SeleniumLibrary">
<arg>0.5s</arg>
<doc>Sets the delay that is waited after each Selenium command.</doc>
<status status="PASS" start="2025-04-10T18:43:52.445002" elapsed="0.000000"/>
</kw>
<kw name="Wait Until Element Is Visible" owner="SeleniumLibrary">
<arg>xpath=//input[contains(@class, 'inputLogin')]</arg>
<arg>5s</arg>
<doc>Waits until the element ``locator`` is visible.</doc>
<status status="PASS" start="2025-04-10T18:43:52.445002" elapsed="1.754055"/>
</kw>
<kw name="Input Text" owner="SeleniumLibrary">
<msg time="2025-04-10T18:43:54.200073" level="INFO">Typing text 'ittikornc' into text field 'xpath=//input[contains(@class, 'inputLogin')]'.</msg>
<arg>xpath=//input[contains(@class, 'inputLogin')]</arg>
<arg>${ID:dammi}</arg>
<doc>Types the given ``text`` into the text field identified by ``locator``.</doc>
<status status="PASS" start="2025-04-10T18:43:54.200073" elapsed="1.623975"/>
</kw>
<kw name="Input Password" owner="SeleniumLibrary">
<msg time="2025-04-10T18:43:55.826065" level="INFO">Typing password into text field 'xpath=//input[contains(@class, 'inputLogin') and @type='password']'.</msg>
<msg time="2025-04-10T18:43:56.870821" level="INFO">Temporally setting log level to: NONE</msg>
<arg>xpath=//input[contains(@class, 'inputLogin') and @type='password']</arg>
<arg>${password:dammi}</arg>
<doc>Types the given password into the text field identified by ``locator``.</doc>
<status status="PASS" start="2025-04-10T18:43:55.825062" elapsed="1.592617"/>
</kw>
<kw name="Click Element" owner="SeleniumLibrary">
<msg time="2025-04-10T18:43:57.418685" level="INFO">Clicking element '//button[contains(@class, 'mat-raised-button')]'.</msg>
<arg>//button[contains(@class, 'mat-raised-button')]</arg>
<doc>Click the element identified by ``locator``.</doc>
<status status="PASS" start="2025-04-10T18:43:57.417679" elapsed="1.086711"/>
</kw>
<status status="PASS" start="2025-04-10T18:43:47.403347" elapsed="11.101043"/>
</kw>
<kw name="Run Keyword And Ignore Error" owner="BuiltIn">
<kw name="ยืนยันการเข้าระบบ" owner="main_keywords">
<kw name="Click Element" owner="SeleniumLibrary">
<msg time="2025-04-10T18:43:58.506387" level="INFO">Clicking element '//button[contains(@class, 'mat-raised-button')]//i[contains(@class, 'fa-check')]'.</msg>
<msg time="2025-04-10T18:43:59.709038" level="INFO" html="true">&lt;/td&gt;&lt;/tr&gt;&lt;tr&gt;&lt;td colspan="3"&gt;&lt;a href="selenium-screenshot-21.png"&gt;&lt;img src="selenium-screenshot-21.png" width="800px"&gt;&lt;/a&gt;</msg>
<msg time="2025-04-10T18:43:59.710040" level="FAIL">Element with locator '//button[contains(@class, 'mat-raised-button')]//i[contains(@class, 'fa-check')]' not found.</msg>
<arg>//button[contains(@class, 'mat-raised-button')]//i[contains(@class, 'fa-check')]</arg>
<doc>Click the element identified by ``locator``.</doc>
<status status="FAIL" start="2025-04-10T18:43:58.506387" elapsed="1.213130">Element with locator '//button[contains(@class, 'mat-raised-button')]//i[contains(@class, 'fa-check')]' not found.</status>
</kw>
<status status="FAIL" start="2025-04-10T18:43:58.505385" elapsed="1.214132">Element with locator '//button[contains(@class, 'mat-raised-button')]//i[contains(@class, 'fa-check')]' not found.</status>
</kw>
<arg>ยืนยันการเข้าระบบ</arg>
<doc>Runs the given keyword with the given arguments and ignores possible error.</doc>
<status status="PASS" start="2025-04-10T18:43:58.505385" elapsed="1.214132"/>
</kw>
<kw name="Run Keyword And Ignore Error" owner="BuiltIn">
<kw name="ยืนยันการข้าม Pop-up" owner="main_keywords">
<kw name="Click Element" owner="SeleniumLibrary">
<msg time="2025-04-10T18:43:59.721532" level="INFO">Clicking element '//button//span[contains(text(), 'รับทราบ')]'.</msg>
<msg time="2025-04-10T18:44:00.858358" level="INFO" html="true">&lt;/td&gt;&lt;/tr&gt;&lt;tr&gt;&lt;td colspan="3"&gt;&lt;a href="selenium-screenshot-22.png"&gt;&lt;img src="selenium-screenshot-22.png" width="800px"&gt;&lt;/a&gt;</msg>
<msg time="2025-04-10T18:44:00.858358" level="FAIL">Element with locator '//button//span[contains(text(), 'รับทราบ')]' not found.</msg>
<arg>//button//span[contains(text(), 'รับทราบ')]</arg>
<doc>Click the element identified by ``locator``.</doc>
<status status="FAIL" start="2025-04-10T18:43:59.721532" elapsed="1.137826">Element with locator '//button//span[contains(text(), 'รับทราบ')]' not found.</status>
</kw>
<status status="FAIL" start="2025-04-10T18:43:59.720535" elapsed="1.139822">Element with locator '//button//span[contains(text(), 'รับทราบ')]' not found.</status>
</kw>
<arg>ยืนยันการข้าม Pop-up</arg>
<doc>Runs the given keyword with the given arguments and ignores possible error.</doc>
<status status="PASS" start="2025-04-10T18:43:59.720535" elapsed="1.139822"/>
</kw>
<doc>ทดสอบการยื่นคำร้อง manual ของ ปปง.1-03 กรณี ยื่นคำร้องเอง</doc>
<status status="PASS" start="2025-04-10T18:43:47.402347" elapsed="13.458010"/>
</test>
<test id="s1-t2" name="2.เลือก AML &amp; ยื่นคำร้อง" line="37">
<kw name="Select the Submit Request menu" owner="keywords_Testcase_1-03">
<kw name="Click Element" owner="SeleniumLibrary">
<msg time="2025-04-10T18:44:00.864837" level="INFO">Clicking element 'xpath=//a[contains(@class, 'sidebar-link') and .//div[contains(text(), 'AML-ไทย')]]'.</msg>
<arg>${AML-ไทย}</arg>
<doc>Click the element identified by ``locator``.</doc>
<status status="PASS" start="2025-04-10T18:44:00.863359" elapsed="1.089147"/>
</kw>
<kw name="Click Element" owner="SeleniumLibrary">
<msg time="2025-04-10T18:44:01.953507" level="INFO">Clicking element 'xpath=//a[contains(@class, 'mat-list-item') and contains(., 'ยื่นคำร้อง Manual')]'.</msg>
<arg>${ยื่นคำร้องManual}</arg>
<doc>Click the element identified by ``locator``.</doc>
<status status="PASS" start="2025-04-10T18:44:01.952506" elapsed="1.121854"/>
</kw>
<status status="PASS" start="2025-04-10T18:44:00.863359" elapsed="2.211001"/>
</kw>
<status status="PASS" start="2025-04-10T18:44:00.862358" elapsed="2.213495"/>
</test>
<test id="s1-t3" name="3.เลือกรายการ_ปปง1-03" line="40">
<kw name="เลือกรายการ_ปปง1-03" owner="keywords_Testcase_1-03">
<kw name="Click Element" owner="SeleniumLibrary">
<msg time="2025-04-10T18:44:03.079040" level="INFO">Clicking element 'xpath=//mat-select[@aria-labelledby='mat-select-value-1']'.</msg>
<arg>${ประเภทรายงาน}</arg>
<doc>Click the element identified by ``locator``.</doc>
<status status="PASS" start="2025-04-10T18:44:03.079040" elapsed="1.082792"/>
</kw>
<kw name="Click Element" owner="SeleniumLibrary">
<msg time="2025-04-10T18:44:04.162827" level="INFO">Clicking element 'xpath=//mat-option[@ng-reflect-value='1-03']'.</msg>
<arg>${ปปง.1-03}</arg>
<doc>Click the element identified by ``locator``.</doc>
<status status="PASS" start="2025-04-10T18:44:04.161832" elapsed="1.072386"/>
</kw>
<status status="PASS" start="2025-04-10T18:44:03.078042" elapsed="2.156176"/>
</kw>
<status status="PASS" start="2025-04-10T18:44:03.075853" elapsed="2.158365"/>
</test>
<test id="s1-t4" name="4.รายงานล่าช้า &amp; ไม่ใช่ลูกค้าธนาคาร" line="44">
<kw name="ยื่นคำร้องรายงานล่าช้า &amp; พบพฤติกรรม &amp;ไม่ใช่ลูกค้าธนาคาร" owner="keywords_Testcase_1-03">
<kw name="Click Element" owner="SeleniumLibrary">
<msg time="2025-04-10T18:44:05.239225" level="INFO">Clicking element 'xpath=//mat-radio-button[@ng-reflect-value='01']'.</msg>
<arg>${รายงานเนื่องจาก_รายงานตัวช้า}</arg>
<doc>Click the element identified by ``locator``.</doc>
<status status="PASS" start="2025-04-10T18:44:05.238225" elapsed="1.090459"/>
</kw>
<kw name="Click Element" owner="SeleniumLibrary">
<msg time="2025-04-10T18:44:06.330686" level="INFO">Clicking element '(//mat-radio-button[@ng-reflect-value='01'])[2]'.</msg>
<arg>${แหล่งที่มาของเหตุอันควรสงสัย_พบพฤติกรรม/รายการทำธุรกรรมของลูกค้าที่มีเหตุอันควรสงสัย}</arg>
<doc>Click the element identified by ``locator``.</doc>
<status status="PASS" start="2025-04-10T18:44:06.329689" elapsed="1.063814"/>
</kw>
<kw name="Click Element" owner="SeleniumLibrary">
<msg time="2025-04-10T18:44:07.394501" level="INFO">Clicking element 'xpath=//mat-radio-button[@ng-reflect-value="NOT_CUSTOMER"]'.</msg>
<arg>${ค้าหาข้อมูลจากลูกค้าด้วย_บัตรประจำตัว_ไม่ใช้ลูกค้าธนาคาร}</arg>
<doc>Click the element identified by ``locator``.</doc>
<status status="PASS" start="2025-04-10T18:44:07.394501" elapsed="1.071506"/>
</kw>
<kw name="Click Element" owner="SeleniumLibrary">
<msg time="2025-04-10T18:44:08.468012" level="INFO">Clicking element 'xpath=//button[@mat-raised-button]'.</msg>
<arg>${ยื่นคำร้องManual_ถัดไป}</arg>
<doc>Click the element identified by ``locator``.</doc>
<status status="PASS" start="2025-04-10T18:44:08.467009" elapsed="1.208051"/>
</kw>
<status status="PASS" start="2025-04-10T18:44:05.238225" elapsed="4.436835"/>
</kw>
<status status="PASS" start="2025-04-10T18:44:05.235220" elapsed="4.440855"/>
</test>
<test id="s1-t5" name="5.ส่วนที่1" line="48">
<kw name="สุ่มเลขบัตร13หลัก" owner="AMLO Variables">
<kw name="Evaluate" owner="BuiltIn">
<msg time="2025-04-10T18:44:09.681075" level="INFO">${random_number} = 4625213333420</msg>
<var>${random_number}</var>
<arg>random.randint(${MIN}, ${MAX})</arg>
<arg>modules=random</arg>
<doc>Evaluates the given expression in Python and returns the result.</doc>
<status status="PASS" start="2025-04-10T18:44:09.680077" elapsed="0.000998"/>
</kw>
<kw name="Set Suite Variable" owner="BuiltIn">
<msg time="2025-04-10T18:44:09.682075" level="INFO">${random_number} = 4625213333420</msg>
<arg>${random_number}</arg>
<arg>${random_number}</arg>
<doc>Makes a variable available everywhere within the scope of the current suite.</doc>
<status status="PASS" start="2025-04-10T18:44:09.682075" elapsed="0.000000"/>
</kw>
<return>
<value>${random_number}</value>
<status status="PASS" start="2025-04-10T18:44:09.682075" elapsed="0.000000"/>
</return>
<status status="PASS" start="2025-04-10T18:44:09.680077" elapsed="0.002997"/>
</kw>
<kw name="ใช้งานเลขบัตร" owner="AMLO Variables">
<kw name="สุ่มเลขบัตร13หลัก" owner="AMLO Variables">
<kw name="Evaluate" owner="BuiltIn">
<msg time="2025-04-10T18:44:09.685075" level="INFO">${random_number} = 4718107797341</msg>
<var>${random_number}</var>
<arg>random.randint(${MIN}, ${MAX})</arg>
<arg>modules=random</arg>
<doc>Evaluates the given expression in Python and returns the result.</doc>
<status status="PASS" start="2025-04-10T18:44:09.684076" elapsed="0.000999"/>
</kw>
<kw name="Set Suite Variable" owner="BuiltIn">
<msg time="2025-04-10T18:44:09.686075" level="INFO">${random_number} = 4718107797341</msg>
<arg>${random_number}</arg>
<arg>${random_number}</arg>
<doc>Makes a variable available everywhere within the scope of the current suite.</doc>
<status status="PASS" start="2025-04-10T18:44:09.685075" elapsed="0.001000"/>
</kw>
<return>
<value>${random_number}</value>
<status status="PASS" start="2025-04-10T18:44:09.686075" elapsed="0.000000"/>
</return>
<msg time="2025-04-10T18:44:09.686075" level="INFO">${เลขที่บัตร} = 4718107797341</msg>
<var>${เลขที่บัตร}</var>
<status status="PASS" start="2025-04-10T18:44:09.684076" elapsed="0.001999"/>
</kw>
<kw name="Set Suite Variable" owner="BuiltIn">
<msg time="2025-04-10T18:44:09.687075" level="INFO">${เลขที่บัตร} = 4718107797341</msg>
<arg>${เลขที่บัตร}</arg>
<arg>${เลขที่บัตร}</arg>
<doc>Makes a variable available everywhere within the scope of the current suite.</doc>
<status status="PASS" start="2025-04-10T18:44:09.687075" elapsed="0.000000"/>
</kw>
<return>
<value>${เลขที่บัตร}</value>
<status status="PASS" start="2025-04-10T18:44:09.687075" elapsed="0.000000"/>
</return>
<status status="PASS" start="2025-04-10T18:44:09.683074" elapsed="0.005003"/>
</kw>
<kw name="ส่วนที่1 ระบุข้อมูล(ทำธุรกรรมด้วยตนเอง)" owner="keywords_Testcase_1-03">
<kw name="Input Text" owner="SeleniumLibrary">
<msg time="2025-04-10T18:44:09.689076" level="INFO">Typing text 'test' into text field 'xpath=//textarea[@ng-reflect-maxlength='2000']'.</msg>
<arg>${เหตุผลการรายงาน Mannual_เหตุผลในการรายงาน}</arg>
<arg>${เหตุผลในการรายงาน}</arg>
<doc>Types the given ``text`` into the text field identified by ``locator``.</doc>
<status status="PASS" start="2025-04-10T18:44:09.689076" elapsed="1.623626"/>
</kw>
<kw name="Click Element" owner="SeleniumLibrary">
<msg time="2025-04-10T18:44:11.313723" level="INFO">Clicking element 'xpath=//mat-select[@name='prefix']'.</msg>
<arg>${1.1_คำนำหน้าชื่อ}</arg>
<doc>Click the element identified by ``locator``.</doc>
<status status="PASS" start="2025-04-10T18:44:11.313723" elapsed="1.113965"/>
</kw>
<kw name="Click Element" owner="SeleniumLibrary">
<msg time="2025-04-10T18:44:12.428689" level="INFO">Clicking element 'xpath=//mat-option[@ng-reflect-value='นาย']'.</msg>
<arg>${1.1_คำนำหน้าชื่อ_เลือก}</arg>
<doc>Click the element identified by ``locator``.</doc>
<status status="PASS" start="2025-04-10T18:44:12.427688" elapsed="1.090050"/>
</kw>
<kw name="Input Text" owner="SeleniumLibrary">
<msg time="2025-04-10T18:44:13.518695" level="INFO">Typing text 'ลองเทส' into text field 'xpath=(//input[contains(@class, 'mat-input-element') and @maxlength='250' and @required])[1]'.</msg>
<arg>${1.1_ชื่อ}</arg>
<arg>${ชื่อ}</arg>
<doc>Types the given ``text`` into the text field identified by ``locator``.</doc>
<status status="PASS" start="2025-04-10T18:44:13.518695" elapsed="1.620104"/>
</kw>
<kw name="Input Text" owner="SeleniumLibrary">
<msg time="2025-04-10T18:44:15.140802" level="INFO">Typing text 'สุดหล่อ' into text field 'xpath=(//input[contains(@class, 'mat-input-element') and @maxlength='250' and @required])[2]'.</msg>
<arg>${1.1_นามสกุล}</arg>
<arg>${นามสกุล}</arg>
<doc>Types the given ``text`` into the text field identified by ``locator``.</doc>
<status status="PASS" start="2025-04-10T18:44:15.139801" elapsed="1.625915"/>
</kw>
<kw name="Input Text" owner="SeleniumLibrary">
<msg time="2025-04-10T18:44:16.767718" level="INFO">Typing text '4718107797341' into text field 'xpath=//input[@ng-reflect-maxlength='13']'.</msg>
<arg>${1.1_เอกสารประจำตัว_เลขที่}</arg>
<arg>${เลขที่บัตร}</arg>
<doc>Types the given ``text`` into the text field identified by ``locator``.</doc>
<status status="PASS" start="2025-04-10T18:44:16.766714" elapsed="1.688359"/>
</kw>
<kw name="Click Element" owner="SeleniumLibrary">
<msg time="2025-04-10T18:44:18.456094" level="INFO">Clicking element 'xpath=//mat-radio-button[contains(@class, 'mat-radio-button mat-accent') and @ng-reflect-value='0']'.</msg>
<arg>${1.1_เอกสารประจำตัว_ทำธุรกรรมด้วยตนเอง}</arg>
<doc>Click the element identified by ``locator``.</doc>
<status status="PASS" start="2025-04-10T18:44:18.456094" elapsed="1.081600"/>
</kw>
<kw name="Input Text" owner="SeleniumLibrary">
<msg time="2025-04-10T18:44:19.539691" level="INFO">Typing text 'เทส' into text field 'xpath=//input[contains(@class, 'mat-input-element') and @maxlength='300']'.</msg>
<arg>${1.2_ที่อยู่}</arg>
<arg>${ที่อยู่}</arg>
<doc>Types the given ``text`` into the text field identified by ``locator``.</doc>
<status status="PASS" start="2025-04-10T18:44:19.538697" elapsed="1.620311"/>
</kw>
<kw name="Click Element" owner="SeleniumLibrary">
<msg time="2025-04-10T18:44:21.161141" level="INFO">Clicking element '(//mat-select[@name='countryCode'])[1]'.</msg>
<arg>${1.2_ประเทศ}</arg>
<doc>Click the element identified by ``locator``.</doc>
<status status="PASS" start="2025-04-10T18:44:21.160105" elapsed="1.106579"/>
</kw>
<kw name="Click Element" owner="SeleniumLibrary">
<msg time="2025-04-10T18:44:22.267695" level="INFO">Clicking element 'xpath=//mat-option[span[contains(text(), 'ไทย')]]'.</msg>
<arg>${1.2_ที่อยู่_ประเทศ_ไทย}</arg>
<doc>Click the element identified by ``locator``.</doc>
<status status="PASS" start="2025-04-10T18:44:22.267695" elapsed="1.073998"/>
</kw>
<kw name="Click Element" owner="SeleniumLibrary">
<msg time="2025-04-10T18:44:23.344072" level="INFO">Clicking element '(//mat-select[.//span[contains(text(),'โปรดระบุ')]])[1]'.</msg>
<arg>${1.2_ที่อยู่_ประเทศ_จังหวัด}</arg>
<doc>Click the element identified by ``locator``.</doc>
<status status="PASS" start="2025-04-10T18:44:23.343057" elapsed="1.087912"/>
</kw>
<kw name="Click Element" owner="SeleniumLibrary">
<msg time="2025-04-10T18:44:24.433033" level="INFO">Clicking element 'xpath=//mat-option[.//span[contains(text(),'กรุงเทพมหานคร')]]'.</msg>
<arg>${1.2_ที่อยู่_ประเทศ_จังหวัด_เลือก}</arg>
<doc>Click the element identified by ``locator``.</doc>
<status status="PASS" start="2025-04-10T18:44:24.432017" elapsed="1.101029"/>
</kw>
<kw name="Click Element" owner="SeleniumLibrary">
<msg time="2025-04-10T18:44:25.534049" level="INFO">Clicking element '(//mat-select[.//span[contains(text(),'โปรดระบุ')]])[1]'.</msg>
<arg>${1.2_ที่อยู่_ประเทศ_อำเภอ}</arg>
<doc>Click the element identified by ``locator``.</doc>
<status status="PASS" start="2025-04-10T18:44:25.534049" elapsed="1.092530"/>
</kw>
<kw name="Click Element" owner="SeleniumLibrary">
<msg time="2025-04-10T18:44:26.627594" level="INFO">Clicking element 'xpath=//mat-option[.//span[contains(text(),'เขตจตุจักร')]]'.</msg>
<arg>${1.2_ที่อยู่_ประเทศ_อำเภอ_เลือก}</arg>
<doc>Click the element identified by ``locator``.</doc>
<status status="PASS" start="2025-04-10T18:44:26.626579" elapsed="1.090069"/>
</kw>
<kw name="Click Element" owner="SeleniumLibrary">
<msg time="2025-04-10T18:44:27.717652" level="INFO">Clicking element '(//mat-select[.//span[contains(text(),'โปรดระบุ')]])[1]'.</msg>
<arg>${1.2_ที่อยู่_ประเทศ_ตำบล}</arg>
<doc>Click the element identified by ``locator``.</doc>
<status status="PASS" start="2025-04-10T18:44:27.717652" elapsed="1.084888"/>
</kw>
<kw name="Click Element" owner="SeleniumLibrary">
<msg time="2025-04-10T18:44:28.804542" level="INFO">Clicking element 'xpath=//mat-option[.//span[contains(text(),'จตุจักร')]]'.</msg>
<arg>${1.2_ที่อยู่_ประเทศ_ตำบล_เลือก}</arg>
<doc>Click the element identified by ``locator``.</doc>
<status status="PASS" start="2025-04-10T18:44:28.803543" elapsed="1.085180"/>
</kw>
<kw name="Input Text" owner="SeleniumLibrary">
<msg time="2025-04-10T18:44:29.890252" level="INFO">Typing text '21229' into text field '(//input[@ng-reflect-maxlength='5'])[1]'.</msg>
<arg>${1.2_ที่อยู่_ประเทศ_รหัสไปรษณีย์_เลข}</arg>
<arg>${รหัสไปรษณีย์}</arg>
<doc>Types the given ``text`` into the text field identified by ``locator``.</doc>
<status status="PASS" start="2025-04-10T18:44:29.889741" elapsed="1.640052"/>
</kw>
<kw name="Click Element" owner="SeleniumLibrary">
<msg time="2025-04-10T18:44:31.530895" level="INFO">Clicking element 'xpath=//mat-select[@name='occupationType']'.</msg>
<arg>${1.3อาชีพ}</arg>
<doc>Click the element identified by ``locator``.</doc>
<status status="PASS" start="2025-04-10T18:44:31.530895" elapsed="1.087829"/>
</kw>
<kw name="Click Element" owner="SeleniumLibrary">
<msg time="2025-04-10T18:44:32.620715" level="INFO">Clicking element 'xpath=//mat-option[.//span[contains(text(), 'อาชีพอิสระ')]]'.</msg>
<arg>${1.3อาชีพ_เลือก}</arg>
<doc>Click the element identified by ``locator``.</doc>
<status status="PASS" start="2025-04-10T18:44:32.619718" elapsed="1.103937"/>
</kw>
<kw name="Input Text" owner="SeleniumLibrary">
<msg time="2025-04-10T18:44:33.724654" level="INFO">Typing text '0987654321123' into text field 'xpath=(//input[@ng-reflect-maxlength='13'])[2]'.</msg>
<arg>${1.5_เลขที่}</arg>
<arg>${เลขที่บัตร2}</arg>
<doc>Types the given ``text`` into the text field identified by ``locator``.</doc>
<status status="PASS" start="2025-04-10T18:44:33.724654" elapsed="1.694899"/>
</kw>
<status status="PASS" start="2025-04-10T18:44:09.688077" elapsed="25.731476"/>
</kw>
<kw name="ส่วนที่1 บันทึกและไปหน้าถัดไป" owner="keywords_Testcase_1-03">
<kw name="Click Element" owner="SeleniumLibrary">
<msg time="2025-04-10T18:44:35.422551" level="INFO">Clicking element 'xpath=//button[.//span[contains(text(), 'บันทึก')]]'.</msg>
<arg>${ส่วนที่1_บีนทึก}</arg>
<doc>Click the element identified by ``locator``.</doc>
<status status="PASS" start="2025-04-10T18:44:35.421552" elapsed="1.082916"/>
</kw>
<kw name="Sleep" owner="BuiltIn">
<msg time="2025-04-10T18:44:37.510273" level="INFO">Slept 1 second.</msg>
<arg>1s</arg>
<doc>Pauses the test executed for the given time.</doc>
<status status="PASS" start="2025-04-10T18:44:36.504468" elapsed="1.005805"/>
</kw>
<kw name="Click Element" owner="SeleniumLibrary">
<msg time="2025-04-10T18:44:37.511272" level="INFO">Clicking element '//button[.//span[contains(text(), 'ตกลง')]]'.</msg>
<arg>${ส่วนที่1_ตกลง}</arg>
<doc>Click the element identified by ``locator``.</doc>
<status status="PASS" start="2025-04-10T18:44:37.511272" elapsed="1.086565"/>
</kw>
<kw name="Click Element" owner="SeleniumLibrary">
<msg time="2025-04-10T18:44:38.599826" level="INFO">Clicking element '//button[contains(@class, 'mat-raised-button') and .//span[contains(text(), 'ถัดไป')]]'.</msg>
<arg>${ส่วนที่1_ถัดไป}</arg>
<doc>Click the element identified by ``locator``.</doc>
<status status="PASS" start="2025-04-10T18:44:38.598828" elapsed="1.103289"/>
</kw>
<status status="PASS" start="2025-04-10T18:44:35.420554" elapsed="4.281563"/>
</kw>
<status status="PASS" start="2025-04-10T18:44:09.678082" elapsed="30.025036"/>
</test>
<test id="s1-t6" name="6.ส่วนที่2" line="53">
<kw name="ส่วนที่2 ถัดไป" owner="keywords_Testcase_1-03">
<kw name="Click Element" owner="SeleniumLibrary">
<msg time="2025-04-10T18:44:39.708129" level="INFO">Clicking element '//button[contains(@class, 'mat-raised-button') and .//span[contains(text(), 'ถัดไป')]]'.</msg>
<arg>${ส่วนที่2_ถัดไป}</arg>
<doc>Click the element identified by ``locator``.</doc>
<status status="PASS" start="2025-04-10T18:44:39.707120" elapsed="1.080596"/>
</kw>
<status status="PASS" start="2025-04-10T18:44:39.706115" elapsed="1.081601"/>
</kw>
<status status="PASS" start="2025-04-10T18:44:39.705118" elapsed="1.083595"/>
</test>
<test id="s1-t7" name="7.รายงาน" line="55">
<kw name="เก็บรหัสCIF" owner="AMLO Variables">
<kw name="Wait Until Element Is Visible" owner="SeleniumLibrary">
<arg>${CIF_XPATH}</arg>
<arg>timeout=2s</arg>
<doc>Waits until the element ``locator`` is visible.</doc>
<status status="PASS" start="2025-04-10T18:44:40.791712" elapsed="1.035404"/>
</kw>
<kw name="Get Text" owner="SeleniumLibrary">
<msg time="2025-04-10T18:44:42.857221" level="INFO">${CIF} = MAN4718107797341</msg>
<var>${CIF}</var>
<arg>${CIF_XPATH}</arg>
<doc>Returns the text value of the element identified by ``locator``.</doc>
<status status="PASS" start="2025-04-10T18:44:41.828119" elapsed="1.029102"/>
</kw>
<kw name="Log To Console" owner="BuiltIn">
<arg>รหัสCIF ที่เก็บได้: ${CIF}</arg>
<doc>Logs the given message to the console.</doc>
<status status="PASS" start="2025-04-10T18:44:42.858220" elapsed="0.000000"/>
</kw>
<kw name="Set Suite Variable" owner="BuiltIn">
<msg time="2025-04-10T18:44:42.859728" level="INFO">${CIF} = MAN4718107797341</msg>
<arg>${CIF}</arg>
<arg>${CIF}</arg>
<doc>Makes a variable available everywhere within the scope of the current suite.</doc>
<status status="PASS" start="2025-04-10T18:44:42.859728" elapsed="0.000000"/>
</kw>
<return>
<value>${CIF}</value>
<status status="PASS" start="2025-04-10T18:44:42.860741" elapsed="0.000000"/>
</return>
<status status="PASS" start="2025-04-10T18:44:40.790716" elapsed="2.070025"/>
</kw>
<kw name="ส่วนที่ 3 พบความผิดปกติ" owner="keywords_Testcase_1-03">
<kw name="Click Element" owner="SeleniumLibrary">
<msg time="2025-04-10T18:44:42.880956" level="INFO">Clicking element '//mat-radio-button[label//span[contains(text(), 'พบความผิดปกติ')]]'.</msg>
<arg>${พบความผิดปกติ}</arg>
<doc>Click the element identified by ``locator``.</doc>
<status status="PASS" start="2025-04-10T18:44:42.861739" elapsed="1.086617"/>
</kw>
<kw name="Click Element" owner="SeleniumLibrary">
<msg time="2025-04-10T18:44:43.950358" level="INFO">Clicking element '//mat-radio-button[label//span[contains(text(), 'ขออนุมัติรายงานธุรกรรมที่มีเหตุอันควรสงสัย')]]'.</msg>
<arg>${ขออนุมัติรายงานธุรกรรมที่มีเหตุอันควรสงสัย}</arg>
<doc>Click the element identified by ``locator``.</doc>
<status status="PASS" start="2025-04-10T18:44:43.949362" elapsed="1.091654"/>
</kw>
<kw name="Input Text" owner="SeleniumLibrary">
<msg time="2025-04-10T18:44:45.042029" level="INFO">Typing text 'test' into text field '//textarea[contains(@class, 'mat-input-element')]'.</msg>
<arg>${3.เหตุผลประกอบการพิจารณา}</arg>
<arg>${เหตุผลประกอบการพิจารณา}</arg>
<doc>Types the given ``text`` into the text field identified by ``locator``.</doc>
<status status="PASS" start="2025-04-10T18:44:45.042029" elapsed="1.593688"/>
</kw>
<status status="PASS" start="2025-04-10T18:44:42.861739" elapsed="3.774996"/>
</kw>
<kw name="ส่วนที่ 3 บันทึกข้อมูล" owner="keywords_Testcase_1-03">
<kw name="เก็บรหัสCIF" owner="AMLO Variables">
<kw name="Wait Until Element Is Visible" owner="SeleniumLibrary">
<arg>${CIF_XPATH}</arg>
<arg>timeout=2s</arg>
<doc>Waits until the element ``locator`` is visible.</doc>
<status status="PASS" start="2025-04-10T18:44:46.638528" elapsed="1.029383"/>
</kw>
<kw name="Get Text" owner="SeleniumLibrary">
<msg time="2025-04-10T18:44:48.708886" level="INFO">${CIF} = MAN4718107797341</msg>
<var>${CIF}</var>
<arg>${CIF_XPATH}</arg>
<doc>Returns the text value of the element identified by ``locator``.</doc>
<status status="PASS" start="2025-04-10T18:44:47.668934" elapsed="1.041096"/>
</kw>
<kw name="Log To Console" owner="BuiltIn">
<arg>รหัสCIF ที่เก็บได้: ${CIF}</arg>
<doc>Logs the given message to the console.</doc>
<status status="PASS" start="2025-04-10T18:44:48.710030" elapsed="0.001038"/>
</kw>
<kw name="Set Suite Variable" owner="BuiltIn">
<msg time="2025-04-10T18:44:48.712047" level="INFO">${CIF} = MAN4718107797341</msg>
<arg>${CIF}</arg>
<arg>${CIF}</arg>
<doc>Makes a variable available everywhere within the scope of the current suite.</doc>
<status status="PASS" start="2025-04-10T18:44:48.711068" elapsed="0.000979"/>
</kw>
<return>
<value>${CIF}</value>
<status status="PASS" start="2025-04-10T18:44:48.712047" elapsed="0.000000"/>
</return>
<status status="PASS" start="2025-04-10T18:44:46.638528" elapsed="2.073519"/>
</kw>
<kw name="Click Element" owner="SeleniumLibrary">
<msg time="2025-04-10T18:44:48.712047" level="INFO">Clicking element 'xpath=//button[.//span[contains(text(), 'บันทึก')]]'.</msg>
<arg>${ส่วนที่1_บีนทึก}</arg>
<doc>Click the element identified by ``locator``.</doc>
<status status="PASS" start="2025-04-10T18:44:48.712047" elapsed="1.083041"/>
</kw>
<kw name="Sleep" owner="BuiltIn">
<msg time="2025-04-10T18:44:50.803172" level="INFO">Slept 1 second.</msg>
<arg>1s</arg>
<doc>Pauses the test executed for the given time.</doc>
<status status="PASS" start="2025-04-10T18:44:49.796464" elapsed="1.006708"/>
</kw>
<kw name="Click Element" owner="SeleniumLibrary">
<msg time="2025-04-10T18:44:50.805437" level="INFO">Clicking element '//button[.//span[contains(text(), 'ตกลง')]]'.</msg>
<arg>${ส่วนที่1_ตกลง}</arg>
<doc>Click the element identified by ``locator``.</doc>
<status status="PASS" start="2025-04-10T18:44:50.804413" elapsed="1.055547"/>
</kw>
<status status="PASS" start="2025-04-10T18:44:46.637505" elapsed="5.223570"/>
</kw>
<kw name="ส่วนที่ 3 ข้ออนุมัติ" owner="keywords_Testcase_1-03">
<kw name="Click Element" owner="SeleniumLibrary">
<msg time="2025-04-10T18:44:51.862998" level="INFO">Clicking element '//button//span[contains(text(), 'ขออนุมัติ')]'.</msg>
<arg>${ขออนุมัติ}</arg>
<doc>Click the element identified by ``locator``.</doc>
<status status="PASS" start="2025-04-10T18:44:51.862998" elapsed="1.073696"/>
</kw>
<kw name="Click Element" owner="SeleniumLibrary">
<msg time="2025-04-10T18:44:52.937702" level="INFO">Clicking element '//button//span[contains(text(), 'ยืนยัน')]'.</msg>
<arg>${ส่วนที่3_ยืนยัน}</arg>
<doc>Click the element identified by ``locator``.</doc>
<status status="PASS" start="2025-04-10T18:44:52.937702" elapsed="1.067854"/>
</kw>
<status status="PASS" start="2025-04-10T18:44:51.862000" elapsed="2.143556"/>
</kw>
<status status="PASS" start="2025-04-10T18:44:40.789715" elapsed="13.215841"/>
</test>
<test id="s1-t8" name="8.เปลี่ยนUserอนุมัติข้อมูล" line="61">
<kw name="กดปุ่มตกลง" owner="keywordการค้นหา">
<kw name="Sleep" owner="BuiltIn">
<msg time="2025-04-10T18:44:57.021841" level="INFO">Slept 3 seconds.</msg>
<arg>3s</arg>
<doc>Pauses the test executed for the given time.</doc>
<status status="PASS" start="2025-04-10T18:44:54.007956" elapsed="3.013885"/>
</kw>
<kw name="Wait Until Element Is Visible" owner="SeleniumLibrary">
<arg>${ปุ่มตกลง}</arg>
<arg>5s</arg>
<doc>Waits until the element ``locator`` is visible.</doc>
<status status="PASS" start="2025-04-10T18:44:57.022916" elapsed="1.043676"/>
</kw>
<kw name="Click Element" owner="SeleniumLibrary">
<msg time="2025-04-10T18:44:58.067593" level="INFO">Clicking element '//button[.//span[contains(text(), 'ตกลง')]]'.</msg>
<arg>${ปุ่มตกลง}</arg>
<doc>Click the element identified by ``locator``.</doc>
<status status="PASS" start="2025-04-10T18:44:58.066592" elapsed="1.074404"/>
</kw>
<status status="PASS" start="2025-04-10T18:44:54.007956" elapsed="5.134076"/>
</kw>
<kw name="ออกจากระบบ" owner="main_keywords">
<kw name="Click Element" owner="SeleniumLibrary">
<msg time="2025-04-10T18:44:59.144032" level="INFO">Clicking element '//button//span[contains(text(), 'ออกจากระบบ')]'.</msg>
<arg>${ปุ่มออกจากระบบ}</arg>
<doc>Click the element identified by ``locator``.</doc>
<status status="PASS" start="2025-04-10T18:44:59.144032" elapsed="1.116835"/>
</kw>
<status status="PASS" start="2025-04-10T18:44:59.143027" elapsed="1.117840"/>
</kw>
<kw name="เข้าUserหัวหน้าอนุมัติข้อมูล" owner="main_keywords">
<kw name="Wait Until Element Is Visible" owner="SeleniumLibrary">
<arg>xpath=//input[contains(@class, 'inputLogin')]</arg>
<arg>5s</arg>
<doc>Waits until the element ``locator`` is visible.</doc>
<status status="PASS" start="2025-04-10T18:45:00.263269" elapsed="1.045903"/>
</kw>
<kw name="Input Text" owner="SeleniumLibrary">
<msg time="2025-04-10T18:45:01.310323" level="INFO">Typing text 'ANNDAK' into text field 'xpath=//input[contains(@class, 'inputLogin')]'.</msg>
<arg>xpath=//input[contains(@class, 'inputLogin')]</arg>
<arg>${ID:อนุมัติ}</arg>
<doc>Types the given ``text`` into the text field identified by ``locator``.</doc>
<status status="PASS" start="2025-04-10T18:45:01.310323" elapsed="1.590051"/>
</kw>
<kw name="Input Password" owner="SeleniumLibrary">
<msg time="2025-04-10T18:45:02.901387" level="INFO">Typing password into text field 'xpath=//input[contains(@class, 'inputLogin') and @type='password']'.</msg>
<msg time="2025-04-10T18:45:03.958716" level="INFO">Temporally setting log level to: NONE</msg>
<arg>xpath=//input[contains(@class, 'inputLogin') and @type='password']</arg>
<arg>${password:อนุมัติ}</arg>
<doc>Types the given password into the text field identified by ``locator``.</doc>
<status status="PASS" start="2025-04-10T18:45:02.901387" elapsed="1.618445"/>
</kw>
<kw name="Click Element" owner="SeleniumLibrary">
<msg time="2025-04-10T18:45:04.520848" level="INFO">Clicking element '//button[contains(@class, 'mat-raised-button')]'.</msg>
<arg>//button[contains(@class, 'mat-raised-button')]</arg>
<doc>Click the element identified by ``locator``.</doc>
<status status="PASS" start="2025-04-10T18:45:04.520848" elapsed="1.087090"/>
</kw>
<status status="PASS" start="2025-04-10T18:45:00.263269" elapsed="5.344669"/>
</kw>
<kw name="Run Keyword And Ignore Error" owner="BuiltIn">
<kw name="ยืนยันการเข้าระบบ" owner="main_keywords">
<kw name="Click Element" owner="SeleniumLibrary">
<msg time="2025-04-10T18:45:05.610964" level="INFO">Clicking element '//button[contains(@class, 'mat-raised-button')]//i[contains(@class, 'fa-check')]'.</msg>
<arg>//button[contains(@class, 'mat-raised-button')]//i[contains(@class, 'fa-check')]</arg>
<doc>Click the element identified by ``locator``.</doc>
<status status="PASS" start="2025-04-10T18:45:05.609966" elapsed="1.080720"/>
</kw>
<status status="PASS" start="2025-04-10T18:45:05.609966" elapsed="1.080720"/>
</kw>
<arg>ยืนยันการเข้าระบบ</arg>
<doc>Runs the given keyword with the given arguments and ignores possible error.</doc>
<status status="PASS" start="2025-04-10T18:45:05.608962" elapsed="1.081724"/>
</kw>
<kw name="Run Keyword And Ignore Error" owner="BuiltIn">
<kw name="ยืนยันการข้าม Pop-up" owner="main_keywords">
<kw name="Click Element" owner="SeleniumLibrary">
<msg time="2025-04-10T18:45:06.692683" level="INFO">Clicking element '//button//span[contains(text(), 'รับทราบ')]'.</msg>
<msg time="2025-04-10T18:45:07.863928" level="INFO" html="true">&lt;/td&gt;&lt;/tr&gt;&lt;tr&gt;&lt;td colspan="3"&gt;&lt;a href="selenium-screenshot-23.png"&gt;&lt;img src="selenium-screenshot-23.png" width="800px"&gt;&lt;/a&gt;</msg>
<msg time="2025-04-10T18:45:07.863928" level="FAIL">StaleElementReferenceException: Message: stale element reference: stale element not found in the current frame
  (Session info: chrome=135.0.7049.85); For documentation on this error, please visit: https://www.selenium.dev/documentation/webdriver/troubleshooting/errors#stale-element-reference-exception
Stacktrace:
	GetHandleVerifier [0x00007FF66991FE45+26629]
	(No symbol) [0x00007FF669886010]
	(No symbol) [0x00007FF66971931A]
	(No symbol) [0x00007FF669720C7C]
	(No symbol) [0x00007FF669723A3C]
	(No symbol) [0x00007FF669723B0F]
	(No symbol) [0x00007FF669771A2D]
	(No symbol) [0x00007FF669762810]
	(No symbol) [0x00007FF669797AAA]
	(No symbol) [0x00007FF669762156]
	(No symbol) [0x00007FF669797CC0]
	(No symbol) [0x00007FF6697C0169]
	(No symbol) [0x00007FF669797883]
	(No symbol) [0x00007FF669760550]
	(No symbol) [0x00007FF669761803]
	GetHandleVerifier [0x00007FF669C772BD+3529853]
	GetHandleVerifier [0x00007FF669C8DA22+3621858]
	GetHandleVerifier [0x00007FF669C824D3+3575443]
	GetHandleVerifier [0x00007FF6699EB77A+860474]
	(No symbol) [0x00007FF66989088F]
	(No symbol) [0x00007FF66988CBC4]
	(No symbol) [0x00007FF66988CD66]
	(No symbol) [0x00007FF66987C2C9]
	BaseThreadInitThunk [0x00007FFC83C9259D+29]
	RtlUserThreadStart [0x00007FFC84BCAF38+40]
</msg>
<arg>//button//span[contains(text(), 'รับทราบ')]</arg>
<doc>Click the element identified by ``locator``.</doc>
<status status="FAIL" start="2025-04-10T18:45:06.691683" elapsed="1.178608">StaleElementReferenceException: Message: stale element reference: stale element not found in the current frame
  (Session info: chrome=135.0.7049.85); For documentation on this error, please visit: https://www.selenium.dev/documentation/webdriver/troubleshooting/errors#stale-element-reference-exception
Stacktrace:
	GetHandleVerifier [0x00007FF66991FE45+26629]
	(No symbol) [0x00007FF669886010]
	(No symbol) [0x00007FF66971931A]
	(No symbol) [0x00007FF669720C7C]
	(No symbol) [0x00007FF669723A3C]
	(No symbol) [0x00007FF669723B0F]
	(No symbol) [0x00007FF669771A2D]
	(No symbol) [0x00007FF669762810]
	(No symbol) [0x00007FF669797AAA]
	(No symbol) [0x00007FF669762156]
	(No symbol) [0x00007FF669797CC0]
	(No symbol) [0x00007FF6697C0169]
	(No symbol) [0x00007FF669797883]
	(No symbol) [0x00007FF669760550]
	(No symbol) [0x00007FF669761803]
	GetHandleVerifier [0x00007FF669C772BD+3529853]
	GetHandleVerifier [0x00007FF669C8DA22+3621858]
	GetHandleVerifier [0x00007FF669C824D3+3575443]
	GetHandleVerifier [0x00007FF6699EB77A+860474]
	(No symbol) [0x00007FF66989088F]
	(No symbol) [0x00007FF66988CBC4]
	(No symbol) [0x00007FF66988CD66]
	(No symbol) [0x00007FF66987C2C9]
	BaseThreadInitThunk [0x00007FFC83C9259D+29]
	RtlUserThreadStart [0x00007FFC84BCAF38+40]
</status>
</kw>
<status status="FAIL" start="2025-04-10T18:45:06.691683" elapsed="1.178608">StaleElementReferenceException: Message: stale element reference: stale element not found in the current frame
  (Session info: chrome=135.0.7049.85); For documentation on this error, please visit: https://www.selenium.dev/documentation/webdriver/troubleshooting/errors#stale-element-reference-exception
Stacktrace:
	GetHandleVerifier [0x00007FF66991FE45+26629]
	(No symbol) [0x00007FF669886010]
	(No symbol) [0x00007FF66971931A]
	(No symbol) [0x00007FF669720C7C]
	(No symbol) [0x00007FF669723A3C]
	(No symbol) [0x00007FF669723B0F]
	(No symbol) [0x00007FF669771A2D]
	(No symbol) [0x00007FF669762810]
	(No symbol) [0x00007FF669797AAA]
	(No symbol) [0x00007FF669762156]
	(No symbol) [0x00007FF669797CC0]
	(No symbol) [0x00007FF6697C0169]
	(No symbol) [0x00007FF669797883]
	(No symbol) [0x00007FF669760550]
	(No symbol) [0x00007FF669761803]
	GetHandleVerifier [0x00007FF669C772BD+3529853]
	GetHandleVerifier [0x00007FF669C8DA22+3621858]
	GetHandleVerifier [0x00007FF669C824D3+3575443]
	GetHandleVerifier [0x00007FF6699EB77A+860474]
	(No symbol) [0x00007FF66989088F]
	(No symbol) [0x00007FF66988CBC4]
	(No symbol) [0x00007FF66988CD66]
	(No symbol) [0x00007FF66987C2C9]
	BaseThreadInitThunk [0x00007FFC83C9259D+29]
	RtlUserThreadStart [0x00007FFC84BCAF38+40]
</status>
</kw>
<arg>ยืนยันการข้าม Pop-up</arg>
<doc>Runs the given keyword with the given arguments and ignores possible error.</doc>
<status status="PASS" start="2025-04-10T18:45:06.691683" elapsed="1.178608"/>
</kw>
<status status="PASS" start="2025-04-10T18:44:54.006567" elapsed="13.865068"/>
</test>
<test id="s1-t9" name="9.เลือกรายการ" line="68">
<kw name="เลือกเมนูView Alert รายงาน ปปง. 1-01, 1-02, 1-03, 1-05-9" owner="AMLO Variables">
<kw name="Click Element" owner="SeleniumLibrary">
<msg time="2025-04-10T18:45:07.873654" level="INFO">Clicking element 'xpath=//a[contains(@class, 'mat-list-item') and contains(., ' View Alert รายงาน ปปง. 1-01, 1-02,1-03, 1-05-9 ')]'.</msg>
<arg>${View Alert รายงาน ปปง. 1-01, 1-02, 1-03, 1-05-9}</arg>
<doc>Click the element identified by ``locator``.</doc>
<status status="PASS" start="2025-04-10T18:45:07.873654" elapsed="1.159675"/>
</kw>
<status status="PASS" start="2025-04-10T18:45:07.872643" elapsed="1.160686"/>
</kw>
<kw name="ค้นหารายงานด้วย CIF" owner="keywordการค้นหา">
<kw name="Input Text" owner="SeleniumLibrary">
<msg time="2025-04-10T18:45:09.035332" level="INFO">Typing text 'MAN4718107797341' into text field '//input[@ng-reflect-name="cifNo"]'.</msg>
<arg>${ค้นหาCIF}</arg>
<arg>${CIF}</arg>
<doc>Types the given ``text`` into the text field identified by ``locator``.</doc>
<status status="PASS" start="2025-04-10T18:45:09.035332" elapsed="1.617427"/>
</kw>
<kw name="Sleep" owner="BuiltIn">
<msg time="2025-04-10T18:45:12.658988" level="INFO">Slept 2 seconds.</msg>
<arg>2s</arg>
<doc>Pauses the test executed for the given time.</doc>
<status status="PASS" start="2025-04-10T18:45:10.652759" elapsed="2.006229"/>
</kw>
<kw name="Wait Until Element Is Visible" owner="SeleniumLibrary">
<arg>${ปุ่มค้นหา}</arg>
<arg>5s</arg>
<doc>Waits until the element ``locator`` is visible.</doc>
<status status="PASS" start="2025-04-10T18:45:12.658988" elapsed="1.042275"/>
</kw>
<kw name="Click Element" owner="SeleniumLibrary">
<msg time="2025-04-10T18:45:13.702273" level="INFO">Clicking element '//button[.//span[contains(text(), 'ค้นหา')]]'.</msg>
<arg>${ปุ่มค้นหา}</arg>
<doc>Click the element identified by ``locator``.</doc>
<status status="PASS" start="2025-04-10T18:45:13.701263" elapsed="1.097221"/>
</kw>
<kw name="Sleep" owner="BuiltIn">
<msg time="2025-04-10T18:45:16.813180" level="INFO">Slept 2 seconds.</msg>
<arg>2s</arg>
<doc>Pauses the test executed for the given time.</doc>
<status status="PASS" start="2025-04-10T18:45:14.798484" elapsed="2.015208"/>
</kw>
<status status="PASS" start="2025-04-10T18:45:09.034325" elapsed="7.779367"/>
</kw>
<status status="PASS" start="2025-04-10T18:45:07.871635" elapsed="8.943068"/>
</test>
<test id="s1-t10" name="10.อนุมัติรายการ" line="71">
<kw name="เลือกส่งกลับคืนเพื่อแก้ไข" owner="keywordการค้นหา">
<kw name="Click Element" owner="SeleniumLibrary">
<msg time="2025-04-10T18:45:16.824979" level="INFO">Clicking element '//button[.//span[contains(text(), 'Approve')]]'.</msg>
<arg>${ปุ่มApprove}</arg>
<doc>Click the element identified by ``locator``.</doc>
<status status="PASS" start="2025-04-10T18:45:16.823978" elapsed="1.169244"/>
</kw>
<kw name="Click Element" owner="SeleniumLibrary">
<msg time="2025-04-10T18:45:17.994222" level="INFO">Clicking element '//button[.//span[contains(text(), 'ส่งกลับไปแก้ไข')]]'.</msg>
<arg>${ปุ่มส่งกลับไปแก้ไข}</arg>
<doc>Click the element identified by ``locator``.</doc>
<status status="PASS" start="2025-04-10T18:45:17.993222" elapsed="1.103021"/>
</kw>
<kw name="Input Text" owner="SeleniumLibrary">
<msg time="2025-04-10T18:45:19.098243" level="INFO">Typing text 'test' into text field '//textarea[@ng-reflect-maxlength='500']'.</msg>
<arg>${เหตุผลการส่งกลับ_xpath}</arg>
<arg>${เหตุผลการส่งกลับ}</arg>
<doc>Types the given ``text`` into the text field identified by ``locator``.</doc>
<status status="PASS" start="2025-04-10T18:45:19.097245" elapsed="1.605265"/>
</kw>
<kw name="Click Element" owner="SeleniumLibrary">
<msg time="2025-04-10T18:45:20.703510" level="INFO">Clicking element '//button[.//span[contains(text(), 'ตกลง')]]'.</msg>
<arg>${ปุ่มตกลง}</arg>
<doc>Click the element identified by ``locator``.</doc>
<status status="PASS" start="2025-04-10T18:45:20.703510" elapsed="1.058316"/>
</kw>
<status status="PASS" start="2025-04-10T18:45:16.822980" elapsed="4.939844"/>
</kw>
<status status="PASS" start="2025-04-10T18:45:16.817717" elapsed="4.946106"/>
</test>
<test id="s1-t11" name="จบการทำงาน" line="73">
<kw name="จบการทำงาน" owner="main_keywords">
<kw name="Sleep" owner="BuiltIn">
<msg time="2025-04-10T18:45:26.781203" level="INFO">Slept 5 seconds.</msg>
<arg>5s</arg>
<doc>Pauses the test executed for the given time.</doc>
<status status="PASS" start="2025-04-10T18:45:21.765817" elapsed="5.015386"/>
</kw>
<kw name="Capture Page Screenshot" owner="SeleniumLibrary">
<msg time="2025-04-10T18:45:27.425675" level="INFO" html="true">&lt;/td&gt;&lt;/tr&gt;&lt;tr&gt;&lt;td colspan="3"&gt;&lt;a href="selenium-screenshot-24.png"&gt;&lt;img src="selenium-screenshot-24.png" width="800px"&gt;&lt;/a&gt;</msg>
<doc>Takes a screenshot of the current page and embeds it into a log file.</doc>
<status status="PASS" start="2025-04-10T18:45:26.782222" elapsed="0.643453"/>
</kw>
<kw name="Log" owner="BuiltIn">
<msg time="2025-04-10T18:45:27.426673" level="INFO">Test Teardown Completed</msg>
<arg>Test Teardown Completed</arg>
<doc>Logs the given message with the given level.</doc>
<status status="PASS" start="2025-04-10T18:45:27.426673" elapsed="0.000000"/>
</kw>
<kw name="Close Browser" owner="SeleniumLibrary">
<doc>Closes the current browser.</doc>
<status status="PASS" start="2025-04-10T18:45:27.426673" elapsed="3.537221"/>
</kw>
<status status="PASS" start="2025-04-10T18:45:21.764818" elapsed="9.199076"/>
</kw>
<status status="PASS" start="2025-04-10T18:45:21.763823" elapsed="9.201060"/>
</test>
<status status="PASS" start="2025-04-10T18:43:47.070622" elapsed="103.895262"/>
</suite>
<statistics>
<total>
<stat pass="11" fail="0" skip="0">All Tests</stat>
</total>
<tag>
</tag>
<suite>
<stat pass="11" fail="0" skip="0" id="s1" name="ปปง1-03 Testcase2">ปปง1-03 Testcase2</stat>
</suite>
</statistics>
<errors>
<msg time="2025-04-10T18:43:47.363114" level="WARN">Error in file 'D:\AML_Project\Resources\Menu_name\AML\ยื่นคำร้อง Manual\AMLO Variables.robot' on line 23: The '[Return]' setting is deprecated. Use the 'RETURN' statement instead.</msg>
<msg time="2025-04-10T18:43:47.363114" level="WARN">Error in file 'D:\AML_Project\Resources\Menu_name\AML\ยื่นคำร้อง Manual\AMLO Variables.robot' on line 29: The '[Return]' setting is deprecated. Use the 'RETURN' statement instead.</msg>
<msg time="2025-04-10T18:43:47.364106" level="WARN">Error in file 'D:\AML_Project\Resources\Menu_name\AML\ยื่นคำร้อง Manual\AMLO Variables.robot' on line 33: The '[Return]' setting is deprecated. Use the 'RETURN' statement instead.</msg>
<msg time="2025-04-10T18:43:47.382106" level="ERROR">Error in file 'D:\AML_Project\Resources\Menu_name\AML\ยื่นคำร้อง Manual\ปปง1-03\ปปง1-03_va.robot' on line 126: Setting variable '${2.1_คำนำหน้าชื่อ_เลือก}' failed: Resolving variable '${คำนำหน้า_ส่วน2}' failed: Variable '${คำนำหน}' not found. Did you mean:
    ${คำนำหน้า}</msg>
<msg time="2025-04-10T18:43:47.386109" level="ERROR">Error in file 'D:\AML_Project\Resources\Menu_name\AML\ยื่นคำร้อง Manual\ปปง1-03\ปปง1-03_va.robot' on line 140: Setting variable '${2.2_ที่อยู่_ประเทศ_จังหวัด_เลือก}' failed: Resolving variable '${companyProvince_ส่วน2}' failed: Variable '${companyProvince_ส}' not found. Did you mean:
    ${companyProvince}</msg>
<msg time="2025-04-10T18:43:47.391109" level="ERROR">Error in file 'D:\AML_Project\Resources\Menu_name\AML\ยื่นคำร้อง Manual\ปปง1-03\ปปง1-03_va.robot' on line 144: Setting variable '${2.2_ที่อยู่_ประเทศ_ตำบล_เลือก}' failed: Resolving variable '${companySubdistrict_ส่วน2}' failed: Variable '${companySubdistrict_ส}' not found. Did you mean:
    ${companySubdistrict}
    ${companyDistrict}</msg>
<msg time="2025-04-10T18:43:47.396338" level="ERROR">Error in file 'D:\AML_Project\Resources\Menu_name\AML\ยื่นคำร้อง Manual\ปปง1-03\ปปง1-03_va.robot' on line 142: Setting variable '${2.2_ที่อยู่_ประเทศ_อำเภอ_เลือก}' failed: Resolving variable '${companyDistrict_ส่วน2}' failed: Variable '${companyDistrict_ส}' not found. Did you mean:
    ${companyDistrict}
    ${companySubdistrict}</msg>
<msg time="2025-04-10T18:43:47.400336" level="ERROR">Error in file 'D:\AML_Project\Resources\Menu_name\AML\ยื่นคำร้อง Manual\ปปง1-03\ปปง1-03_va.robot' on line 149: Setting variable '${2.3อาชีพ_เลือก}' failed: Resolving variable '${เลือกอาชีพ_ส่วน2}' failed: Variable '${เล}' not found.</msg>
<msg time="2025-04-10T18:43:48.568270" level="WARN">The chromedriver version (134.0.6998.88) detected in PATH at C:\Users\suravesi\AppData\Local\Programs\Python\Python38\chromedriver.exe might not be compatible with the detected chrome version (135.0.7049.85); currently, chromedriver 135.0.7049.84 is recommended for chrome 135.*, so it is advised to delete the driver in PATH and retry</msg>
</errors>
</robot>
